#
# There is insufficient memory for the Java Runtime Environment to continue.
# Native memory allocation (malloc) failed to allocate 1761616 bytes for Chunk::new
# Possible reasons:
#   The system is out of physical RAM or swap space
#   In 32 bit mode, the process size limit was hit
# Possible solutions:
#   Reduce memory load on the system
#   Increase physical memory or swap space
#   Check if swap backing store is full
#   Use 64 bit Java on a 64 bit OS
#   Decrease Java heap size (-Xmx/-Xms)
#   Decrease number of Java threads
#   Decrease Java thread stack sizes (-Xss)
#   Set larger code cache with -XX:ReservedCodeCacheSize=
# This output file may be truncated or incomplete.
#
#  Out of Memory Error (allocation.cpp:390), pid=12580, tid=0x0000000000001228
#
# JRE version: Java(TM) SE Runtime Environment (8.0_181-b13) (build 1.8.0_181-b13)
# Java VM: Java HotSpot(TM) 64-Bit Server VM (25.181-b13 mixed mode windows-amd64 compressed oops)
# Failed to write core dump. Minidumps are not enabled by default on client versions of Windows
#

---------------  T H R E A D  ---------------

Current thread (0x0000000016c15800):  JavaThread "C2 CompilerThread1" daemon [_thread_in_native, id=4648, stack(0x0000000017040000,0x0000000017140000)]

Stack: [0x0000000017040000,0x0000000017140000]
[error occurred during error reporting (printing stack bounds), id 0xc0000005]

Native frames: (J=compiled Java code, j=interpreted, Vv=VM code, C=native code)


Current CompileTask:
C2:  14900 5008       4       org.eclipse.jdt.internal.compiler.lookup.BinaryTypeBinding::createMethod (1613 bytes)


---------------  P R O C E S S  ---------------

Java Threads: ( => current thread )
  0x0000000018293800 JavaThread "DestroyJavaVM" [_thread_blocked, id=4324, stack(0x0000000002ae0000,0x0000000002be0000)]
  0x0000000018289800 JavaThread "http-nio-8080-Acceptor" daemon [_thread_in_native, id=13108, stack(0x00000000202b0000,0x00000000203b0000)]
  0x0000000018290800 JavaThread "http-nio-8080-ClientPoller" daemon [_thread_in_native, id=2684, stack(0x00000000201b0000,0x00000000202b0000)]
  0x000000001828f800 JavaThread "http-nio-8080-exec-10" daemon [_thread_blocked, id=10432, stack(0x000000001ffb0000,0x00000000200b0000)]
  0x0000000018288000 JavaThread "http-nio-8080-exec-9" daemon [_thread_blocked, id=12336, stack(0x000000001feb0000,0x000000001ffb0000)]
  0x000000001828f000 JavaThread "http-nio-8080-exec-8" daemon [_thread_blocked, id=2412, stack(0x000000001fdb0000,0x000000001feb0000)]
  0x000000001828c000 JavaThread "http-nio-8080-exec-7" daemon [_thread_blocked, id=8544, stack(0x000000001fcb0000,0x000000001fdb0000)]
  0x0000000018287800 JavaThread "http-nio-8080-exec-6" daemon [_thread_blocked, id=2828, stack(0x000000001fbb0000,0x000000001fcb0000)]
  0x000000001828a800 JavaThread "http-nio-8080-exec-5" daemon [_thread_blocked, id=11616, stack(0x000000001fab0000,0x000000001fbb0000)]
  0x000000001828e000 JavaThread "http-nio-8080-exec-4" daemon [_thread_blocked, id=6704, stack(0x000000001f9b0000,0x000000001fab0000)]
  0x000000001828d800 JavaThread "http-nio-8080-exec-3" daemon [_thread_blocked, id=14696, stack(0x000000001f8b0000,0x000000001f9b0000)]
  0x0000000018289000 JavaThread "http-nio-8080-exec-2" daemon [_thread_blocked, id=13060, stack(0x000000001f7b0000,0x000000001f8b0000)]
  0x000000001828c800 JavaThread "http-nio-8080-exec-1" daemon [_thread_blocked, id=10296, stack(0x000000001f6b0000,0x000000001f7b0000)]
  0x000000001828b000 JavaThread "http-nio-8080-BlockPoller" daemon [_thread_in_native, id=12804, stack(0x000000001f5b0000,0x000000001f6b0000)]
  0x000000001ada4000 JavaThread "cluster-ClusterId{value='5f61765b0db6c97a160e1e9a', description='null'}-cluster0-shard-00-02.ookg1.mongodb.net:27017" daemon [_thread_blocked, id=7620, stack(0x000000001ed70000,0x000000001ee70000)]
  0x000000001ada3800 JavaThread "cluster-ClusterId{value='5f61765b0db6c97a160e1e9a', description='null'}-cluster0-shard-00-00.ookg1.mongodb.net:27017" daemon [_thread_blocked, id=9128, stack(0x000000001ec70000,0x000000001ed70000)]
  0x000000001ada8000 JavaThread "cluster-ClusterId{value='5f61765b0db6c97a160e1e9a', description='null'}-cluster0-shard-00-01.ookg1.mongodb.net:27017" daemon [_thread_blocked, id=6192, stack(0x000000001eb70000,0x000000001ec70000)]
  0x000000001adaa000 JavaThread "cluster-ClusterId{value='5f61765b0db6c97a160e1e9a', description='null'}-srv-cluster0.ookg1.mongodb.net" daemon [_thread_blocked, id=7052, stack(0x000000001d800000,0x000000001d900000)]
  0x000000001ada7000 JavaThread "Thread-2" daemon [_thread_in_native, id=13224, stack(0x000000001d700000,0x000000001d800000)]
  0x000000001ada9800 JavaThread "container-0" [_thread_blocked, id=8636, stack(0x000000001d400000,0x000000001d500000)]
  0x000000001ada8800 JavaThread "Catalina-utility-2" [_thread_blocked, id=12768, stack(0x000000001d300000,0x000000001d400000)]
  0x000000001ada6800 JavaThread "Catalina-utility-1" [_thread_blocked, id=12304, stack(0x0000000019290000,0x0000000019390000)]
  0x0000000016cfb800 JavaThread "Service Thread" daemon [_thread_blocked, id=3564, stack(0x0000000017240000,0x0000000017340000)]
  0x0000000016c17800 JavaThread "C1 CompilerThread2" daemon [_thread_blocked, id=14476, stack(0x0000000017140000,0x0000000017240000)]
=>0x0000000016c15800 JavaThread "C2 CompilerThread1" daemon [_thread_in_native, id=4648, stack(0x0000000017040000,0x0000000017140000)]
  0x0000000016c15000 JavaThread "C2 CompilerThread0" daemon [_thread_blocked, id=2072, stack(0x0000000016f40000,0x0000000017040000)]
  0x0000000016c71800 JavaThread "Monitor Ctrl-Break" daemon [_thread_in_native, id=14744, stack(0x0000000016e40000,0x0000000016f40000)]
  0x00000000153f7800 JavaThread "Attach Listener" daemon [_thread_blocked, id=10512, stack(0x0000000016940000,0x0000000016a40000)]
  0x00000000153f4000 JavaThread "Signal Dispatcher" daemon [_thread_blocked, id=8492, stack(0x0000000016840000,0x0000000016940000)]
  0x0000000002dde000 JavaThread "Finalizer" daemon [_thread_blocked, id=14148, stack(0x0000000016640000,0x0000000016740000)]
  0x0000000002dd5000 JavaThread "Reference Handler" daemon [_thread_blocked, id=12584, stack(0x0000000016540000,0x0000000016640000)]

Other Threads:
  0x00000000153b7000 VMThread [stack: 0x0000000016440000,0x0000000016540000] [id=7536]
  0x0000000016d43800 WatcherThread [stack: 0x0000000017340000,0x0000000017440000] [id=4388]

VM state:not at safepoint (normal execution)

VM Mutex/Monitor currently owned by a thread: None

Heap:
 PSYoungGen      total 152576K, used 72139K [0x00000000eb180000, 0x00000000f5800000, 0x0000000100000000)
  eden space 142848K, 43% used [0x00000000eb180000,0x00000000eee7a750,0x00000000f3d00000)
  from space 9728K, 99% used [0x00000000f4e80000,0x00000000f57f85d8,0x00000000f5800000)
  to   space 12288K, 0% used [0x00000000f4000000,0x00000000f4000000,0x00000000f4c00000)
 ParOldGen       total 45568K, used 14372K [0x00000000c1400000, 0x00000000c4080000, 0x00000000eb180000)
  object space 45568K, 31% used [0x00000000c1400000,0x00000000c22093c8,0x00000000c4080000)
 Metaspace       used 50459K, capacity 53292K, committed 53464K, reserved 1095680K
  class space    used 6109K, capacity 6584K, committed 6616K, reserved 1048576K

Card table byte_map: [0x00000000121a0000,0x00000000123a0000] byte_map_base: 0x0000000011b96000

Marking Bits: (ParMarkBitMap*) 0x0000000076842d00
 Begin Bits: [0x00000000128f0000, 0x00000000138a0000)
 End Bits:   [0x00000000138a0000, 0x0000000014850000)

Polling page: 0x00000000009f0000

CodeCache: size=245760Kb used=15522Kb max_used=15755Kb free=230237Kb
 bounds [0x0000000002de0000, 0x0000000003d60000, 0x0000000011de0000]
 total_blobs=4979 nmethods=4467 adapters=424
 compilation: enabled

Compilation events (10 events):
Event: 14.826 Thread 0x0000000016c17800 5150       1       org.springframework.web.servlet.mvc.condition.RequestMethodsRequestCondition::getMethods (5 bytes)
Event: 14.826 Thread 0x0000000016c17800 nmethod 5150 0x0000000003738c90 code [0x0000000003738de0, 0x0000000003738ef0]
Event: 14.826 Thread 0x0000000016c17800 5151       1       org.springframework.web.servlet.mvc.method.RequestMappingInfo::getPatternsCondition (5 bytes)
Event: 14.826 Thread 0x0000000016c17800 nmethod 5151 0x0000000003777bd0 code [0x0000000003777d20, 0x0000000003777e30]
Event: 14.826 Thread 0x0000000016c17800 5152       3       org.apache.catalina.connector.RequestFacade::setAttribute (33 bytes)
Event: 14.827 Thread 0x0000000016c17800 nmethod 5152 0x0000000003777610 code [0x00000000037777a0, 0x0000000003777a88]
Event: 14.832 Thread 0x0000000016c17800 5153       1       java.nio.channels.spi.AbstractSelector::cancelledKeys (5 bytes)
Event: 14.832 Thread 0x0000000016c17800 nmethod 5153 0x0000000003777290 code [0x00000000037773e0, 0x00000000037774f0]
Event: 14.833 Thread 0x0000000016c17800 5154       1       org.apache.coyote.AbstractProcessor::getErrorState (5 bytes)
Event: 14.833 Thread 0x0000000016c17800 nmethod 5154 0x00000000037c3bd0 code [0x00000000037c3d20, 0x00000000037c3e30]

GC Heap History (10 events):
Event: 4.368 GC heap before
{Heap before GC invocations=8 (full 1):
 PSYoungGen      total 73216K, used 65536K [0x00000000eb180000, 0x00000000f0080000, 0x0000000100000000)
  eden space 65536K, 100% used [0x00000000eb180000,0x00000000ef180000,0x00000000ef180000)
  from space 7680K, 0% used [0x00000000ef900000,0x00000000ef900000,0x00000000f0080000)
  to   space 7680K, 0% used [0x00000000ef180000,0x00000000ef180000,0x00000000ef900000)
 ParOldGen       total 33792K, used 6491K [0x00000000c1400000, 0x00000000c3500000, 0x00000000eb180000)
  object space 33792K, 19% used [0x00000000c1400000,0x00000000c1a56e00,0x00000000c3500000)
 Metaspace       used 27252K, capacity 28788K, committed 28928K, reserved 1075200K
  class space    used 3439K, capacity 3736K, committed 3840K, reserved 1048576K
Event: 4.379 GC heap after
Heap after GC invocations=8 (full 1):
 PSYoungGen      total 73216K, used 7651K [0x00000000eb180000, 0x00000000f2a80000, 0x0000000100000000)
  eden space 65536K, 0% used [0x00000000eb180000,0x00000000eb180000,0x00000000ef180000)
  from space 7680K, 99% used [0x00000000ef180000,0x00000000ef8f8de8,0x00000000ef900000)
  to   space 9216K, 0% used [0x00000000f2180000,0x00000000f2180000,0x00000000f2a80000)
 ParOldGen       total 33792K, used 7287K [0x00000000c1400000, 0x00000000c3500000, 0x00000000eb180000)
  object space 33792K, 21% used [0x00000000c1400000,0x00000000c1b1dda0,0x00000000c3500000)
 Metaspace       used 27252K, capacity 28788K, committed 28928K, reserved 1075200K
  class space    used 3439K, capacity 3736K, committed 3840K, reserved 1048576K
}
Event: 5.251 GC heap before
{Heap before GC invocations=9 (full 1):
 PSYoungGen      total 73216K, used 73187K [0x00000000eb180000, 0x00000000f2a80000, 0x0000000100000000)
  eden space 65536K, 100% used [0x00000000eb180000,0x00000000ef180000,0x00000000ef180000)
  from space 7680K, 99% used [0x00000000ef180000,0x00000000ef8f8de8,0x00000000ef900000)
  to   space 9216K, 0% used [0x00000000f2180000,0x00000000f2180000,0x00000000f2a80000)
 ParOldGen       total 33792K, used 7287K [0x00000000c1400000, 0x00000000c3500000, 0x00000000eb180000)
  object space 33792K, 21% used [0x00000000c1400000,0x00000000c1b1dda0,0x00000000c3500000)
 Metaspace       used 33207K, capacity 35198K, committed 35416K, reserved 1079296K
  class space    used 4252K, capacity 4617K, committed 4696K, reserved 1048576K
Event: 5.264 GC heap after
Heap after GC invocations=9 (full 1):
 PSYoungGen      total 113664K, used 8828K [0x00000000eb180000, 0x00000000f2b80000, 0x0000000100000000)
  eden space 104448K, 0% used [0x00000000eb180000,0x00000000eb180000,0x00000000f1780000)
  from space 9216K, 95% used [0x00000000f2180000,0x00000000f2a1f160,0x00000000f2a80000)
  to   space 10240K, 0% used [0x00000000f1780000,0x00000000f1780000,0x00000000f2180000)
 ParOldGen       total 33792K, used 7359K [0x00000000c1400000, 0x00000000c3500000, 0x00000000eb180000)
  object space 33792K, 21% used [0x00000000c1400000,0x00000000c1b2fdb0,0x00000000c3500000)
 Metaspace       used 33207K, capacity 35198K, committed 35416K, reserved 1079296K
  class space    used 4252K, capacity 4617K, committed 4696K, reserved 1048576K
}
Event: 5.347 GC heap before
{Heap before GC invocations=10 (full 1):
 PSYoungGen      total 113664K, used 16301K [0x00000000eb180000, 0x00000000f2b80000, 0x0000000100000000)
  eden space 104448K, 7% used [0x00000000eb180000,0x00000000eb8cc340,0x00000000f1780000)
  from space 9216K, 95% used [0x00000000f2180000,0x00000000f2a1f160,0x00000000f2a80000)
  to   space 10240K, 0% used [0x00000000f1780000,0x00000000f1780000,0x00000000f2180000)
 ParOldGen       total 33792K, used 7359K [0x00000000c1400000, 0x00000000c3500000, 0x00000000eb180000)
  object space 33792K, 21% used [0x00000000c1400000,0x00000000c1b2fdb0,0x00000000c3500000)
 Metaspace       used 33351K, capacity 35326K, committed 35416K, reserved 1079296K
  class space    used 4267K, capacity 4625K, committed 4696K, reserved 1048576K
Event: 5.355 GC heap after
Heap after GC invocations=10 (full 1):
 PSYoungGen      total 114688K, used 5902K [0x00000000eb180000, 0x00000000f5800000, 0x0000000100000000)
  eden space 104448K, 0% used [0x00000000eb180000,0x00000000eb180000,0x00000000f1780000)
  from space 10240K, 57% used [0x00000000f1780000,0x00000000f1d439a0,0x00000000f2180000)
  to   space 9728K, 0% used [0x00000000f4e80000,0x00000000f4e80000,0x00000000f5800000)
 ParOldGen       total 33792K, used 7367K [0x00000000c1400000, 0x00000000c3500000, 0x00000000eb180000)
  object space 33792K, 21% used [0x00000000c1400000,0x00000000c1b31db0,0x00000000c3500000)
 Metaspace       used 33351K, capacity 35326K, committed 35416K, reserved 1079296K
  class space    used 4267K, capacity 4625K, committed 4696K, reserved 1048576K
}
Event: 5.355 GC heap before
{Heap before GC invocations=11 (full 2):
 PSYoungGen      total 114688K, used 5902K [0x00000000eb180000, 0x00000000f5800000, 0x0000000100000000)
  eden space 104448K, 0% used [0x00000000eb180000,0x00000000eb180000,0x00000000f1780000)
  from space 10240K, 57% used [0x00000000f1780000,0x00000000f1d439a0,0x00000000f2180000)
  to   space 9728K, 0% used [0x00000000f4e80000,0x00000000f4e80000,0x00000000f5800000)
 ParOldGen       total 33792K, used 7367K [0x00000000c1400000, 0x00000000c3500000, 0x00000000eb180000)
  object space 33792K, 21% used [0x00000000c1400000,0x00000000c1b31db0,0x00000000c3500000)
 Metaspace       used 33351K, capacity 35326K, committed 35416K, reserved 1079296K
  class space    used 4267K, capacity 4625K, committed 4696K, reserved 1048576K
Event: 5.413 GC heap after
Heap after GC invocations=11 (full 2):
 PSYoungGen      total 114688K, used 0K [0x00000000eb180000, 0x00000000f5800000, 0x0000000100000000)
  eden space 104448K, 0% used [0x00000000eb180000,0x00000000eb180000,0x00000000f1780000)
  from space 10240K, 0% used [0x00000000f1780000,0x00000000f1780000,0x00000000f2180000)
  to   space 9728K, 0% used [0x00000000f4e80000,0x00000000f4e80000,0x00000000f5800000)
 ParOldGen       total 45568K, used 10706K [0x00000000c1400000, 0x00000000c4080000, 0x00000000eb180000)
  object space 45568K, 23% used [0x00000000c1400000,0x00000000c1e74af0,0x00000000c4080000)
 Metaspace       used 33351K, capacity 35326K, committed 35416K, reserved 1079296K
  class space    used 4267K, capacity 4625K, committed 4696K, reserved 1048576K
}
Event: 12.022 GC heap before
{Heap before GC invocations=12 (full 2):
 PSYoungGen      total 114688K, used 104448K [0x00000000eb180000, 0x00000000f5800000, 0x0000000100000000)
  eden space 104448K, 100% used [0x00000000eb180000,0x00000000f1780000,0x00000000f1780000)
  from space 10240K, 0% used [0x00000000f1780000,0x00000000f1780000,0x00000000f2180000)
  to   space 9728K, 0% used [0x00000000f4e80000,0x00000000f4e80000,0x00000000f5800000)
 ParOldGen       total 45568K, used 10706K [0x00000000c1400000, 0x00000000c4080000, 0x00000000eb180000)
  object space 45568K, 23% used [0x00000000c1400000,0x00000000c1e74af0,0x00000000c4080000)
 Metaspace       used 43530K, capacity 46290K, committed 46552K, reserved 1089536K
  class space    used 5535K, capacity 6025K, committed 6104K, reserved 1048576K
Event: 12.045 GC heap after
Heap after GC invocations=12 (full 2):
 PSYoungGen      total 152576K, used 9697K [0x00000000eb180000, 0x00000000f5800000, 0x0000000100000000)
  eden space 142848K, 0% used [0x00000000eb180000,0x00000000eb180000,0x00000000f3d00000)
  from space 9728K, 99% used [0x00000000f4e80000,0x00000000f57f85d8,0x00000000f5800000)
  to   space 12288K, 0% used [0x00000000f4000000,0x00000000f4000000,0x00000000f4c00000)
 ParOldGen       total 45568K, used 14372K [0x00000000c1400000, 0x00000000c4080000, 0x00000000eb180000)
  object space 45568K, 31% used [0x00000000c1400000,0x00000000c22093c8,0x00000000c4080000)
 Metaspace       used 43530K, capacity 46290K, committed 46552K, reserved 1089536K
  class space    used 5535K, capacity 6025K, committed 6104K, reserved 1048576K
}

Deoptimization events (10 events):
Event: 12.761 Thread 0x000000001828c800 Uncommon trap: reason=unstable_if action=reinterpret pc=0x0000000003311340 method=java.util.Hashtable$Enumerator.nextElement()Ljava/lang/Object; @ 87
Event: 12.776 Thread 0x000000001828c800 Uncommon trap: reason=class_check action=maybe_recompile pc=0x00000000030a5f50 method=sun.misc.URLClassPath.getLoader(I)Lsun/misc/URLClassPath$Loader; @ 94
Event: 12.839 Thread 0x000000001828c800 Uncommon trap: reason=unstable_if action=reinterpret pc=0x0000000003c3af70 method=java.lang.Class$MethodArray.add(Ljava/lang/reflect/Method;)V @ 51
Event: 12.967 Thread 0x0000000018289000 Uncommon trap: reason=class_check action=maybe_recompile pc=0x000000000357322c method=java.util.concurrent.ConcurrentHashMap.putVal(Ljava/lang/Object;Ljava/lang/Object;Z)Ljava/lang/Object; @ 192
Event: 12.967 Thread 0x0000000018289000 Uncommon trap: reason=class_check action=maybe_recompile pc=0x000000000357322c method=java.util.concurrent.ConcurrentHashMap.putVal(Ljava/lang/Object;Ljava/lang/Object;Z)Ljava/lang/Object; @ 192
Event: 12.977 Thread 0x0000000018289000 Uncommon trap: reason=class_check action=maybe_recompile pc=0x000000000357322c method=java.util.concurrent.ConcurrentHashMap.putVal(Ljava/lang/Object;Ljava/lang/Object;Z)Ljava/lang/Object; @ 192
Event: 12.977 Thread 0x0000000018289000 Uncommon trap: reason=class_check action=maybe_recompile pc=0x000000000357322c method=java.util.concurrent.ConcurrentHashMap.putVal(Ljava/lang/Object;Ljava/lang/Object;Z)Ljava/lang/Object; @ 192
Event: 13.233 Thread 0x000000001828e000 Uncommon trap: reason=unstable_if action=reinterpret pc=0x0000000003a68f40 method=java.nio.Buffer.limit(I)Ljava/nio/Buffer; @ 33
Event: 14.350 Thread 0x000000001828a800 Uncommon trap: reason=class_check action=maybe_recompile pc=0x00000000030a5f50 method=sun.misc.URLClassPath.getLoader(I)Lsun/misc/URLClassPath$Loader; @ 94
Event: 14.624 Thread 0x000000001828a800 Uncommon trap: reason=class_check action=maybe_recompile pc=0x00000000030a5f50 method=sun.misc.URLClassPath.getLoader(I)Lsun/misc/URLClassPath$Loader; @ 94

Classes redefined (0 events):
No events

Internal exceptions (10 events):
Event: 12.842 Thread 0x000000001828c800 Exception <a 'java/lang/ClassNotFoundException': org/apache/catalina/core/ApplicationHttpRequestCustomizer> (0x00000000edc70a90) thrown at [C:\re\workspace\8-2-build-windows-amd64-cygwin\jdk8u181\11358\hotspot\src\share\vm\classfile\systemDictionary.cpp, 
Event: 13.233 Thread 0x000000001828e000 Exception <a 'java/io/IOException'> (0x00000000ee311cf8) thrown at [C:\re\workspace\8-2-build-windows-amd64-cygwin\jdk8u181\11358\hotspot\src\share\vm\prims\jni.cpp, line 709]
Event: 13.242 Thread 0x000000001828d800 Exception <a 'java/io/IOException'> (0x00000000ee277698) thrown at [C:\re\workspace\8-2-build-windows-amd64-cygwin\jdk8u181\11358\hotspot\src\share\vm\prims\jni.cpp, line 709]
Event: 13.245 Thread 0x000000001828d800 Exception <a 'java/io/IOException'> (0x00000000ee291170) thrown at [C:\re\workspace\8-2-build-windows-amd64-cygwin\jdk8u181\11358\hotspot\src\share\vm\prims\jni.cpp, line 709]
Event: 13.246 Thread 0x000000001828d800 Exception <a 'java/io/IOException'> (0x00000000ee291cb0) thrown at [C:\re\workspace\8-2-build-windows-amd64-cygwin\jdk8u181\11358\hotspot\src\share\vm\prims\jni.cpp, line 709]
Event: 14.349 Thread 0x000000001828a800 Exception <a 'java/lang/ArrayIndexOutOfBoundsException'> (0x00000000ee463a58) thrown at [C:\re\workspace\8-2-build-windows-amd64-cygwin\jdk8u181\11358\hotspot\src\share\vm\runtime\sharedRuntime.cpp, line 605]
Event: 14.716 Thread 0x0000000018287800 Exception <a 'java/io/IOException'> (0x00000000eeae5a50) thrown at [C:\re\workspace\8-2-build-windows-amd64-cygwin\jdk8u181\11358\hotspot\src\share\vm\prims\jni.cpp, line 709]
Event: 14.717 Thread 0x0000000018287800 Exception <a 'java/io/IOException'> (0x00000000eeae6a80) thrown at [C:\re\workspace\8-2-build-windows-amd64-cygwin\jdk8u181\11358\hotspot\src\share\vm\prims\jni.cpp, line 709]
Event: 14.717 Thread 0x0000000018287800 Exception <a 'java/io/IOException'> (0x00000000eeae73e0) thrown at [C:\re\workspace\8-2-build-windows-amd64-cygwin\jdk8u181\11358\hotspot\src\share\vm\prims\jni.cpp, line 709]
Event: 14.832 Thread 0x0000000018288000 Exception <a 'java/io/IOException'> (0x00000000eede72c0) thrown at [C:\re\workspace\8-2-build-windows-amd64-cygwin\jdk8u181\11358\hotspot\src\share\vm\prims\jni.cpp, line 709]

Events (10 events):
Event: 14.710 Executing VM operation: RevokeBias
Event: 14.710 Executing VM operation: RevokeBias done
Event: 14.710 Executing VM operation: RevokeBias
Event: 14.710 Executing VM operation: RevokeBias done
Event: 14.723 loading class org/apache/catalina/webresources/Cache$EvictionOrder
Event: 14.723 loading class org/apache/catalina/webresources/Cache$EvictionOrder done
Event: 14.724 Executing VM operation: RevokeBias
Event: 14.724 Executing VM operation: RevokeBias done
Event: 14.764 Executing VM operation: RevokeBias
Event: 14.764 Executing VM operation: RevokeBias done


Dynamic libraries:
0x00007ff783cd0000 - 0x00007ff783d07000 	C:\Program Files\Java\jdk1.8.0_181\bin\java.exe
0x00007ffa92100000 - 0x00007ffa922f0000 	C:\WINDOWS\SYSTEM32\ntdll.dll
0x00007ffa909e0000 - 0x00007ffa90a92000 	C:\WINDOWS\System32\KERNEL32.DLL
0x00007ffa8fba0000 - 0x00007ffa8fe45000 	C:\WINDOWS\System32\KERNELBASE.dll
0x00007ffa91370000 - 0x00007ffa91413000 	C:\WINDOWS\System32\ADVAPI32.dll
0x00007ffa91420000 - 0x00007ffa914be000 	C:\WINDOWS\System32\msvcrt.dll
0x00007ffa905a0000 - 0x00007ffa90637000 	C:\WINDOWS\System32\sechost.dll
0x00007ffa91250000 - 0x00007ffa91370000 	C:\WINDOWS\System32\RPCRT4.dll
0x00007ffa90640000 - 0x00007ffa907d5000 	C:\WINDOWS\System32\USER32.dll
0x00007ffa8f3f0000 - 0x00007ffa8f411000 	C:\WINDOWS\System32\win32u.dll
0x00007ffa907f0000 - 0x00007ffa90816000 	C:\WINDOWS\System32\GDI32.dll
0x00007ffa8f250000 - 0x00007ffa8f3e6000 	C:\WINDOWS\System32\gdi32full.dll
0x00007ffa900b0000 - 0x00007ffa9014e000 	C:\WINDOWS\System32\msvcp_win.dll
0x00007ffa8ff00000 - 0x00007ffa8fffa000 	C:\WINDOWS\System32\ucrtbase.dll
0x00007ffa7ea80000 - 0x00007ffa7ed04000 	C:\WINDOWS\WinSxS\amd64_microsoft.windows.common-controls_6595b64144ccf1df_6.0.18362.1082_none_9e8193e1e45b25c1\COMCTL32.dll
0x00007ffa91bb0000 - 0x00007ffa91ee5000 	C:\WINDOWS\System32\combase.dll
0x00007ffa8fe80000 - 0x00007ffa8ff00000 	C:\WINDOWS\System32\bcryptPrimitives.dll
0x00007ffa91ef0000 - 0x00007ffa91f1e000 	C:\WINDOWS\System32\IMM32.DLL
0x00000000771c0000 - 0x0000000077292000 	C:\Program Files\Java\jdk1.8.0_181\jre\bin\msvcr100.dll
0x0000000076020000 - 0x00000000768c2000 	C:\Program Files\Java\jdk1.8.0_181\jre\bin\server\jvm.dll
0x00007ffa92000000 - 0x00007ffa92008000 	C:\WINDOWS\System32\PSAPI.DLL
0x00007ffa8d120000 - 0x00007ffa8d129000 	C:\WINDOWS\SYSTEM32\WSOCK32.dll
0x00007ffa8cfe0000 - 0x00007ffa8d004000 	C:\WINDOWS\SYSTEM32\WINMM.dll
0x00007ffa90c50000 - 0x00007ffa90cbf000 	C:\WINDOWS\System32\WS2_32.dll
0x00007ffa80bc0000 - 0x00007ffa80bca000 	C:\WINDOWS\SYSTEM32\VERSION.dll
0x00007ffa8cfb0000 - 0x00007ffa8cfdd000 	C:\WINDOWS\SYSTEM32\WINMMBASE.dll
0x00007ffa8f090000 - 0x00007ffa8f0da000 	C:\WINDOWS\System32\cfgmgr32.dll
0x00000000771b0000 - 0x00000000771bf000 	C:\Program Files\Java\jdk1.8.0_181\jre\bin\verify.dll
0x0000000077180000 - 0x00000000771a9000 	C:\Program Files\Java\jdk1.8.0_181\jre\bin\java.dll
0x00000000770f0000 - 0x0000000077113000 	C:\Program Files\Java\jdk1.8.0_181\jre\bin\instrument.dll
0x0000000077160000 - 0x0000000077176000 	C:\Program Files\Java\jdk1.8.0_181\jre\bin\zip.dll
0x00007ffa914c0000 - 0x00007ffa91ba7000 	C:\WINDOWS\System32\SHELL32.dll
0x00007ffa92010000 - 0x00007ffa920b9000 	C:\WINDOWS\System32\shcore.dll
0x00007ffa8f420000 - 0x00007ffa8fba0000 	C:\WINDOWS\System32\windows.storage.dll
0x00007ffa8f040000 - 0x00007ffa8f063000 	C:\WINDOWS\System32\profapi.dll
0x00007ffa8efd0000 - 0x00007ffa8f01a000 	C:\WINDOWS\System32\powrprof.dll
0x00007ffa8efc0000 - 0x00007ffa8efd0000 	C:\WINDOWS\System32\UMPDC.dll
0x00007ffa91fa0000 - 0x00007ffa91ff2000 	C:\WINDOWS\System32\shlwapi.dll
0x00007ffa8f020000 - 0x00007ffa8f031000 	C:\WINDOWS\System32\kernel.appcore.dll
0x00007ffa8f0e0000 - 0x00007ffa8f0f7000 	C:\WINDOWS\System32\cryptsp.dll
0x00007ffa85f60000 - 0x00007ffa85f7a000 	C:\Program Files\JetBrains\IntelliJ IDEA Community Edition 2020.2.1\bin\breakgen64.dll
0x0000000077140000 - 0x000000007715a000 	C:\Program Files\Java\jdk1.8.0_181\jre\bin\net.dll
0x00007ffa8e7b0000 - 0x00007ffa8e817000 	C:\WINDOWS\system32\mswsock.dll
0x00000000770e0000 - 0x00000000770ed000 	C:\Program Files\Java\jdk1.8.0_181\jre\bin\management.dll
0x00007ffa7a0e0000 - 0x00007ffa7a0f6000 	C:\WINDOWS\system32\napinsp.dll
0x00007ffa79c50000 - 0x00007ffa79c6a000 	C:\WINDOWS\system32\pnrpnsp.dll
0x00007ffa8e500000 - 0x00007ffa8e5cb000 	C:\WINDOWS\SYSTEM32\DNSAPI.dll
0x00007ffa907e0000 - 0x00007ffa907e8000 	C:\WINDOWS\System32\NSI.dll
0x00007ffa8e4c0000 - 0x00007ffa8e4fa000 	C:\WINDOWS\SYSTEM32\IPHLPAPI.DLL
0x00007ffa7b9b0000 - 0x00007ffa7b9be000 	C:\WINDOWS\System32\winrnr.dll
0x00007ffa8b7f0000 - 0x00007ffa8b80c000 	C:\WINDOWS\system32\NLAapi.dll
0x00007ffa8a3d0000 - 0x00007ffa8a3e5000 	C:\WINDOWS\system32\wshbth.dll
0x00007ffa81ec0000 - 0x00007ffa81eca000 	C:\Windows\System32\rasadhlp.dll
0x00007ffa860c0000 - 0x00007ffa86137000 	C:\WINDOWS\System32\fwpuclnt.dll
0x00007ffa8fe50000 - 0x00007ffa8fe76000 	C:\WINDOWS\System32\bcrypt.dll
0x0000000077120000 - 0x0000000077131000 	C:\Program Files\Java\jdk1.8.0_181\jre\bin\nio.dll
0x00007ffa8e320000 - 0x00007ffa8e353000 	C:\WINDOWS\system32\rsaenh.dll
0x00007ffa8eee0000 - 0x00007ffa8ef05000 	C:\WINDOWS\SYSTEM32\USERENV.dll
0x00007ffa8e980000 - 0x00007ffa8e98c000 	C:\WINDOWS\SYSTEM32\CRYPTBASE.dll
0x00007ffa86ea0000 - 0x00007ffa86eb6000 	C:\WINDOWS\SYSTEM32\dhcpcsvc6.DLL
0x00007ffa86ed0000 - 0x00007ffa86eec000 	C:\WINDOWS\SYSTEM32\dhcpcsvc.DLL
0x00000000770b0000 - 0x00000000770d4000 	C:\Program Files\Java\jdk1.8.0_181\jre\bin\sunec.dll
0x00000000770a0000 - 0x00000000770ab000 	C:\Program Files\Java\jdk1.8.0_181\jre\bin\sunmscapi.dll
0x00007ffa8f100000 - 0x00007ffa8f249000 	C:\WINDOWS\System32\CRYPT32.dll
0x00007ffa8f070000 - 0x00007ffa8f082000 	C:\WINDOWS\System32\MSASN1.dll

VM Arguments:
jvm_args: -javaagent:C:\Program Files\JetBrains\IntelliJ IDEA Community Edition 2020.2.1\lib\idea_rt.jar=59102:C:\Program Files\JetBrains\IntelliJ IDEA Community Edition 2020.2.1\bin -Dfile.encoding=UTF-8 
java_command: com.hobbyHub.HobbyHubApplication
java_class_path (initial): C:\Program Files\Java\jdk1.8.0_181\jre\lib\charsets.jar;C:\Program Files\Java\jdk1.8.0_181\jre\lib\deploy.jar;C:\Program Files\Java\jdk1.8.0_181\jre\lib\ext\access-bridge-64.jar;C:\Program Files\Java\jdk1.8.0_181\jre\lib\ext\cldrdata.jar;C:\Program Files\Java\jdk1.8.0_181\jre\lib\ext\dnsns.jar;C:\Program Files\Java\jdk1.8.0_181\jre\lib\ext\jaccess.jar;C:\Program Files\Java\jdk1.8.0_181\jre\lib\ext\jfxrt.jar;C:\Program Files\Java\jdk1.8.0_181\jre\lib\ext\localedata.jar;C:\Program Files\Java\jdk1.8.0_181\jre\lib\ext\nashorn.jar;C:\Program Files\Java\jdk1.8.0_181\jre\lib\ext\sunec.jar;C:\Program Files\Java\jdk1.8.0_181\jre\lib\ext\sunjce_provider.jar;C:\Program Files\Java\jdk1.8.0_181\jre\lib\ext\sunmscapi.jar;C:\Program Files\Java\jdk1.8.0_181\jre\lib\ext\sunpkcs11.jar;C:\Program Files\Java\jdk1.8.0_181\jre\lib\ext\zipfs.jar;C:\Program Files\Java\jdk1.8.0_181\jre\lib\javaws.jar;C:\Program Files\Java\jdk1.8.0_181\jre\lib\jce.jar;C:\Program Files\Java\jdk1.8.0_181\jre\lib\jfr.jar;C:\Program Files\Java\jdk1.8.0_181\jre\lib\jfxswt.jar;C:\Program Files\Java\jdk1.8.0_181\jre\lib\jsse.jar;C:\Program Files\Java\jdk1.8.0_181\jre\lib\management-agent.jar;C:\Program Files\Java\jdk1.8.0_181\jre\lib\plugin.jar;C:\Program Files\Java\jdk1.8.0_181\jre\lib\resources.jar;C:\Program Files\Java\jdk1.8.0_181\jre\lib\rt.jar;C:\Users\zaid\IdeaProjects\HobbyHub\target\classes;C:\Users\zaid\.m2\repository\org\springframework\boot\spring-boot-starter-web\2.3.3.RELEASE\spring-boot-starter-web-2.3.3.RELEASE.jar;C:\Users\zaid\.m2\repository\org\springframework\boot\spring-boot-starter\2.3.3.RELEASE\spring-boot-starter-2.3.3.RELEASE.jar;C:\Users\zaid\.m2\repository\org\springframework\boot\spring-boot\2.3.3.RELEASE\spring-boot-2.3.3.RELEASE.jar;C:\Users\zaid\.m2\repository\org\springframework\boot\spring-boot-autoconfigure\2.3.3.RELEASE\spring-boot-autoconfigure-2.3.3.RELEASE.jar;C:\Users\zaid\.m2\repository\org\springframework\boot\spring-boot-starter-logging\2.3.3.RE
Launcher Type: SUN_STANDARD

Environment Variables:
JAVA_HOME=C:\Program Files\Java\jdk1.8.0_181
JRE_HOME=C:\Program Files\Java\jre1.8.0_261
CLASSPATH=?C:\Program Files\Java\junit-4.10.jar
PATH=C:\Program Files\Java\jdk1.8.0_181\bin;C:\Program Files\Git_\cmd;C:\Program Files\Git_\mingw64\bin;C:\Program Files\Git_\usr\bin;C:\Program Files\Java\jdk1.8.0_181\bin;C:\Users\zaid\AppData\Local\Programs\Microsoft VS Code\bin;C:\Program Files\JetBrains\IntelliJ IDEA Community Edition 2020.2.1\bin;
USERNAME=zaid
OS=Windows_NT
PROCESSOR_IDENTIFIER=Intel64 Family 6 Model 61 Stepping 4, GenuineIntel



---------------  S Y S T E M  ---------------

OS: Windows 10.0 , 64 bit Build 18362 (10.0.18362.1082)

CPU:total 4 (initial active 4) (2 cores per cpu, 2 threads per core) family 6 model 61 stepping 4, cmov, cx8, fxsr, mmx, sse, sse2, sse3, ssse3, sse4.1, sse4.2, popcnt, avx, avx2, aes, clmul, erms, 3dnowpref, lzcnt, ht, tsc, tscinvbit, bmi1, bmi2, adx

Memory: 4k page, physical 4107344k(429116k free), swap 16690256k(6436k free)

vm_info: Java HotSpot(TM) 64-Bit Server VM (25.181-b13) for windows-amd64 JRE (1.8.0_181-b13), built on Jul  7 2018 04:01:33 by "java_re" with MS VC++ 10.0 (VS2010)

time: Wed Sep 16 05:20:21 2020
elapsed time: 14 seconds (0d 0h 0m 14s)

