#
# There is insufficient memory for the Java Runtime Environment to continue.
# Native memory allocation (malloc) failed to allocate 2162288 bytes for Chunk::new
# Possible reasons:
#   The system is out of physical RAM or swap space
#   In 32 bit mode, the process size limit was hit
# Possible solutions:
#   Reduce memory load on the system
#   Increase physical memory or swap space
#   Check if swap backing store is full
#   Use 64 bit Java on a 64 bit OS
#   Decrease Java heap size (-Xmx/-Xms)
#   Decrease number of Java threads
#   Decrease Java thread stack sizes (-Xss)
#   Set larger code cache with -XX:ReservedCodeCacheSize=
# This output file may be truncated or incomplete.
#
#  Out of Memory Error (allocation.cpp:390), pid=9608, tid=0x000000000000184c
#
# JRE version: Java(TM) SE Runtime Environment (8.0_181-b13) (build 1.8.0_181-b13)
# Java VM: Java HotSpot(TM) 64-Bit Server VM (25.181-b13 mixed mode windows-amd64 compressed oops)
# Failed to write core dump. Minidumps are not enabled by default on client versions of Windows
#

---------------  T H R E A D  ---------------

Current thread (0x00000000166c3800):  JavaThread "C2 CompilerThread1" daemon [_thread_in_native, id=6220, stack(0x0000000016ae0000,0x0000000016be0000)]

Stack: [0x0000000016ae0000,0x0000000016be0000]
[error occurred during error reporting (printing stack bounds), id 0xc0000005]

Native frames: (J=compiled Java code, j=interpreted, Vv=VM code, C=native code)


Current CompileTask:
C2:  10668 4887   !   4       org.springframework.core.annotation.AnnotationsScanner::processMethodHierarchy (286 bytes)


---------------  P R O C E S S  ---------------

Java Threads: ( => current thread )
  0x000000001b2ea000 JavaThread "http-nio-8080-Acceptor" daemon [_thread_in_native, id=13412, stack(0x000000001dd70000,0x000000001de70000)]
  0x000000001b2e7800 JavaThread "http-nio-8080-ClientPoller" daemon [_thread_in_native, id=11080, stack(0x000000001dc70000,0x000000001dd70000)]
  0x000000001b2e8800 JavaThread "http-nio-8080-exec-10" daemon [_thread_blocked, id=8120, stack(0x000000001db70000,0x000000001dc70000)]
  0x000000001b2e7000 JavaThread "http-nio-8080-exec-9" daemon [_thread_blocked, id=2036, stack(0x000000001da70000,0x000000001db70000)]
  0x000000001b2ec000 JavaThread "http-nio-8080-exec-8" daemon [_thread_blocked, id=12448, stack(0x000000001d970000,0x000000001da70000)]
  0x000000001b2e6000 JavaThread "http-nio-8080-exec-7" daemon [_thread_blocked, id=4152, stack(0x000000001d870000,0x000000001d970000)]
  0x000000001b2eb800 JavaThread "http-nio-8080-exec-6" daemon [_thread_blocked, id=120, stack(0x000000001d770000,0x000000001d870000)]
  0x000000001b2e9000 JavaThread "http-nio-8080-exec-5" daemon [_thread_blocked, id=14176, stack(0x000000001d670000,0x000000001d770000)]
  0x000000001a3c2000 JavaThread "http-nio-8080-exec-4" daemon [_thread_blocked, id=10496, stack(0x000000001d570000,0x000000001d670000)]
  0x000000001a3c0000 JavaThread "http-nio-8080-exec-3" daemon [_thread_blocked, id=3640, stack(0x000000001d470000,0x000000001d570000)]
  0x000000001a3c6800 JavaThread "http-nio-8080-exec-2" daemon [_thread_blocked, id=1108, stack(0x000000001d370000,0x000000001d470000)]
  0x000000001a3c3000 JavaThread "http-nio-8080-exec-1" daemon [_thread_blocked, id=10736, stack(0x000000001cf80000,0x000000001d080000)]
  0x000000001a3c5000 JavaThread "http-nio-8080-BlockPoller" daemon [_thread_in_native, id=15128, stack(0x000000001ce80000,0x000000001cf80000)]
  0x000000001a3c3800 JavaThread "cluster-ClusterId{value='5f61767886289b500305d067', description='null'}-cluster0-shard-00-02.ookg1.mongodb.net:27017" daemon [_thread_blocked, id=8960, stack(0x000000001c680000,0x000000001c780000)]
  0x000000001a3c6000 JavaThread "cluster-ClusterId{value='5f61767886289b500305d067', description='null'}-cluster0-shard-00-00.ookg1.mongodb.net:27017" daemon [_thread_blocked, id=10024, stack(0x000000001c580000,0x000000001c680000)]
  0x000000001a3c4800 JavaThread "cluster-ClusterId{value='5f61767886289b500305d067', description='null'}-cluster0-shard-00-01.ookg1.mongodb.net:27017" daemon [_thread_blocked, id=8916, stack(0x000000001c320000,0x000000001c420000)]
  0x000000001a3c0800 JavaThread "cluster-ClusterId{value='5f61767886289b500305d067', description='null'}-srv-cluster0.ookg1.mongodb.net" daemon [_thread_blocked, id=3188, stack(0x000000001c480000,0x000000001c580000)]
  0x000000001a3c1800 JavaThread "Thread-2" daemon [_thread_in_native, id=10256, stack(0x000000001c220000,0x000000001c320000)]
  0x000000001af42800 JavaThread "container-0" [_thread_blocked, id=10824, stack(0x000000001bf20000,0x000000001c020000)]
  0x000000001ae56800 JavaThread "Catalina-utility-2" [_thread_blocked, id=14220, stack(0x000000001aa00000,0x000000001ab00000)]
  0x000000001ae56000 JavaThread "Catalina-utility-1" [_thread_blocked, id=10508, stack(0x0000000017d60000,0x0000000017e60000)]
  0x00000000167ad000 JavaThread "Service Thread" daemon [_thread_blocked, id=13704, stack(0x0000000016ce0000,0x0000000016de0000)]
  0x00000000166ae800 JavaThread "C1 CompilerThread2" daemon [_thread_blocked, id=4796, stack(0x0000000016be0000,0x0000000016ce0000)]
=>0x00000000166c3800 JavaThread "C2 CompilerThread1" daemon [_thread_in_native, id=6220, stack(0x0000000016ae0000,0x0000000016be0000)]
  0x00000000166c3000 JavaThread "C2 CompilerThread0" daemon [_thread_in_native, id=8000, stack(0x00000000169e0000,0x0000000016ae0000)]
  0x000000001670d800 JavaThread "Monitor Ctrl-Break" daemon [_thread_in_native, id=11296, stack(0x00000000168e0000,0x00000000169e0000)]
  0x0000000014e98800 JavaThread "Attach Listener" daemon [_thread_blocked, id=8388, stack(0x00000000163e0000,0x00000000164e0000)]
  0x0000000014e95800 JavaThread "Signal Dispatcher" daemon [_thread_blocked, id=15092, stack(0x00000000162e0000,0x00000000163e0000)]
  0x0000000014e80000 JavaThread "Finalizer" daemon [_thread_blocked, id=2476, stack(0x00000000160e0000,0x00000000161e0000)]
  0x0000000002876000 JavaThread "Reference Handler" daemon [_thread_blocked, id=9560, stack(0x0000000015fe0000,0x00000000160e0000)]
  0x0000000002784800 JavaThread "main" [_thread_in_native, id=2908, stack(0x00000000024b0000,0x00000000025b0000)]

Other Threads:
  0x0000000014e57000 VMThread [stack: 0x0000000015ee0000,0x0000000015fe0000] [id=8988]
  0x00000000167e3000 WatcherThread [stack: 0x0000000016de0000,0x0000000016ee0000] [id=1552]

VM state:not at safepoint (normal execution)

VM Mutex/Monitor currently owned by a thread: None

Heap:
 PSYoungGen      total 136704K, used 71752K [0x00000000eb180000, 0x00000000f4600000, 0x0000000100000000)
  eden space 126976K, 48% used [0x00000000eb180000,0x00000000eee12678,0x00000000f2d80000)
  from space 9728K, 99% used [0x00000000f3900000,0x00000000f427fc78,0x00000000f4280000)
  to   space 11776K, 0% used [0x00000000f2d80000,0x00000000f2d80000,0x00000000f3900000)
 ParOldGen       total 48640K, used 12826K [0x00000000c1400000, 0x00000000c4380000, 0x00000000eb180000)
  object space 48640K, 26% used [0x00000000c1400000,0x00000000c20869b8,0x00000000c4380000)
 Metaspace       used 50115K, capacity 52934K, committed 53208K, reserved 1095680K
  class space    used 6098K, capacity 6550K, committed 6616K, reserved 1048576K

Card table byte_map: [0x0000000011c40000,0x0000000011e40000] byte_map_base: 0x0000000011636000

Marking Bits: (ParMarkBitMap*) 0x0000000076842d00
 Begin Bits: [0x0000000012390000, 0x0000000013340000)
 End Bits:   [0x0000000013340000, 0x00000000142f0000)

Polling page: 0x0000000000740000

CodeCache: size=245760Kb used=15198Kb max_used=15198Kb free=230561Kb
 bounds [0x0000000002880000, 0x0000000003770000, 0x0000000011880000]
 total_blobs=4822 nmethods=4310 adapters=424
 compilation: enabled

Compilation events (10 events):
Event: 10.576 Thread 0x00000000166ae800 4939       3       org.springframework.core.convert.support.GenericConversionService$ConverterCacheKey::hashCode (19 bytes)
Event: 10.576 Thread 0x00000000166ae800 nmethod 4939 0x0000000003762b50 code [0x0000000003762ce0, 0x00000000037632b8]
Event: 10.576 Thread 0x00000000166ae800 4940       3       org.bson.io.OutputBuffer::writeCString (8 bytes)
Event: 10.577 Thread 0x00000000166ae800 nmethod 4940 0x0000000003763490 code [0x0000000003763600, 0x0000000003763788]
Event: 10.577 Thread 0x00000000166ae800 4941       3       org.bson.AbstractBsonWriter::setState (6 bytes)
Event: 10.577 Thread 0x00000000166ae800 nmethod 4941 0x0000000003763810 code [0x0000000003763960, 0x0000000003763ad0]
Event: 10.577 Thread 0x00000000166ae800 4942       3       java.util.Stack::push (7 bytes)
Event: 10.577 Thread 0x00000000166ae800 nmethod 4942 0x0000000003763b50 code [0x0000000003763cc0, 0x0000000003763ee8]
Event: 10.577 Thread 0x00000000166ae800 4943       3       org.bson.AbstractBsonWriter::doWriteName (1 bytes)
Event: 10.577 Thread 0x00000000166ae800 nmethod 4943 0x0000000003763f90 code [0x00000000037640e0, 0x0000000003764230]

GC Heap History (10 events):
Event: 5.189 GC heap before
{Heap before GC invocations=8 (full 1):
 PSYoungGen      total 73216K, used 65536K [0x00000000eb180000, 0x00000000f0080000, 0x0000000100000000)
  eden space 65536K, 100% used [0x00000000eb180000,0x00000000ef180000,0x00000000ef180000)
  from space 7680K, 0% used [0x00000000ef900000,0x00000000ef900000,0x00000000f0080000)
  to   space 7680K, 0% used [0x00000000ef180000,0x00000000ef180000,0x00000000ef900000)
 ParOldGen       total 36352K, used 6511K [0x00000000c1400000, 0x00000000c3780000, 0x00000000eb180000)
  object space 36352K, 17% used [0x00000000c1400000,0x00000000c1a5be18,0x00000000c3780000)
 Metaspace       used 27276K, capacity 28860K, committed 29184K, reserved 1075200K
  class space    used 3438K, capacity 3736K, committed 3840K, reserved 1048576K
Event: 5.197 GC heap after
Heap after GC invocations=8 (full 1):
 PSYoungGen      total 73216K, used 7656K [0x00000000eb180000, 0x00000000f2100000, 0x0000000100000000)
  eden space 65536K, 0% used [0x00000000eb180000,0x00000000eb180000,0x00000000ef180000)
  from space 7680K, 99% used [0x00000000ef180000,0x00000000ef8fa340,0x00000000ef900000)
  to   space 9216K, 0% used [0x00000000f1800000,0x00000000f1800000,0x00000000f2100000)
 ParOldGen       total 36352K, used 7335K [0x00000000c1400000, 0x00000000c3780000, 0x00000000eb180000)
  object space 36352K, 20% used [0x00000000c1400000,0x00000000c1b29dc0,0x00000000c3780000)
 Metaspace       used 27276K, capacity 28860K, committed 29184K, reserved 1075200K
  class space    used 3438K, capacity 3736K, committed 3840K, reserved 1048576K
}
Event: 6.309 GC heap before
{Heap before GC invocations=9 (full 1):
 PSYoungGen      total 73216K, used 73192K [0x00000000eb180000, 0x00000000f2100000, 0x0000000100000000)
  eden space 65536K, 100% used [0x00000000eb180000,0x00000000ef180000,0x00000000ef180000)
  from space 7680K, 99% used [0x00000000ef180000,0x00000000ef8fa340,0x00000000ef900000)
  to   space 9216K, 0% used [0x00000000f1800000,0x00000000f1800000,0x00000000f2100000)
 ParOldGen       total 36352K, used 7335K [0x00000000c1400000, 0x00000000c3780000, 0x00000000eb180000)
  object space 36352K, 20% used [0x00000000c1400000,0x00000000c1b29dc0,0x00000000c3780000)
 Metaspace       used 33174K, capacity 35062K, committed 35328K, reserved 1079296K
  class space    used 4235K, capacity 4563K, committed 4608K, reserved 1048576K
Event: 6.321 GC heap after
Heap after GC invocations=9 (full 1):
 PSYoungGen      total 103424K, used 8818K [0x00000000eb180000, 0x00000000f2180000, 0x0000000100000000)
  eden space 94208K, 0% used [0x00000000eb180000,0x00000000eb180000,0x00000000f0d80000)
  from space 9216K, 95% used [0x00000000f1800000,0x00000000f209cb68,0x00000000f2100000)
  to   space 10240K, 0% used [0x00000000f0d80000,0x00000000f0d80000,0x00000000f1780000)
 ParOldGen       total 36352K, used 7407K [0x00000000c1400000, 0x00000000c3780000, 0x00000000eb180000)
  object space 36352K, 20% used [0x00000000c1400000,0x00000000c1b3bdd0,0x00000000c3780000)
 Metaspace       used 33174K, capacity 35062K, committed 35328K, reserved 1079296K
  class space    used 4235K, capacity 4563K, committed 4608K, reserved 1048576K
}
Event: 6.421 GC heap before
{Heap before GC invocations=10 (full 1):
 PSYoungGen      total 103424K, used 13977K [0x00000000eb180000, 0x00000000f2180000, 0x0000000100000000)
  eden space 94208K, 5% used [0x00000000eb180000,0x00000000eb689a68,0x00000000f0d80000)
  from space 9216K, 95% used [0x00000000f1800000,0x00000000f209cb68,0x00000000f2100000)
  to   space 10240K, 0% used [0x00000000f0d80000,0x00000000f0d80000,0x00000000f1780000)
 ParOldGen       total 36352K, used 7407K [0x00000000c1400000, 0x00000000c3780000, 0x00000000eb180000)
  object space 36352K, 20% used [0x00000000c1400000,0x00000000c1b3bdd0,0x00000000c3780000)
 Metaspace       used 33344K, capacity 35326K, committed 35416K, reserved 1079296K
  class space    used 4267K, capacity 4625K, committed 4696K, reserved 1048576K
Event: 6.429 GC heap after
Heap after GC invocations=10 (full 1):
 PSYoungGen      total 104448K, used 5806K [0x00000000eb180000, 0x00000000f4280000, 0x0000000100000000)
  eden space 94208K, 0% used [0x00000000eb180000,0x00000000eb180000,0x00000000f0d80000)
  from space 10240K, 56% used [0x00000000f0d80000,0x00000000f132b9a0,0x00000000f1780000)
  to   space 9728K, 0% used [0x00000000f3900000,0x00000000f3900000,0x00000000f4280000)
 ParOldGen       total 36352K, used 7415K [0x00000000c1400000, 0x00000000c3780000, 0x00000000eb180000)
  object space 36352K, 20% used [0x00000000c1400000,0x00000000c1b3ddd0,0x00000000c3780000)
 Metaspace       used 33344K, capacity 35326K, committed 35416K, reserved 1079296K
  class space    used 4267K, capacity 4625K, committed 4696K, reserved 1048576K
}
Event: 6.429 GC heap before
{Heap before GC invocations=11 (full 2):
 PSYoungGen      total 104448K, used 5806K [0x00000000eb180000, 0x00000000f4280000, 0x0000000100000000)
  eden space 94208K, 0% used [0x00000000eb180000,0x00000000eb180000,0x00000000f0d80000)
  from space 10240K, 56% used [0x00000000f0d80000,0x00000000f132b9a0,0x00000000f1780000)
  to   space 9728K, 0% used [0x00000000f3900000,0x00000000f3900000,0x00000000f4280000)
 ParOldGen       total 36352K, used 7415K [0x00000000c1400000, 0x00000000c3780000, 0x00000000eb180000)
  object space 36352K, 20% used [0x00000000c1400000,0x00000000c1b3ddd0,0x00000000c3780000)
 Metaspace       used 33344K, capacity 35326K, committed 35416K, reserved 1079296K
  class space    used 4267K, capacity 4625K, committed 4696K, reserved 1048576K
Event: 6.477 GC heap after
Heap after GC invocations=11 (full 2):
 PSYoungGen      total 104448K, used 0K [0x00000000eb180000, 0x00000000f4280000, 0x0000000100000000)
  eden space 94208K, 0% used [0x00000000eb180000,0x00000000eb180000,0x00000000f0d80000)
  from space 10240K, 0% used [0x00000000f0d80000,0x00000000f0d80000,0x00000000f1780000)
  to   space 9728K, 0% used [0x00000000f3900000,0x00000000f3900000,0x00000000f4280000)
 ParOldGen       total 48640K, used 10555K [0x00000000c1400000, 0x00000000c4380000, 0x00000000eb180000)
  object space 48640K, 21% used [0x00000000c1400000,0x00000000c1e4eee8,0x00000000c4380000)
 Metaspace       used 33344K, capacity 35326K, committed 35416K, reserved 1079296K
  class space    used 4267K, capacity 4625K, committed 4696K, reserved 1048576K
}
Event: 8.406 GC heap before
{Heap before GC invocations=12 (full 2):
 PSYoungGen      total 104448K, used 94208K [0x00000000eb180000, 0x00000000f4280000, 0x0000000100000000)
  eden space 94208K, 100% used [0x00000000eb180000,0x00000000f0d80000,0x00000000f0d80000)
  from space 10240K, 0% used [0x00000000f0d80000,0x00000000f0d80000,0x00000000f1780000)
  to   space 9728K, 0% used [0x00000000f3900000,0x00000000f3900000,0x00000000f4280000)
 ParOldGen       total 48640K, used 10555K [0x00000000c1400000, 0x00000000c4380000, 0x00000000eb180000)
  object space 48640K, 21% used [0x00000000c1400000,0x00000000c1e4eee8,0x00000000c4380000)
 Metaspace       used 42283K, capacity 45052K, committed 45144K, reserved 1089536K
  class space    used 5405K, capacity 5890K, committed 5976K, reserved 1048576K
Event: 8.423 GC heap after
Heap after GC invocations=12 (full 2):
 PSYoungGen      total 136704K, used 9727K [0x00000000eb180000, 0x00000000f4600000, 0x0000000100000000)
  eden space 126976K, 0% used [0x00000000eb180000,0x00000000eb180000,0x00000000f2d80000)
  from space 9728K, 99% used [0x00000000f3900000,0x00000000f427fc78,0x00000000f4280000)
  to   space 11776K, 0% used [0x00000000f2d80000,0x00000000f2d80000,0x00000000f3900000)
 ParOldGen       total 48640K, used 12826K [0x00000000c1400000, 0x00000000c4380000, 0x00000000eb180000)
  object space 48640K, 26% used [0x00000000c1400000,0x00000000c20869b8,0x00000000c4380000)
 Metaspace       used 42283K, capacity 45052K, committed 45144K, reserved 1089536K
  class space    used 5405K, capacity 5890K, committed 5976K, reserved 1048576K
}

Deoptimization events (10 events):
Event: 7.946 Thread 0x0000000002784800 Uncommon trap: reason=unstable_if action=reinterpret pc=0x0000000002d91e90 method=java.util.concurrent.ConcurrentHashMap.get(Ljava/lang/Object;)Ljava/lang/Object; @ 86
Event: 8.247 Thread 0x000000001b2e8800 Uncommon trap: reason=unstable_if action=reinterpret pc=0x00000000035a8cc4 method=org.springframework.beans.factory.support.AbstractBeanFactory.isTypeMatch(Ljava/lang/String;Lorg/springframework/core/ResolvableType;Z)Z @ 34
Event: 8.462 Thread 0x0000000002784800 Uncommon trap: reason=predicate action=maybe_recompile pc=0x0000000002a71364 method=java.util.regex.Pattern$SliceI.match(Ljava/util/regex/Matcher;ILjava/lang/CharSequence;)Z @ 21
Event: 8.926 Thread 0x000000001b2e8800 Uncommon trap: reason=class_check action=maybe_recompile pc=0x0000000002b320e8 method=sun.misc.URLClassPath.getLoader(I)Lsun/misc/URLClassPath$Loader; @ 94
Event: 9.070 Thread 0x0000000002784800 Uncommon trap: reason=unstable_if action=reinterpret pc=0x0000000002b26f84 method=sun.nio.cs.UTF_8$Decoder.decode([BII[C)I @ 30
Event: 9.206 Thread 0x000000001b2e8800 Uncommon trap: reason=unstable_if action=reinterpret pc=0x00000000033888b4 method=java.util.HashMap$HashIterator.<init>(Ljava/util/HashMap;)V @ 45
Event: 9.247 Thread 0x000000001b2e8800 Uncommon trap: reason=unstable_if action=reinterpret pc=0x0000000002dcfd44 method=java.util.Hashtable$Enumerator.nextElement()Ljava/lang/Object; @ 87
Event: 9.247 Thread 0x000000001b2e8800 Uncommon trap: reason=unstable_if action=reinterpret pc=0x0000000002d28fc0 method=java.util.Hashtable$Enumerator.nextElement()Ljava/lang/Object; @ 87
Event: 9.260 Thread 0x000000001b2e8800 Uncommon trap: reason=class_check action=maybe_recompile pc=0x0000000002b320e8 method=sun.misc.URLClassPath.getLoader(I)Lsun/misc/URLClassPath$Loader; @ 94
Event: 9.294 Thread 0x0000000002784800 Uncommon trap: reason=unstable_if action=reinterpret pc=0x00000000036bdca4 method=com.sun.crypto.provider.HmacCore.engineUpdate([BII)V @ 5

Classes redefined (0 events):
No events

Internal exceptions (10 events):
Event: 9.301 Thread 0x000000001b2e8800 Exception <a 'java/lang/ClassNotFoundException': javax/servlet/jsp/PageContextCustomizer> (0x00000000ee4d81f0) thrown at [C:\re\workspace\8-2-build-windows-amd64-cygwin\jdk8u181\11358\hotspot\src\share\vm\classfile\systemDictionary.cpp, line 210]
Event: 9.303 Thread 0x000000001b2e8800 Exception <a 'java/lang/ClassNotFoundException': org/apache/jasper/runtime/PageContextImplCustomizer> (0x00000000ee4fda80) thrown at [C:\re\workspace\8-2-build-windows-amd64-cygwin\jdk8u181\11358\hotspot\src\share\vm\classfile\systemDictionary.cpp, line 2
Event: 9.309 Thread 0x000000001b2e8800 Exception <a 'java/lang/ClassNotFoundException': org/apache/catalina/core/ApplicationHttpRequestBeanInfo> (0x00000000ee554040) thrown at [C:\re\workspace\8-2-build-windows-amd64-cygwin\jdk8u181\11358\hotspot\src\share\vm\classfile\systemDictionary.cpp, li
Event: 9.310 Thread 0x000000001b2e8800 Exception <a 'java/lang/ClassNotFoundException': javax/servlet/http/HttpServletRequestWrapperBeanInfo> (0x00000000ee5649a0) thrown at [C:\re\workspace\8-2-build-windows-amd64-cygwin\jdk8u181\11358\hotspot\src\share\vm\classfile\systemDictionary.cpp, line 
Event: 9.313 Thread 0x000000001b2e8800 Exception <a 'java/lang/ClassNotFoundException': javax/servlet/ServletRequestWrapperBeanInfo> (0x00000000ee573b68) thrown at [C:\re\workspace\8-2-build-windows-amd64-cygwin\jdk8u181\11358\hotspot\src\share\vm\classfile\systemDictionary.cpp, line 210]
Event: 9.314 Thread 0x000000001b2e8800 Exception <a 'java/lang/ClassNotFoundException': javax/servlet/ServletRequestWrapperCustomizer> (0x00000000ee583088) thrown at [C:\re\workspace\8-2-build-windows-amd64-cygwin\jdk8u181\11358\hotspot\src\share\vm\classfile\systemDictionary.cpp, line 210]
Event: 9.320 Thread 0x000000001b2e8800 Exception <a 'java/lang/ClassNotFoundException': javax/servlet/http/HttpServletRequestWrapperCustomizer> (0x00000000ee5bcdc0) thrown at [C:\re\workspace\8-2-build-windows-amd64-cygwin\jdk8u181\11358\hotspot\src\share\vm\classfile\systemDictionary.cpp, lin
Event: 9.324 Thread 0x000000001b2e8800 Exception <a 'java/lang/ClassNotFoundException': org/apache/catalina/core/ApplicationHttpRequestCustomizer> (0x00000000ee5ff4e8) thrown at [C:\re\workspace\8-2-build-windows-amd64-cygwin\jdk8u181\11358\hotspot\src\share\vm\classfile\systemDictionary.cpp, 
Event: 9.506 Thread 0x0000000002784800 Exception <a 'java/lang/NoSuchMethodError': java.lang.Object.lambda$comparingInt$7b0bb60$1(Ljava/util/function/ToIntFunction;Ljava/lang/Object;Ljava/lang/Object;)I> (0x00000000eb572b50) thrown at [C:\re\workspace\8-2-build-windows-amd64-cygwin\jdk8u181\11
Event: 9.641 Thread 0x000000001b2ec000 Exception <a 'java/io/IOException'> (0x00000000eedb4000) thrown at [C:\re\workspace\8-2-build-windows-amd64-cygwin\jdk8u181\11358\hotspot\src\share\vm\prims\jni.cpp, line 709]

Events (10 events):
Event: 9.742 loading class com/mongodb/internal/connection/ConcurrentLinkedDeque$CLDIterator
Event: 9.742 loading class com/mongodb/internal/connection/ConcurrentLinkedDeque$CLDIterator done
Event: 9.743 loading class com/mongodb/internal/connection/ConcurrentPool$Prune
Event: 9.743 loading class com/mongodb/internal/connection/ConcurrentPool$Prune done
Event: 9.744 loading class com/mongodb/client/result/UpdateResult$UnacknowledgedUpdateResult
Event: 9.744 loading class com/mongodb/client/result/UpdateResult$UnacknowledgedUpdateResult done
Event: 9.745 loading class com/mongodb/client/result/UpdateResult$AcknowledgedUpdateResult
Event: 9.745 loading class com/mongodb/client/result/UpdateResult$AcknowledgedUpdateResult done
Event: 9.746 loading class org/springframework/data/mongodb/core/mapping/event/AfterSaveCallback
Event: 9.746 loading class org/springframework/data/mongodb/core/mapping/event/AfterSaveCallback done


Dynamic libraries:
0x00007ff783cd0000 - 0x00007ff783d07000 	C:\Program Files\Java\jdk1.8.0_181\bin\java.exe
0x00007ffa92100000 - 0x00007ffa922f0000 	C:\WINDOWS\SYSTEM32\ntdll.dll
0x00007ffa909e0000 - 0x00007ffa90a92000 	C:\WINDOWS\System32\KERNEL32.DLL
0x00007ffa8fba0000 - 0x00007ffa8fe45000 	C:\WINDOWS\System32\KERNELBASE.dll
0x00007ffa91370000 - 0x00007ffa91413000 	C:\WINDOWS\System32\ADVAPI32.dll
0x00007ffa91420000 - 0x00007ffa914be000 	C:\WINDOWS\System32\msvcrt.dll
0x00007ffa905a0000 - 0x00007ffa90637000 	C:\WINDOWS\System32\sechost.dll
0x00007ffa91250000 - 0x00007ffa91370000 	C:\WINDOWS\System32\RPCRT4.dll
0x00007ffa90640000 - 0x00007ffa907d5000 	C:\WINDOWS\System32\USER32.dll
0x00007ffa8f3f0000 - 0x00007ffa8f411000 	C:\WINDOWS\System32\win32u.dll
0x00007ffa907f0000 - 0x00007ffa90816000 	C:\WINDOWS\System32\GDI32.dll
0x00007ffa8f250000 - 0x00007ffa8f3e6000 	C:\WINDOWS\System32\gdi32full.dll
0x00007ffa900b0000 - 0x00007ffa9014e000 	C:\WINDOWS\System32\msvcp_win.dll
0x00007ffa8ff00000 - 0x00007ffa8fffa000 	C:\WINDOWS\System32\ucrtbase.dll
0x00007ffa7ea80000 - 0x00007ffa7ed04000 	C:\WINDOWS\WinSxS\amd64_microsoft.windows.common-controls_6595b64144ccf1df_6.0.18362.1082_none_9e8193e1e45b25c1\COMCTL32.dll
0x00007ffa91bb0000 - 0x00007ffa91ee5000 	C:\WINDOWS\System32\combase.dll
0x00007ffa8fe80000 - 0x00007ffa8ff00000 	C:\WINDOWS\System32\bcryptPrimitives.dll
0x00007ffa91ef0000 - 0x00007ffa91f1e000 	C:\WINDOWS\System32\IMM32.DLL
0x00000000771c0000 - 0x0000000077292000 	C:\Program Files\Java\jdk1.8.0_181\jre\bin\msvcr100.dll
0x0000000076020000 - 0x00000000768c2000 	C:\Program Files\Java\jdk1.8.0_181\jre\bin\server\jvm.dll
0x00007ffa92000000 - 0x00007ffa92008000 	C:\WINDOWS\System32\PSAPI.DLL
0x00007ffa8d120000 - 0x00007ffa8d129000 	C:\WINDOWS\SYSTEM32\WSOCK32.dll
0x00007ffa8cfe0000 - 0x00007ffa8d004000 	C:\WINDOWS\SYSTEM32\WINMM.dll
0x00007ffa90c50000 - 0x00007ffa90cbf000 	C:\WINDOWS\System32\WS2_32.dll
0x00007ffa80bc0000 - 0x00007ffa80bca000 	C:\WINDOWS\SYSTEM32\VERSION.dll
0x00007ffa8cfb0000 - 0x00007ffa8cfdd000 	C:\WINDOWS\SYSTEM32\WINMMBASE.dll
0x00007ffa8f090000 - 0x00007ffa8f0da000 	C:\WINDOWS\System32\cfgmgr32.dll
0x00000000771b0000 - 0x00000000771bf000 	C:\Program Files\Java\jdk1.8.0_181\jre\bin\verify.dll
0x0000000077180000 - 0x00000000771a9000 	C:\Program Files\Java\jdk1.8.0_181\jre\bin\java.dll
0x00000000770f0000 - 0x0000000077113000 	C:\Program Files\Java\jdk1.8.0_181\jre\bin\instrument.dll
0x0000000077160000 - 0x0000000077176000 	C:\Program Files\Java\jdk1.8.0_181\jre\bin\zip.dll
0x00007ffa914c0000 - 0x00007ffa91ba7000 	C:\WINDOWS\System32\SHELL32.dll
0x00007ffa92010000 - 0x00007ffa920b9000 	C:\WINDOWS\System32\shcore.dll
0x00007ffa8f420000 - 0x00007ffa8fba0000 	C:\WINDOWS\System32\windows.storage.dll
0x00007ffa8f040000 - 0x00007ffa8f063000 	C:\WINDOWS\System32\profapi.dll
0x00007ffa8efd0000 - 0x00007ffa8f01a000 	C:\WINDOWS\System32\powrprof.dll
0x00007ffa8efc0000 - 0x00007ffa8efd0000 	C:\WINDOWS\System32\UMPDC.dll
0x00007ffa91fa0000 - 0x00007ffa91ff2000 	C:\WINDOWS\System32\shlwapi.dll
0x00007ffa8f020000 - 0x00007ffa8f031000 	C:\WINDOWS\System32\kernel.appcore.dll
0x00007ffa8f0e0000 - 0x00007ffa8f0f7000 	C:\WINDOWS\System32\cryptsp.dll
0x00007ffa85f60000 - 0x00007ffa85f7a000 	C:\Program Files\JetBrains\IntelliJ IDEA Community Edition 2020.2.1\bin\breakgen64.dll
0x0000000077140000 - 0x000000007715a000 	C:\Program Files\Java\jdk1.8.0_181\jre\bin\net.dll
0x00007ffa8e7b0000 - 0x00007ffa8e817000 	C:\WINDOWS\system32\mswsock.dll
0x00000000770e0000 - 0x00000000770ed000 	C:\Program Files\Java\jdk1.8.0_181\jre\bin\management.dll
0x00007ffa7a0e0000 - 0x00007ffa7a0f6000 	C:\WINDOWS\system32\napinsp.dll
0x00007ffa79c50000 - 0x00007ffa79c6a000 	C:\WINDOWS\system32\pnrpnsp.dll
0x00007ffa8e500000 - 0x00007ffa8e5cb000 	C:\WINDOWS\SYSTEM32\DNSAPI.dll
0x00007ffa907e0000 - 0x00007ffa907e8000 	C:\WINDOWS\System32\NSI.dll
0x00007ffa8e4c0000 - 0x00007ffa8e4fa000 	C:\WINDOWS\SYSTEM32\IPHLPAPI.DLL
0x00007ffa7b9b0000 - 0x00007ffa7b9be000 	C:\WINDOWS\System32\winrnr.dll
0x00007ffa8b7f0000 - 0x00007ffa8b80c000 	C:\WINDOWS\system32\NLAapi.dll
0x00007ffa8a3d0000 - 0x00007ffa8a3e5000 	C:\WINDOWS\system32\wshbth.dll
0x00007ffa81ec0000 - 0x00007ffa81eca000 	C:\Windows\System32\rasadhlp.dll
0x00007ffa860c0000 - 0x00007ffa86137000 	C:\WINDOWS\System32\fwpuclnt.dll
0x00007ffa8fe50000 - 0x00007ffa8fe76000 	C:\WINDOWS\System32\bcrypt.dll
0x0000000077120000 - 0x0000000077131000 	C:\Program Files\Java\jdk1.8.0_181\jre\bin\nio.dll
0x00007ffa8e320000 - 0x00007ffa8e353000 	C:\WINDOWS\system32\rsaenh.dll
0x00007ffa8eee0000 - 0x00007ffa8ef05000 	C:\WINDOWS\SYSTEM32\USERENV.dll
0x00007ffa8e980000 - 0x00007ffa8e98c000 	C:\WINDOWS\SYSTEM32\CRYPTBASE.dll
0x00007ffa86ea0000 - 0x00007ffa86eb6000 	C:\WINDOWS\SYSTEM32\dhcpcsvc6.DLL
0x00007ffa86ed0000 - 0x00007ffa86eec000 	C:\WINDOWS\SYSTEM32\dhcpcsvc.DLL
0x00000000770b0000 - 0x00000000770d4000 	C:\Program Files\Java\jdk1.8.0_181\jre\bin\sunec.dll
0x00000000770a0000 - 0x00000000770ab000 	C:\Program Files\Java\jdk1.8.0_181\jre\bin\sunmscapi.dll
0x00007ffa8f100000 - 0x00007ffa8f249000 	C:\WINDOWS\System32\CRYPT32.dll
0x00007ffa8f070000 - 0x00007ffa8f082000 	C:\WINDOWS\System32\MSASN1.dll

VM Arguments:
jvm_args: -javaagent:C:\Program Files\JetBrains\IntelliJ IDEA Community Edition 2020.2.1\lib\idea_rt.jar=59134:C:\Program Files\JetBrains\IntelliJ IDEA Community Edition 2020.2.1\bin -Dfile.encoding=UTF-8 
java_command: com.hobbyHub.HobbyHubApplication
java_class_path (initial): C:\Program Files\Java\jdk1.8.0_181\jre\lib\charsets.jar;C:\Program Files\Java\jdk1.8.0_181\jre\lib\deploy.jar;C:\Program Files\Java\jdk1.8.0_181\jre\lib\ext\access-bridge-64.jar;C:\Program Files\Java\jdk1.8.0_181\jre\lib\ext\cldrdata.jar;C:\Program Files\Java\jdk1.8.0_181\jre\lib\ext\dnsns.jar;C:\Program Files\Java\jdk1.8.0_181\jre\lib\ext\jaccess.jar;C:\Program Files\Java\jdk1.8.0_181\jre\lib\ext\jfxrt.jar;C:\Program Files\Java\jdk1.8.0_181\jre\lib\ext\localedata.jar;C:\Program Files\Java\jdk1.8.0_181\jre\lib\ext\nashorn.jar;C:\Program Files\Java\jdk1.8.0_181\jre\lib\ext\sunec.jar;C:\Program Files\Java\jdk1.8.0_181\jre\lib\ext\sunjce_provider.jar;C:\Program Files\Java\jdk1.8.0_181\jre\lib\ext\sunmscapi.jar;C:\Program Files\Java\jdk1.8.0_181\jre\lib\ext\sunpkcs11.jar;C:\Program Files\Java\jdk1.8.0_181\jre\lib\ext\zipfs.jar;C:\Program Files\Java\jdk1.8.0_181\jre\lib\javaws.jar;C:\Program Files\Java\jdk1.8.0_181\jre\lib\jce.jar;C:\Program Files\Java\jdk1.8.0_181\jre\lib\jfr.jar;C:\Program Files\Java\jdk1.8.0_181\jre\lib\jfxswt.jar;C:\Program Files\Java\jdk1.8.0_181\jre\lib\jsse.jar;C:\Program Files\Java\jdk1.8.0_181\jre\lib\management-agent.jar;C:\Program Files\Java\jdk1.8.0_181\jre\lib\plugin.jar;C:\Program Files\Java\jdk1.8.0_181\jre\lib\resources.jar;C:\Program Files\Java\jdk1.8.0_181\jre\lib\rt.jar;C:\Users\zaid\IdeaProjects\HobbyHub\target\classes;C:\Users\zaid\.m2\repository\org\springframework\boot\spring-boot-starter-web\2.3.3.RELEASE\spring-boot-starter-web-2.3.3.RELEASE.jar;C:\Users\zaid\.m2\repository\org\springframework\boot\spring-boot-starter\2.3.3.RELEASE\spring-boot-starter-2.3.3.RELEASE.jar;C:\Users\zaid\.m2\repository\org\springframework\boot\spring-boot\2.3.3.RELEASE\spring-boot-2.3.3.RELEASE.jar;C:\Users\zaid\.m2\repository\org\springframework\boot\spring-boot-autoconfigure\2.3.3.RELEASE\spring-boot-autoconfigure-2.3.3.RELEASE.jar;C:\Users\zaid\.m2\repository\org\springframework\boot\spring-boot-starter-logging\2.3.3.RE
Launcher Type: SUN_STANDARD

Environment Variables:
JAVA_HOME=C:\Program Files\Java\jdk1.8.0_181
JRE_HOME=C:\Program Files\Java\jre1.8.0_261
CLASSPATH=?C:\Program Files\Java\junit-4.10.jar
PATH=C:\Program Files\Java\jdk1.8.0_181\bin;C:\Program Files\Git_\cmd;C:\Program Files\Git_\mingw64\bin;C:\Program Files\Git_\usr\bin;C:\Program Files\Java\jdk1.8.0_181\bin;C:\Users\zaid\AppData\Local\Programs\Microsoft VS Code\bin;C:\Program Files\JetBrains\IntelliJ IDEA Community Edition 2020.2.1\bin;
USERNAME=zaid
OS=Windows_NT
PROCESSOR_IDENTIFIER=Intel64 Family 6 Model 61 Stepping 4, GenuineIntel



---------------  S Y S T E M  ---------------

OS: Windows 10.0 , 64 bit Build 18362 (10.0.18362.1082)

CPU:total 4 (initial active 4) (2 cores per cpu, 2 threads per core) family 6 model 61 stepping 4, cmov, cx8, fxsr, mmx, sse, sse2, sse3, ssse3, sse4.1, sse4.2, popcnt, avx, avx2, aes, clmul, erms, 3dnowpref, lzcnt, ht, tsc, tscinvbit, bmi1, bmi2, adx

Memory: 4k page, physical 4107344k(387172k free), swap 16690256k(5528k free)

vm_info: Java HotSpot(TM) 64-Bit Server VM (25.181-b13) for windows-amd64 JRE (1.8.0_181-b13), built on Jul  7 2018 04:01:33 by "java_re" with MS VC++ 10.0 (VS2010)

time: Wed Sep 16 05:20:45 2020
elapsed time: 10 seconds (0d 0h 0m 10s)

