#
# There is insufficient memory for the Java Runtime Environment to continue.
# Native memory allocation (malloc) failed to allocate 2256032 bytes for Chunk::new
# Possible reasons:
#   The system is out of physical RAM or swap space
#   In 32 bit mode, the process size limit was hit
# Possible solutions:
#   Reduce memory load on the system
#   Increase physical memory or swap space
#   Check if swap backing store is full
#   Use 64 bit Java on a 64 bit OS
#   Decrease Java heap size (-Xmx/-Xms)
#   Decrease number of Java threads
#   Decrease Java thread stack sizes (-Xss)
#   Set larger code cache with -XX:ReservedCodeCacheSize=
# This output file may be truncated or incomplete.
#
#  Out of Memory Error (allocation.cpp:390), pid=2320, tid=0x0000000000002468
#
# JRE version: Java(TM) SE Runtime Environment (8.0_181-b13) (build 1.8.0_181-b13)
# Java VM: Java HotSpot(TM) 64-Bit Server VM (25.181-b13 mixed mode windows-amd64 compressed oops)
# Failed to write core dump. Minidumps are not enabled by default on client versions of Windows
#

---------------  T H R E A D  ---------------

Current thread (0x0000000016db8000):  JavaThread "C2 CompilerThread0" daemon [_thread_in_native, id=9320, stack(0x0000000017100000,0x0000000017200000)]

Stack: [0x0000000017100000,0x0000000017200000]
[error occurred during error reporting (printing stack bounds), id 0xc0000005]

Native frames: (J=compiled Java code, j=interpreted, Vv=VM code, C=native code)


Current CompileTask:
C2:  20843 4777       4       org.eclipse.jdt.internal.compiler.lookup.BinaryTypeBinding::createMethod (1613 bytes)


---------------  P R O C E S S  ---------------

Java Threads: ( => current thread )
  0x000000001aa82800 JavaThread "DestroyJavaVM" [_thread_blocked, id=11048, stack(0x0000000002bd0000,0x0000000002cd0000)]
  0x000000001aa82000 JavaThread "http-nio-8080-Acceptor" daemon [_thread_in_native, id=10140, stack(0x0000000020440000,0x0000000020540000)]
  0x000000001aa87000 JavaThread "http-nio-8080-ClientPoller" daemon [_thread_in_native, id=12028, stack(0x0000000020340000,0x0000000020440000)]
  0x000000001aa86800 JavaThread "http-nio-8080-exec-10" daemon [_thread_blocked, id=8388, stack(0x0000000020240000,0x0000000020340000)]
  0x000000001aa7f000 JavaThread "http-nio-8080-exec-9" daemon [_thread_blocked, id=3188, stack(0x0000000020140000,0x0000000020240000)]
  0x000000001aa85800 JavaThread "http-nio-8080-exec-8" daemon [_thread_blocked, id=9068, stack(0x0000000020040000,0x0000000020140000)]
  0x000000001aa7e000 JavaThread "http-nio-8080-exec-7" daemon [_thread_blocked, id=4504, stack(0x000000001ff40000,0x0000000020040000)]
  0x000000001aa84000 JavaThread "http-nio-8080-exec-6" daemon [_thread_blocked, id=13760, stack(0x000000001fe40000,0x000000001ff40000)]
  0x000000001aa85000 JavaThread "http-nio-8080-exec-5" daemon [_thread_blocked, id=7544, stack(0x000000001fd40000,0x000000001fe40000)]
  0x000000001aa7d800 JavaThread "http-nio-8080-exec-4" daemon [_thread_blocked, id=14516, stack(0x000000001fb40000,0x000000001fc40000)]
  0x000000001aa83800 JavaThread "http-nio-8080-exec-3" daemon [_thread_blocked, id=2496, stack(0x000000001fa40000,0x000000001fb40000)]
  0x000000001aa81000 JavaThread "http-nio-8080-exec-2" daemon [_thread_blocked, id=14436, stack(0x000000001f940000,0x000000001fa40000)]
  0x000000001aa7f800 JavaThread "http-nio-8080-exec-1" daemon [_thread_blocked, id=13988, stack(0x000000001f840000,0x000000001f940000)]
  0x000000001c45f000 JavaThread "http-nio-8080-BlockPoller" daemon [_thread_in_native, id=8228, stack(0x000000001f4c0000,0x000000001f5c0000)]
  0x000000001c45e000 JavaThread "cluster-ClusterId{value='5f618034f2f19d02ea5760e1', description='null'}-cluster0-shard-00-02.ookg1.mongodb.net:27017" daemon [_thread_blocked, id=13600, stack(0x000000001ecc0000,0x000000001edc0000)]
  0x000000001c45d800 JavaThread "cluster-ClusterId{value='5f618034f2f19d02ea5760e1', description='null'}-cluster0-shard-00-00.ookg1.mongodb.net:27017" daemon [_thread_blocked, id=8524, stack(0x000000001ebc0000,0x000000001ecc0000)]
  0x000000001c45c000 JavaThread "cluster-ClusterId{value='5f618034f2f19d02ea5760e1', description='null'}-cluster0-shard-00-01.ookg1.mongodb.net:27017" daemon [_thread_blocked, id=12608, stack(0x000000001e990000,0x000000001ea90000)]
  0x000000001c459800 JavaThread "cluster-ClusterId{value='5f618034f2f19d02ea5760e1', description='null'}-srv-cluster0.ookg1.mongodb.net" daemon [_thread_blocked, id=6856, stack(0x000000001eac0000,0x000000001ebc0000)]
  0x000000001c45b000 JavaThread "Thread-2" daemon [_thread_in_native, id=7560, stack(0x000000001e890000,0x000000001e990000)]
  0x000000001c45a800 JavaThread "container-0" [_thread_blocked, id=2960, stack(0x000000001e590000,0x000000001e690000)]
  0x000000001c459000 JavaThread "Catalina-utility-2" [_thread_blocked, id=120, stack(0x000000001e490000,0x000000001e590000)]
  0x000000001c458000 JavaThread "Catalina-utility-1" [_thread_blocked, id=11348, stack(0x0000000018480000,0x0000000018580000)]
  0x0000000016ddf000 JavaThread "Service Thread" daemon [_thread_blocked, id=10220, stack(0x0000000017400000,0x0000000017500000)]
  0x0000000016dda800 JavaThread "C1 CompilerThread2" daemon [_thread_blocked, id=13560, stack(0x0000000017300000,0x0000000017400000)]
  0x0000000016db8800 JavaThread "C2 CompilerThread1" daemon [_thread_in_native, id=9280, stack(0x0000000017200000,0x0000000017300000)]
=>0x0000000016db8000 JavaThread "C2 CompilerThread0" daemon [_thread_in_native, id=9320, stack(0x0000000017100000,0x0000000017200000)]
  0x0000000016e2c800 JavaThread "Monitor Ctrl-Break" daemon [_thread_in_native, id=7420, stack(0x0000000017000000,0x0000000017100000)]
  0x00000000155b1800 JavaThread "Attach Listener" daemon [_thread_blocked, id=15092, stack(0x0000000016b00000,0x0000000016c00000)]
  0x00000000155ae800 JavaThread "Signal Dispatcher" daemon [_thread_blocked, id=11784, stack(0x0000000016a00000,0x0000000016b00000)]
  0x0000000002f9e000 JavaThread "Finalizer" daemon [_thread_blocked, id=13236, stack(0x0000000016800000,0x0000000016900000)]
  0x0000000002f95000 JavaThread "Reference Handler" daemon [_thread_blocked, id=13812, stack(0x0000000016700000,0x0000000016800000)]

Other Threads:
  0x0000000015577000 VMThread [stack: 0x0000000016600000,0x0000000016700000] [id=8952]
  0x0000000016ddf800 WatcherThread [stack: 0x0000000017500000,0x0000000017600000] [id=8448]

VM state:not at safepoint (normal execution)

VM Mutex/Monitor currently owned by a thread: None

Heap:
 PSYoungGen      total 150016K, used 64931K [0x00000000eb180000, 0x00000000f5280000, 0x0000000100000000)
  eden space 139776K, 39% used [0x00000000eb180000,0x00000000ee6eb128,0x00000000f3a00000)
  from space 10240K, 99% used [0x00000000f4880000,0x00000000f527de10,0x00000000f5280000)
  to   space 12288K, 0% used [0x00000000f3a80000,0x00000000f3a80000,0x00000000f4680000)
 ParOldGen       total 46080K, used 12955K [0x00000000c1400000, 0x00000000c4100000, 0x00000000eb180000)
  object space 46080K, 28% used [0x00000000c1400000,0x00000000c20a6f90,0x00000000c4100000)
 Metaspace       used 50083K, capacity 52860K, committed 53208K, reserved 1095680K
  class space    used 6097K, capacity 6549K, committed 6616K, reserved 1048576K

Card table byte_map: [0x0000000012360000,0x0000000012560000] byte_map_base: 0x0000000011d56000

Marking Bits: (ParMarkBitMap*) 0x0000000076842d00
 Begin Bits: [0x0000000012ab0000, 0x0000000013a60000)
 End Bits:   [0x0000000013a60000, 0x0000000014a10000)

Polling page: 0x0000000000fe0000

CodeCache: size=245760Kb used=15167Kb max_used=15177Kb free=230592Kb
 bounds [0x0000000002fa0000, 0x0000000003e80000, 0x0000000011fa0000]
 total_blobs=4772 nmethods=4260 adapters=424
 compilation: enabled

Compilation events (10 events):
Event: 20.620 Thread 0x0000000016dda800 4879       3       com.fasterxml.jackson.databind.AnnotationIntrospector::_findAnnotation (6 bytes)
Event: 20.621 Thread 0x0000000016dda800 nmethod 4879 0x0000000003e77290 code [0x0000000003e77400, 0x0000000003e77628]
Event: 20.621 Thread 0x0000000016dda800 4880       3       com.fasterxml.jackson.databind.introspect.AnnotatedMember::getAnnotation (18 bytes)
Event: 20.621 Thread 0x0000000016dda800 nmethod 4880 0x0000000003e7bd90 code [0x0000000003e7bf20, 0x0000000003e7c3c8]
Event: 20.624 Thread 0x0000000016db8800 nmethod 4878 0x0000000003e7dc90 code [0x0000000003e7de20, 0x0000000003e7e2f8]
Event: 20.632 Thread 0x0000000016db8800 4881   !   4       java.net.URL::<init> (543 bytes)
Event: 20.646 Thread 0x0000000016dda800 4882       3       java.nio.StringCharBuffer::get (19 bytes)
Event: 20.647 Thread 0x0000000016dda800 nmethod 4882 0x0000000003e7b650 code [0x0000000003e7b7e0, 0x0000000003e7bbf8]
Event: 20.654 Thread 0x0000000016dda800 4883       3       org.apache.tomcat.util.buf.AbstractChunk::recycle (21 bytes)
Event: 20.654 Thread 0x0000000016dda800 nmethod 4883 0x0000000003e7b310 code [0x0000000003e7b460, 0x0000000003e7b5d0]

GC Heap History (10 events):
Event: 4.497 GC heap before
{Heap before GC invocations=8 (full 1):
 PSYoungGen      total 73216K, used 65536K [0x00000000eb180000, 0x00000000f0080000, 0x0000000100000000)
  eden space 65536K, 100% used [0x00000000eb180000,0x00000000ef180000,0x00000000ef180000)
  from space 7680K, 0% used [0x00000000ef900000,0x00000000ef900000,0x00000000f0080000)
  to   space 7680K, 0% used [0x00000000ef180000,0x00000000ef180000,0x00000000ef900000)
 ParOldGen       total 35840K, used 6662K [0x00000000c1400000, 0x00000000c3700000, 0x00000000eb180000)
  object space 35840K, 18% used [0x00000000c1400000,0x00000000c1a81ae8,0x00000000c3700000)
 Metaspace       used 27279K, capacity 28864K, committed 29184K, reserved 1075200K
  class space    used 3444K, capacity 3736K, committed 3840K, reserved 1048576K
Event: 4.518 GC heap after
Heap after GC invocations=8 (full 1):
 PSYoungGen      total 73216K, used 7676K [0x00000000eb180000, 0x00000000f2600000, 0x0000000100000000)
  eden space 65536K, 0% used [0x00000000eb180000,0x00000000eb180000,0x00000000ef180000)
  from space 7680K, 99% used [0x00000000ef180000,0x00000000ef8ff020,0x00000000ef900000)
  to   space 9216K, 0% used [0x00000000f1d00000,0x00000000f1d00000,0x00000000f2600000)
 ParOldGen       total 35840K, used 7302K [0x00000000c1400000, 0x00000000c3700000, 0x00000000eb180000)
  object space 35840K, 20% used [0x00000000c1400000,0x00000000c1b21ac0,0x00000000c3700000)
 Metaspace       used 27279K, capacity 28864K, committed 29184K, reserved 1075200K
  class space    used 3444K, capacity 3736K, committed 3840K, reserved 1048576K
}
Event: 5.755 GC heap before
{Heap before GC invocations=9 (full 1):
 PSYoungGen      total 73216K, used 73212K [0x00000000eb180000, 0x00000000f2600000, 0x0000000100000000)
  eden space 65536K, 100% used [0x00000000eb180000,0x00000000ef180000,0x00000000ef180000)
  from space 7680K, 99% used [0x00000000ef180000,0x00000000ef8ff020,0x00000000ef900000)
  to   space 9216K, 0% used [0x00000000f1d00000,0x00000000f1d00000,0x00000000f2600000)
 ParOldGen       total 35840K, used 7302K [0x00000000c1400000, 0x00000000c3700000, 0x00000000eb180000)
  object space 35840K, 20% used [0x00000000c1400000,0x00000000c1b21ac0,0x00000000c3700000)
 Metaspace       used 33253K, capacity 35270K, committed 35416K, reserved 1079296K
  class space    used 4259K, capacity 4617K, committed 4696K, reserved 1048576K
Event: 5.767 GC heap after
Heap after GC invocations=9 (full 1):
 PSYoungGen      total 108544K, used 8961K [0x00000000eb180000, 0x00000000f2680000, 0x0000000100000000)
  eden space 99328K, 0% used [0x00000000eb180000,0x00000000eb180000,0x00000000f1280000)
  from space 9216K, 97% used [0x00000000f1d00000,0x00000000f25c0500,0x00000000f2600000)
  to   space 10240K, 0% used [0x00000000f1280000,0x00000000f1280000,0x00000000f1c80000)
 ParOldGen       total 35840K, used 7374K [0x00000000c1400000, 0x00000000c3700000, 0x00000000eb180000)
  object space 35840K, 20% used [0x00000000c1400000,0x00000000c1b33ad0,0x00000000c3700000)
 Metaspace       used 33253K, capacity 35270K, committed 35416K, reserved 1079296K
  class space    used 4259K, capacity 4617K, committed 4696K, reserved 1048576K
}
Event: 5.826 GC heap before
{Heap before GC invocations=10 (full 1):
 PSYoungGen      total 108544K, used 14418K [0x00000000eb180000, 0x00000000f2680000, 0x0000000100000000)
  eden space 99328K, 5% used [0x00000000eb180000,0x00000000eb6d4660,0x00000000f1280000)
  from space 9216K, 97% used [0x00000000f1d00000,0x00000000f25c0500,0x00000000f2600000)
  to   space 10240K, 0% used [0x00000000f1280000,0x00000000f1280000,0x00000000f1c80000)
 ParOldGen       total 35840K, used 7374K [0x00000000c1400000, 0x00000000c3700000, 0x00000000eb180000)
  object space 35840K, 20% used [0x00000000c1400000,0x00000000c1b33ad0,0x00000000c3700000)
 Metaspace       used 33341K, capacity 35338K, committed 35416K, reserved 1079296K
  class space    used 4270K, capacity 4625K, committed 4696K, reserved 1048576K
Event: 5.834 GC heap after
Heap after GC invocations=10 (full 1):
 PSYoungGen      total 109568K, used 5918K [0x00000000eb180000, 0x00000000f5280000, 0x0000000100000000)
  eden space 99328K, 0% used [0x00000000eb180000,0x00000000eb180000,0x00000000f1280000)
  from space 10240K, 57% used [0x00000000f1280000,0x00000000f1847990,0x00000000f1c80000)
  to   space 10240K, 0% used [0x00000000f4880000,0x00000000f4880000,0x00000000f5280000)
 ParOldGen       total 35840K, used 7382K [0x00000000c1400000, 0x00000000c3700000, 0x00000000eb180000)
  object space 35840K, 20% used [0x00000000c1400000,0x00000000c1b35ad0,0x00000000c3700000)
 Metaspace       used 33341K, capacity 35338K, committed 35416K, reserved 1079296K
  class space    used 4270K, capacity 4625K, committed 4696K, reserved 1048576K
}
Event: 5.834 GC heap before
{Heap before GC invocations=11 (full 2):
 PSYoungGen      total 109568K, used 5918K [0x00000000eb180000, 0x00000000f5280000, 0x0000000100000000)
  eden space 99328K, 0% used [0x00000000eb180000,0x00000000eb180000,0x00000000f1280000)
  from space 10240K, 57% used [0x00000000f1280000,0x00000000f1847990,0x00000000f1c80000)
  to   space 10240K, 0% used [0x00000000f4880000,0x00000000f4880000,0x00000000f5280000)
 ParOldGen       total 35840K, used 7382K [0x00000000c1400000, 0x00000000c3700000, 0x00000000eb180000)
  object space 35840K, 20% used [0x00000000c1400000,0x00000000c1b35ad0,0x00000000c3700000)
 Metaspace       used 33341K, capacity 35338K, committed 35416K, reserved 1079296K
  class space    used 4270K, capacity 4625K, committed 4696K, reserved 1048576K
Event: 5.884 GC heap after
Heap after GC invocations=11 (full 2):
 PSYoungGen      total 109568K, used 0K [0x00000000eb180000, 0x00000000f5280000, 0x0000000100000000)
  eden space 99328K, 0% used [0x00000000eb180000,0x00000000eb180000,0x00000000f1280000)
  from space 10240K, 0% used [0x00000000f1280000,0x00000000f1280000,0x00000000f1c80000)
  to   space 10240K, 0% used [0x00000000f4880000,0x00000000f4880000,0x00000000f5280000)
 ParOldGen       total 46080K, used 10669K [0x00000000c1400000, 0x00000000c4100000, 0x00000000eb180000)
  object space 46080K, 23% used [0x00000000c1400000,0x00000000c1e6b590,0x00000000c4100000)
 Metaspace       used 33341K, capacity 35338K, committed 35416K, reserved 1079296K
  class space    used 4270K, capacity 4625K, committed 4696K, reserved 1048576K
}
Event: 18.810 GC heap before
{Heap before GC invocations=12 (full 2):
 PSYoungGen      total 109568K, used 99328K [0x00000000eb180000, 0x00000000f5280000, 0x0000000100000000)
  eden space 99328K, 100% used [0x00000000eb180000,0x00000000f1280000,0x00000000f1280000)
  from space 10240K, 0% used [0x00000000f1280000,0x00000000f1280000,0x00000000f1c80000)
  to   space 10240K, 0% used [0x00000000f4880000,0x00000000f4880000,0x00000000f5280000)
 ParOldGen       total 46080K, used 10669K [0x00000000c1400000, 0x00000000c4100000, 0x00000000eb180000)
  object space 46080K, 23% used [0x00000000c1400000,0x00000000c1e6b590,0x00000000c4100000)
 Metaspace       used 42793K, capacity 45584K, committed 45656K, reserved 1089536K
  class space    used 5465K, capacity 5960K, committed 5976K, reserved 1048576K
Event: 18.833 GC heap after
Heap after GC invocations=12 (full 2):
 PSYoungGen      total 150016K, used 10231K [0x00000000eb180000, 0x00000000f5280000, 0x0000000100000000)
  eden space 139776K, 0% used [0x00000000eb180000,0x00000000eb180000,0x00000000f3a00000)
  from space 10240K, 99% used [0x00000000f4880000,0x00000000f527de10,0x00000000f5280000)
  to   space 12288K, 0% used [0x00000000f3a80000,0x00000000f3a80000,0x00000000f4680000)
 ParOldGen       total 46080K, used 12955K [0x00000000c1400000, 0x00000000c4100000, 0x00000000eb180000)
  object space 46080K, 28% used [0x00000000c1400000,0x00000000c20a6f90,0x00000000c4100000)
 Metaspace       used 42793K, capacity 45584K, committed 45656K, reserved 1089536K
  class space    used 5465K, capacity 5960K, committed 5976K, reserved 1048576K
}

Deoptimization events (10 events):
Event: 18.609 Thread 0x000000001aa7f800 Uncommon trap: reason=unstable_if action=reinterpret pc=0x0000000003c41304 method=org.springframework.beans.factory.support.AbstractBeanFactory.isTypeMatch(Ljava/lang/String;Lorg/springframework/core/ResolvableType;Z)Z @ 34
Event: 18.703 Thread 0x000000001aa7f800 Uncommon trap: reason=unstable_if action=reinterpret pc=0x00000000038e3118 method=java.lang.ThreadLocal$ThreadLocalMap.getEntry(Ljava/lang/ThreadLocal;)Ljava/lang/ThreadLocal$ThreadLocalMap$Entry; @ 29
Event: 19.709 Thread 0x000000001aa7f800 Uncommon trap: reason=class_check action=maybe_recompile pc=0x0000000003271fd0 method=sun.misc.URLClassPath.getLoader(I)Lsun/misc/URLClassPath$Loader; @ 94
Event: 19.998 Thread 0x000000001aa7f800 Uncommon trap: reason=unstable_if action=reinterpret pc=0x0000000003a9c6b4 method=java.util.HashMap$HashIterator.<init>(Ljava/util/HashMap;)V @ 45
Event: 20.038 Thread 0x000000001aa7f800 Uncommon trap: reason=unstable_if action=reinterpret pc=0x00000000034e2d04 method=java.util.Hashtable$Enumerator.nextElement()Ljava/lang/Object; @ 87
Event: 20.038 Thread 0x000000001aa7f800 Uncommon trap: reason=unstable_if action=reinterpret pc=0x00000000034d6580 method=java.util.Hashtable$Enumerator.nextElement()Ljava/lang/Object; @ 87
Event: 20.049 Thread 0x000000001aa7f800 Uncommon trap: reason=class_check action=maybe_recompile pc=0x0000000003271fd0 method=sun.misc.URLClassPath.getLoader(I)Lsun/misc/URLClassPath$Loader; @ 94
Event: 20.536 Thread 0x000000001aa81000 Uncommon trap: reason=class_check action=maybe_recompile pc=0x0000000003a1b8d0 method=java.util.concurrent.ConcurrentHashMap.putVal(Ljava/lang/Object;Ljava/lang/Object;Z)Ljava/lang/Object; @ 192
Event: 20.536 Thread 0x000000001aa81000 Uncommon trap: reason=class_check action=maybe_recompile pc=0x0000000003a1b8d0 method=java.util.concurrent.ConcurrentHashMap.putVal(Ljava/lang/Object;Ljava/lang/Object;Z)Ljava/lang/Object; @ 192
Event: 20.549 Thread 0x000000001aa81000 Uncommon trap: reason=class_check action=maybe_recompile pc=0x0000000003a1b8d0 method=java.util.concurrent.ConcurrentHashMap.putVal(Ljava/lang/Object;Ljava/lang/Object;Z)Ljava/lang/Object; @ 192

Classes redefined (0 events):
No events

Internal exceptions (10 events):
Event: 20.095 Thread 0x000000001aa7f800 Exception <a 'java/lang/ClassNotFoundException': java/lang/ObjectCustomizer> (0x00000000ee0635f8) thrown at [C:\re\workspace\8-2-build-windows-amd64-cygwin\jdk8u181\11358\hotspot\src\share\vm\classfile\systemDictionary.cpp, line 210]
Event: 20.097 Thread 0x000000001aa7f800 Exception <a 'java/lang/ClassNotFoundException': javax/servlet/jsp/JspContextCustomizer> (0x00000000ee075ec0) thrown at [C:\re\workspace\8-2-build-windows-amd64-cygwin\jdk8u181\11358\hotspot\src\share\vm\classfile\systemDictionary.cpp, line 210]
Event: 20.100 Thread 0x000000001aa7f800 Exception <a 'java/lang/ClassNotFoundException': javax/servlet/jsp/PageContextCustomizer> (0x00000000ee090b88) thrown at [C:\re\workspace\8-2-build-windows-amd64-cygwin\jdk8u181\11358\hotspot\src\share\vm\classfile\systemDictionary.cpp, line 210]
Event: 20.103 Thread 0x000000001aa7f800 Exception <a 'java/lang/ClassNotFoundException': org/apache/jasper/runtime/PageContextImplCustomizer> (0x00000000ee0b6390) thrown at [C:\re\workspace\8-2-build-windows-amd64-cygwin\jdk8u181\11358\hotspot\src\share\vm\classfile\systemDictionary.cpp, line 2
Event: 20.111 Thread 0x000000001aa7f800 Exception <a 'java/lang/ClassNotFoundException': org/apache/catalina/core/ApplicationHttpRequestBeanInfo> (0x00000000ee10c9b8) thrown at [C:\re\workspace\8-2-build-windows-amd64-cygwin\jdk8u181\11358\hotspot\src\share\vm\classfile\systemDictionary.cpp, li
Event: 20.112 Thread 0x000000001aa7f800 Exception <a 'java/lang/ClassNotFoundException': javax/servlet/http/HttpServletRequestWrapperBeanInfo> (0x00000000ee11d318) thrown at [C:\re\workspace\8-2-build-windows-amd64-cygwin\jdk8u181\11358\hotspot\src\share\vm\classfile\systemDictionary.cpp, line 
Event: 20.114 Thread 0x000000001aa7f800 Exception <a 'java/lang/ClassNotFoundException': javax/servlet/ServletRequestWrapperBeanInfo> (0x00000000ee12c4e0) thrown at [C:\re\workspace\8-2-build-windows-amd64-cygwin\jdk8u181\11358\hotspot\src\share\vm\classfile\systemDictionary.cpp, line 210]
Event: 20.115 Thread 0x000000001aa7f800 Exception <a 'java/lang/ClassNotFoundException': javax/servlet/ServletRequestWrapperCustomizer> (0x00000000ee13bc70) thrown at [C:\re\workspace\8-2-build-windows-amd64-cygwin\jdk8u181\11358\hotspot\src\share\vm\classfile\systemDictionary.cpp, line 210]
Event: 20.118 Thread 0x000000001aa7f800 Exception <a 'java/lang/ClassNotFoundException': javax/servlet/http/HttpServletRequestWrapperCustomizer> (0x00000000ee175718) thrown at [C:\re\workspace\8-2-build-windows-amd64-cygwin\jdk8u181\11358\hotspot\src\share\vm\classfile\systemDictionary.cpp, lin
Event: 20.121 Thread 0x000000001aa7f800 Exception <a 'java/lang/ClassNotFoundException': org/apache/catalina/core/ApplicationHttpRequestCustomizer> (0x00000000ee1b7c70) thrown at [C:\re\workspace\8-2-build-windows-amd64-cygwin\jdk8u181\11358\hotspot\src\share\vm\classfile\systemDictionary.cpp, 

Events (10 events):
Event: 20.639 loading class com/fasterxml/jackson/core/io/NumberOutput
Event: 20.639 loading class com/fasterxml/jackson/core/io/NumberOutput done
Event: 20.644 loading class com/fasterxml/jackson/databind/ser/impl/PropertySerializerMap$TypeAndSerializer
Event: 20.644 loading class com/fasterxml/jackson/databind/ser/impl/PropertySerializerMap$TypeAndSerializer done
Event: 20.647 Executing VM operation: RevokeBias
Event: 20.648 Executing VM operation: RevokeBias done
Event: 20.654 Executing VM operation: RevokeBias
Event: 20.654 Executing VM operation: RevokeBias done
Event: 20.654 Executing VM operation: RevokeBias
Event: 20.654 Executing VM operation: RevokeBias done


Dynamic libraries:
0x00007ff783cd0000 - 0x00007ff783d07000 	C:\Program Files\Java\jdk1.8.0_181\bin\java.exe
0x00007ffa92100000 - 0x00007ffa922f0000 	C:\WINDOWS\SYSTEM32\ntdll.dll
0x00007ffa909e0000 - 0x00007ffa90a92000 	C:\WINDOWS\System32\KERNEL32.DLL
0x00007ffa8fba0000 - 0x00007ffa8fe45000 	C:\WINDOWS\System32\KERNELBASE.dll
0x00007ffa91370000 - 0x00007ffa91413000 	C:\WINDOWS\System32\ADVAPI32.dll
0x00007ffa91420000 - 0x00007ffa914be000 	C:\WINDOWS\System32\msvcrt.dll
0x00007ffa905a0000 - 0x00007ffa90637000 	C:\WINDOWS\System32\sechost.dll
0x00007ffa91250000 - 0x00007ffa91370000 	C:\WINDOWS\System32\RPCRT4.dll
0x00007ffa90640000 - 0x00007ffa907d5000 	C:\WINDOWS\System32\USER32.dll
0x00007ffa8f3f0000 - 0x00007ffa8f411000 	C:\WINDOWS\System32\win32u.dll
0x00007ffa907f0000 - 0x00007ffa90816000 	C:\WINDOWS\System32\GDI32.dll
0x00007ffa8f250000 - 0x00007ffa8f3e6000 	C:\WINDOWS\System32\gdi32full.dll
0x00007ffa900b0000 - 0x00007ffa9014e000 	C:\WINDOWS\System32\msvcp_win.dll
0x00007ffa8ff00000 - 0x00007ffa8fffa000 	C:\WINDOWS\System32\ucrtbase.dll
0x00007ffa7ea80000 - 0x00007ffa7ed04000 	C:\WINDOWS\WinSxS\amd64_microsoft.windows.common-controls_6595b64144ccf1df_6.0.18362.1082_none_9e8193e1e45b25c1\COMCTL32.dll
0x00007ffa91bb0000 - 0x00007ffa91ee5000 	C:\WINDOWS\System32\combase.dll
0x00007ffa8fe80000 - 0x00007ffa8ff00000 	C:\WINDOWS\System32\bcryptPrimitives.dll
0x00007ffa91ef0000 - 0x00007ffa91f1e000 	C:\WINDOWS\System32\IMM32.DLL
0x00000000771c0000 - 0x0000000077292000 	C:\Program Files\Java\jdk1.8.0_181\jre\bin\msvcr100.dll
0x0000000076020000 - 0x00000000768c2000 	C:\Program Files\Java\jdk1.8.0_181\jre\bin\server\jvm.dll
0x00007ffa92000000 - 0x00007ffa92008000 	C:\WINDOWS\System32\PSAPI.DLL
0x00007ffa8d120000 - 0x00007ffa8d129000 	C:\WINDOWS\SYSTEM32\WSOCK32.dll
0x00007ffa90c50000 - 0x00007ffa90cbf000 	C:\WINDOWS\System32\WS2_32.dll
0x00007ffa8cfe0000 - 0x00007ffa8d004000 	C:\WINDOWS\SYSTEM32\WINMM.dll
0x00007ffa80bc0000 - 0x00007ffa80bca000 	C:\WINDOWS\SYSTEM32\VERSION.dll
0x00007ffa8cfb0000 - 0x00007ffa8cfdd000 	C:\WINDOWS\SYSTEM32\WINMMBASE.dll
0x00007ffa8f090000 - 0x00007ffa8f0da000 	C:\WINDOWS\System32\cfgmgr32.dll
0x00000000771b0000 - 0x00000000771bf000 	C:\Program Files\Java\jdk1.8.0_181\jre\bin\verify.dll
0x0000000077180000 - 0x00000000771a9000 	C:\Program Files\Java\jdk1.8.0_181\jre\bin\java.dll
0x00000000770f0000 - 0x0000000077113000 	C:\Program Files\Java\jdk1.8.0_181\jre\bin\instrument.dll
0x0000000077160000 - 0x0000000077176000 	C:\Program Files\Java\jdk1.8.0_181\jre\bin\zip.dll
0x00007ffa914c0000 - 0x00007ffa91ba7000 	C:\WINDOWS\System32\SHELL32.dll
0x00007ffa92010000 - 0x00007ffa920b9000 	C:\WINDOWS\System32\shcore.dll
0x00007ffa8f420000 - 0x00007ffa8fba0000 	C:\WINDOWS\System32\windows.storage.dll
0x00007ffa8f040000 - 0x00007ffa8f063000 	C:\WINDOWS\System32\profapi.dll
0x00007ffa8efd0000 - 0x00007ffa8f01a000 	C:\WINDOWS\System32\powrprof.dll
0x00007ffa8efc0000 - 0x00007ffa8efd0000 	C:\WINDOWS\System32\UMPDC.dll
0x00007ffa91fa0000 - 0x00007ffa91ff2000 	C:\WINDOWS\System32\shlwapi.dll
0x00007ffa8f020000 - 0x00007ffa8f031000 	C:\WINDOWS\System32\kernel.appcore.dll
0x00007ffa8f0e0000 - 0x00007ffa8f0f7000 	C:\WINDOWS\System32\cryptsp.dll
0x00007ffa85f60000 - 0x00007ffa85f7a000 	C:\Program Files\JetBrains\IntelliJ IDEA Community Edition 2020.2.1\bin\breakgen64.dll
0x0000000077140000 - 0x000000007715a000 	C:\Program Files\Java\jdk1.8.0_181\jre\bin\net.dll
0x00007ffa8e7b0000 - 0x00007ffa8e817000 	C:\WINDOWS\system32\mswsock.dll
0x00000000770e0000 - 0x00000000770ed000 	C:\Program Files\Java\jdk1.8.0_181\jre\bin\management.dll
0x00007ffa7a0e0000 - 0x00007ffa7a0f6000 	C:\WINDOWS\system32\napinsp.dll
0x00007ffa79c50000 - 0x00007ffa79c6a000 	C:\WINDOWS\system32\pnrpnsp.dll
0x00007ffa8e500000 - 0x00007ffa8e5cb000 	C:\WINDOWS\SYSTEM32\DNSAPI.dll
0x00007ffa907e0000 - 0x00007ffa907e8000 	C:\WINDOWS\System32\NSI.dll
0x00007ffa8e4c0000 - 0x00007ffa8e4fa000 	C:\WINDOWS\SYSTEM32\IPHLPAPI.DLL
0x00007ffa7b9b0000 - 0x00007ffa7b9be000 	C:\WINDOWS\System32\winrnr.dll
0x00007ffa8b7f0000 - 0x00007ffa8b80c000 	C:\WINDOWS\system32\NLAapi.dll
0x00007ffa8a3d0000 - 0x00007ffa8a3e5000 	C:\WINDOWS\system32\wshbth.dll
0x00007ffa81ec0000 - 0x00007ffa81eca000 	C:\Windows\System32\rasadhlp.dll
0x00007ffa860c0000 - 0x00007ffa86137000 	C:\WINDOWS\System32\fwpuclnt.dll
0x00007ffa8fe50000 - 0x00007ffa8fe76000 	C:\WINDOWS\System32\bcrypt.dll
0x0000000077120000 - 0x0000000077131000 	C:\Program Files\Java\jdk1.8.0_181\jre\bin\nio.dll
0x00007ffa8e320000 - 0x00007ffa8e353000 	C:\WINDOWS\system32\rsaenh.dll
0x00007ffa8eee0000 - 0x00007ffa8ef05000 	C:\WINDOWS\SYSTEM32\USERENV.dll
0x00007ffa8e980000 - 0x00007ffa8e98c000 	C:\WINDOWS\SYSTEM32\CRYPTBASE.dll
0x00007ffa86ea0000 - 0x00007ffa86eb6000 	C:\WINDOWS\SYSTEM32\dhcpcsvc6.DLL
0x00007ffa86ed0000 - 0x00007ffa86eec000 	C:\WINDOWS\SYSTEM32\dhcpcsvc.DLL
0x00000000770b0000 - 0x00000000770d4000 	C:\Program Files\Java\jdk1.8.0_181\jre\bin\sunec.dll
0x00000000770a0000 - 0x00000000770ab000 	C:\Program Files\Java\jdk1.8.0_181\jre\bin\sunmscapi.dll
0x00007ffa8f100000 - 0x00007ffa8f249000 	C:\WINDOWS\System32\CRYPT32.dll
0x00007ffa8f070000 - 0x00007ffa8f082000 	C:\WINDOWS\System32\MSASN1.dll

VM Arguments:
jvm_args: -javaagent:C:\Program Files\JetBrains\IntelliJ IDEA Community Edition 2020.2.1\lib\idea_rt.jar=59994:C:\Program Files\JetBrains\IntelliJ IDEA Community Edition 2020.2.1\bin -Dfile.encoding=UTF-8 
java_command: com.hobbyHub.HobbyHubApplication
java_class_path (initial): C:\Program Files\Java\jdk1.8.0_181\jre\lib\charsets.jar;C:\Program Files\Java\jdk1.8.0_181\jre\lib\deploy.jar;C:\Program Files\Java\jdk1.8.0_181\jre\lib\ext\access-bridge-64.jar;C:\Program Files\Java\jdk1.8.0_181\jre\lib\ext\cldrdata.jar;C:\Program Files\Java\jdk1.8.0_181\jre\lib\ext\dnsns.jar;C:\Program Files\Java\jdk1.8.0_181\jre\lib\ext\jaccess.jar;C:\Program Files\Java\jdk1.8.0_181\jre\lib\ext\jfxrt.jar;C:\Program Files\Java\jdk1.8.0_181\jre\lib\ext\localedata.jar;C:\Program Files\Java\jdk1.8.0_181\jre\lib\ext\nashorn.jar;C:\Program Files\Java\jdk1.8.0_181\jre\lib\ext\sunec.jar;C:\Program Files\Java\jdk1.8.0_181\jre\lib\ext\sunjce_provider.jar;C:\Program Files\Java\jdk1.8.0_181\jre\lib\ext\sunmscapi.jar;C:\Program Files\Java\jdk1.8.0_181\jre\lib\ext\sunpkcs11.jar;C:\Program Files\Java\jdk1.8.0_181\jre\lib\ext\zipfs.jar;C:\Program Files\Java\jdk1.8.0_181\jre\lib\javaws.jar;C:\Program Files\Java\jdk1.8.0_181\jre\lib\jce.jar;C:\Program Files\Java\jdk1.8.0_181\jre\lib\jfr.jar;C:\Program Files\Java\jdk1.8.0_181\jre\lib\jfxswt.jar;C:\Program Files\Java\jdk1.8.0_181\jre\lib\jsse.jar;C:\Program Files\Java\jdk1.8.0_181\jre\lib\management-agent.jar;C:\Program Files\Java\jdk1.8.0_181\jre\lib\plugin.jar;C:\Program Files\Java\jdk1.8.0_181\jre\lib\resources.jar;C:\Program Files\Java\jdk1.8.0_181\jre\lib\rt.jar;C:\Users\zaid\IdeaProjects\HobbyHub\target\classes;C:\Users\zaid\.m2\repository\org\springframework\boot\spring-boot-starter-web\2.3.3.RELEASE\spring-boot-starter-web-2.3.3.RELEASE.jar;C:\Users\zaid\.m2\repository\org\springframework\boot\spring-boot-starter\2.3.3.RELEASE\spring-boot-starter-2.3.3.RELEASE.jar;C:\Users\zaid\.m2\repository\org\springframework\boot\spring-boot\2.3.3.RELEASE\spring-boot-2.3.3.RELEASE.jar;C:\Users\zaid\.m2\repository\org\springframework\boot\spring-boot-autoconfigure\2.3.3.RELEASE\spring-boot-autoconfigure-2.3.3.RELEASE.jar;C:\Users\zaid\.m2\repository\org\springframework\boot\spring-boot-starter-logging\2.3.3.RE
Launcher Type: SUN_STANDARD

Environment Variables:
JAVA_HOME=C:\Program Files\Java\jdk1.8.0_181
JRE_HOME=C:\Program Files\Java\jre1.8.0_261
CLASSPATH=?C:\Program Files\Java\junit-4.10.jar
PATH=C:\Program Files\Java\jdk1.8.0_181\bin;C:\Program Files\Git_\cmd;C:\Program Files\Git_\mingw64\bin;C:\Program Files\Git_\usr\bin;C:\Program Files\Java\jdk1.8.0_181\bin;C:\Users\zaid\AppData\Local\Programs\Microsoft VS Code\bin;C:\Program Files\JetBrains\IntelliJ IDEA Community Edition 2020.2.1\bin;
USERNAME=zaid
OS=Windows_NT
PROCESSOR_IDENTIFIER=Intel64 Family 6 Model 61 Stepping 4, GenuineIntel



---------------  S Y S T E M  ---------------

OS: Windows 10.0 , 64 bit Build 18362 (10.0.18362.1082)

CPU:total 4 (initial active 4) (2 cores per cpu, 2 threads per core) family 6 model 61 stepping 4, cmov, cx8, fxsr, mmx, sse, sse2, sse3, ssse3, sse4.1, sse4.2, popcnt, avx, avx2, aes, clmul, erms, 3dnowpref, lzcnt, ht, tsc, tscinvbit, bmi1, bmi2, adx

Memory: 4k page, physical 4107344k(324496k free), swap 16690256k(7316k free)

vm_info: Java HotSpot(TM) 64-Bit Server VM (25.181-b13) for windows-amd64 JRE (1.8.0_181-b13), built on Jul  7 2018 04:01:33 by "java_re" with MS VC++ 10.0 (VS2010)

time: Wed Sep 16 06:02:28 2020
elapsed time: 20 seconds (0d 0h 0m 20s)

