#
# There is insufficient memory for the Java Runtime Environment to continue.
# Native memory allocation (malloc) failed to allocate 1246096 bytes for Chunk::new
# Possible reasons:
#   The system is out of physical RAM or swap space
#   In 32 bit mode, the process size limit was hit
# Possible solutions:
#   Reduce memory load on the system
#   Increase physical memory or swap space
#   Check if swap backing store is full
#   Use 64 bit Java on a 64 bit OS
#   Decrease Java heap size (-Xmx/-Xms)
#   Decrease number of Java threads
#   Decrease Java thread stack sizes (-Xss)
#   Set larger code cache with -XX:ReservedCodeCacheSize=
# This output file may be truncated or incomplete.
#
#  Out of Memory Error (allocation.cpp:390), pid=10260, tid=0x0000000000001ab8
#
# JRE version: Java(TM) SE Runtime Environment (8.0_181-b13) (build 1.8.0_181-b13)
# Java VM: Java HotSpot(TM) 64-Bit Server VM (25.181-b13 mixed mode windows-amd64 compressed oops)
# Failed to write core dump. Minidumps are not enabled by default on client versions of Windows
#

---------------  T H R E A D  ---------------

Current thread (0x000000001662e000):  JavaThread "C2 CompilerThread1" daemon [_thread_in_native, id=6840, stack(0x0000000016a50000,0x0000000016b50000)]

Stack: [0x0000000016a50000,0x0000000016b50000]
[error occurred during error reporting (printing stack bounds), id 0xc0000005]

Native frames: (J=compiled Java code, j=interpreted, Vv=VM code, C=native code)


Current CompileTask:
C2:  10386 4204       4       org.springframework.beans.factory.support.AbstractBeanFactory::isTypeMatch (607 bytes)


---------------  P R O C E S S  ---------------

Java Threads: ( => current thread )
  0x000000001a814000 JavaThread "cluster-ClusterId{value='5f6150f03b67bb072e38fe2a', description='null'}-cluster0-shard-00-02.ookg1.mongodb.net:27017" daemon [_thread_in_vm, id=2316, stack(0x000000001c670000,0x000000001c770000)]
  0x000000001a812800 JavaThread "cluster-ClusterId{value='5f6150f03b67bb072e38fe2a', description='null'}-cluster0-shard-00-00.ookg1.mongodb.net:27017" daemon [_thread_in_native, id=2756, stack(0x000000001c3e0000,0x000000001c4e0000)]
  0x000000001a815800 JavaThread "cluster-ClusterId{value='5f6150f03b67bb072e38fe2a', description='null'}-cluster0-shard-00-01.ookg1.mongodb.net:27017" daemon [_thread_in_native, id=9328, stack(0x000000001c2e0000,0x000000001c3e0000)]
  0x000000001a814800 JavaThread "cluster-ClusterId{value='5f6150f03b67bb072e38fe2a', description='null'}-srv-cluster0.ookg1.mongodb.net" daemon [_thread_blocked, id=6680, stack(0x000000001c570000,0x000000001c670000)]
  0x000000001a819000 JavaThread "Thread-2" daemon [_thread_in_native, id=3492, stack(0x000000001c1e0000,0x000000001c2e0000)]
  0x000000001a818800 JavaThread "container-0" [_thread_blocked, id=11960, stack(0x000000001bee0000,0x000000001bfe0000)]
  0x000000001a813000 JavaThread "Catalina-utility-2" [_thread_blocked, id=8328, stack(0x000000001ab70000,0x000000001ac70000)]
  0x000000001a817800 JavaThread "Catalina-utility-1" [_thread_blocked, id=4072, stack(0x0000000018ca0000,0x0000000018da0000)]
  0x000000001674d000 JavaThread "Service Thread" daemon [_thread_blocked, id=13796, stack(0x0000000016c50000,0x0000000016d50000)]
  0x000000001663a800 JavaThread "C1 CompilerThread2" daemon [_thread_blocked, id=5288, stack(0x0000000016b50000,0x0000000016c50000)]
=>0x000000001662e000 JavaThread "C2 CompilerThread1" daemon [_thread_in_native, id=6840, stack(0x0000000016a50000,0x0000000016b50000)]
  0x000000001662d000 JavaThread "C2 CompilerThread0" daemon [_thread_in_native, id=8276, stack(0x0000000016950000,0x0000000016a50000)]
  0x0000000016629800 JavaThread "Monitor Ctrl-Break" daemon [_thread_in_native, id=10400, stack(0x0000000016850000,0x0000000016950000)]
  0x0000000014dff000 JavaThread "Attach Listener" daemon [_thread_blocked, id=1236, stack(0x0000000016350000,0x0000000016450000)]
  0x0000000014e10800 JavaThread "Signal Dispatcher" daemon [_thread_blocked, id=9564, stack(0x0000000016250000,0x0000000016350000)]
  0x00000000027ee000 JavaThread "Finalizer" daemon [_thread_blocked, id=10380, stack(0x0000000016050000,0x0000000016150000)]
  0x00000000027e5000 JavaThread "Reference Handler" daemon [_thread_blocked, id=6636, stack(0x0000000015f50000,0x0000000016050000)]
  0x00000000026f4800 JavaThread "main" [_thread_in_Java, id=13296, stack(0x0000000002410000,0x0000000002510000)]

Other Threads:
  0x0000000014dc7000 VMThread [stack: 0x0000000015e50000,0x0000000015f50000] [id=13516]
  0x0000000016753000 WatcherThread [stack: 0x0000000016d50000,0x0000000016e50000] [id=10304]

VM state:not at safepoint (normal execution)

VM Mutex/Monitor currently owned by a thread: None

Heap:
 PSYoungGen      total 79872K, used 71690K [0x00000000eb180000, 0x00000000f1680000, 0x0000000100000000)
  eden space 73216K, 97% used [0x00000000eb180000,0x00000000ef782a98,0x00000000ef900000)
  from space 6656K, 0% used [0x00000000f0100000,0x00000000f0100000,0x00000000f0780000)
  to   space 8192K, 0% used [0x00000000ef900000,0x00000000ef900000,0x00000000f0100000)
 ParOldGen       total 49664K, used 12810K [0x00000000c1400000, 0x00000000c4480000, 0x00000000eb180000)
  object space 49664K, 25% used [0x00000000c1400000,0x00000000c20828a0,0x00000000c4480000)
 Metaspace       used 39035K, capacity 41573K, committed 41816K, reserved 1085440K
  class space    used 5007K, capacity 5459K, committed 5464K, reserved 1048576K

Card table byte_map: [0x0000000011bb0000,0x0000000011db0000] byte_map_base: 0x00000000115a6000

Marking Bits: (ParMarkBitMap*) 0x0000000076842d00
 Begin Bits: [0x0000000012300000, 0x00000000132b0000)
 End Bits:   [0x00000000132b0000, 0x0000000014260000)

Polling page: 0x00000000006e0000

CodeCache: size=245760Kb used=12729Kb max_used=12765Kb free=233030Kb
 bounds [0x00000000027f0000, 0x0000000003480000, 0x00000000117f0000]
 total_blobs=4158 nmethods=3716 adapters=354
 compilation: enabled

Compilation events (10 events):
Event: 10.369 Thread 0x000000001663a800 4296       3       org.springframework.core.annotation.MissingMergedAnnotation::withNonMergedAttributes (2 bytes)
Event: 10.370 Thread 0x000000001663a800 nmethod 4296 0x0000000002d03c90 code [0x0000000002d03de0, 0x0000000002d03f30]
Event: 10.373 Thread 0x000000001663a800 4297       3       org.springframework.boot.context.properties.source.SpringIterableConfigurationPropertySource$Mappings::getConfigurationPropertyNames (74 bytes)
Event: 10.373 Thread 0x000000001663a800 nmethod 4297 0x00000000029c1d10 code [0x00000000029c1ec0, 0x00000000029c2618]
Event: 10.375 Thread 0x000000001663a800 4298       1       org.springframework.boot.context.properties.bind.Binder$Context::getConverter (5 bytes)
Event: 10.375 Thread 0x000000001663a800 nmethod 4298 0x0000000002d039d0 code [0x0000000002d03b20, 0x0000000002d03c30]
Event: 10.375 Thread 0x000000001663a800 4299       1       org.springframework.boot.context.properties.bind.Bindable::getAnnotations (5 bytes)
Event: 10.375 Thread 0x000000001663a800 nmethod 4299 0x00000000029c1a50 code [0x00000000029c1ba0, 0x00000000029c1cb0]
Event: 10.375 Thread 0x000000001663a800 4301       3       org.springframework.beans.factory.support.AbstractAutowireCapableBeanFactory::applyBeanPostProcessorsAfterInitialization (61 bytes)
Event: 10.376 Thread 0x000000001663a800 nmethod 4301 0x00000000032ccd50 code [0x00000000032ccf00, 0x00000000032cd618]

GC Heap History (10 events):
Event: 3.850 GC heap before
{Heap before GC invocations=8 (full 1):
 PSYoungGen      total 38912K, used 4419K [0x00000000eb180000, 0x00000000efd80000, 0x0000000100000000)
  eden space 32768K, 0% used [0x00000000eb180000,0x00000000eb180000,0x00000000ed180000)
  from space 6144K, 71% used [0x00000000ed180000,0x00000000ed5d0c68,0x00000000ed780000)
  to   space 6144K, 0% used [0x00000000ef780000,0x00000000ef780000,0x00000000efd80000)
 ParOldGen       total 44032K, used 9310K [0x00000000c1400000, 0x00000000c3f00000, 0x00000000eb180000)
  object space 44032K, 21% used [0x00000000c1400000,0x00000000c1d17a88,0x00000000c3f00000)
 Metaspace       used 20349K, capacity 21140K, committed 21248K, reserved 1067008K
  class space    used 2516K, capacity 2720K, committed 2816K, reserved 1048576K
Event: 3.882 GC heap after
Heap after GC invocations=8 (full 1):
 PSYoungGen      total 38912K, used 0K [0x00000000eb180000, 0x00000000efd80000, 0x0000000100000000)
  eden space 32768K, 0% used [0x00000000eb180000,0x00000000eb180000,0x00000000ed180000)
  from space 6144K, 0% used [0x00000000ed180000,0x00000000ed180000,0x00000000ed780000)
  to   space 6144K, 0% used [0x00000000ef780000,0x00000000ef780000,0x00000000efd80000)
 ParOldGen       total 31744K, used 6487K [0x00000000c1400000, 0x00000000c3300000, 0x00000000eb180000)
  object space 31744K, 20% used [0x00000000c1400000,0x00000000c1a55c28,0x00000000c3300000)
 Metaspace       used 20349K, capacity 21140K, committed 21248K, reserved 1067008K
  class space    used 2516K, capacity 2720K, committed 2816K, reserved 1048576K
}
Event: 4.989 GC heap before
{Heap before GC invocations=9 (full 1):
 PSYoungGen      total 38912K, used 32768K [0x00000000eb180000, 0x00000000efd80000, 0x0000000100000000)
  eden space 32768K, 100% used [0x00000000eb180000,0x00000000ed180000,0x00000000ed180000)
  from space 6144K, 0% used [0x00000000ed180000,0x00000000ed180000,0x00000000ed780000)
  to   space 6144K, 0% used [0x00000000ef780000,0x00000000ef780000,0x00000000efd80000)
 ParOldGen       total 31744K, used 6487K [0x00000000c1400000, 0x00000000c3300000, 0x00000000eb180000)
  object space 31744K, 20% used [0x00000000c1400000,0x00000000c1a55c28,0x00000000c3300000)
 Metaspace       used 23695K, capacity 24844K, committed 25088K, reserved 1071104K
  class space    used 2979K, capacity 3222K, committed 3328K, reserved 1048576K
Event: 5.001 GC heap after
Heap after GC invocations=9 (full 1):
 PSYoungGen      total 58880K, used 4365K [0x00000000eb180000, 0x00000000efc00000, 0x0000000100000000)
  eden space 54272K, 0% used [0x00000000eb180000,0x00000000eb180000,0x00000000ee680000)
  from space 4608K, 94% used [0x00000000ef780000,0x00000000efbc3550,0x00000000efc00000)
  to   space 6144K, 0% used [0x00000000ef000000,0x00000000ef000000,0x00000000ef600000)
 ParOldGen       total 31744K, used 6495K [0x00000000c1400000, 0x00000000c3300000, 0x00000000eb180000)
  object space 31744K, 20% used [0x00000000c1400000,0x00000000c1a57c28,0x00000000c3300000)
 Metaspace       used 23695K, capacity 24844K, committed 25088K, reserved 1071104K
  class space    used 2979K, capacity 3222K, committed 3328K, reserved 1048576K
}
Event: 7.392 GC heap before
{Heap before GC invocations=10 (full 1):
 PSYoungGen      total 58880K, used 58637K [0x00000000eb180000, 0x00000000efc00000, 0x0000000100000000)
  eden space 54272K, 100% used [0x00000000eb180000,0x00000000ee680000,0x00000000ee680000)
  from space 4608K, 94% used [0x00000000ef780000,0x00000000efbc3550,0x00000000efc00000)
  to   space 6144K, 0% used [0x00000000ef000000,0x00000000ef000000,0x00000000ef600000)
 ParOldGen       total 31744K, used 6495K [0x00000000c1400000, 0x00000000c3300000, 0x00000000eb180000)
  object space 31744K, 20% used [0x00000000c1400000,0x00000000c1a57c28,0x00000000c3300000)
 Metaspace       used 28585K, capacity 30170K, committed 30336K, reserved 1075200K
  class space    used 3564K, capacity 3843K, committed 3968K, reserved 1048576K
Event: 7.409 GC heap after
Heap after GC invocations=10 (full 1):
 PSYoungGen      total 70144K, used 6123K [0x00000000eb180000, 0x00000000f0780000, 0x0000000100000000)
  eden space 64000K, 0% used [0x00000000eb180000,0x00000000eb180000,0x00000000ef000000)
  from space 6144K, 99% used [0x00000000ef000000,0x00000000ef5fae88,0x00000000ef600000)
  to   space 6656K, 0% used [0x00000000f0100000,0x00000000f0100000,0x00000000f0780000)
 ParOldGen       total 31744K, used 7037K [0x00000000c1400000, 0x00000000c3300000, 0x00000000eb180000)
  object space 31744K, 22% used [0x00000000c1400000,0x00000000c1adf6b0,0x00000000c3300000)
 Metaspace       used 28585K, capacity 30170K, committed 30336K, reserved 1075200K
  class space    used 3564K, capacity 3843K, committed 3968K, reserved 1048576K
}
Event: 8.672 GC heap before
{Heap before GC invocations=11 (full 1):
 PSYoungGen      total 70144K, used 51569K [0x00000000eb180000, 0x00000000f0780000, 0x0000000100000000)
  eden space 64000K, 71% used [0x00000000eb180000,0x00000000edde18d0,0x00000000ef000000)
  from space 6144K, 99% used [0x00000000ef000000,0x00000000ef5fae88,0x00000000ef600000)
  to   space 6656K, 0% used [0x00000000f0100000,0x00000000f0100000,0x00000000f0780000)
 ParOldGen       total 31744K, used 7037K [0x00000000c1400000, 0x00000000c3300000, 0x00000000eb180000)
  object space 31744K, 22% used [0x00000000c1400000,0x00000000c1adf6b0,0x00000000c3300000)
 Metaspace       used 33330K, capacity 35341K, committed 35416K, reserved 1079296K
  class space    used 4261K, capacity 4621K, committed 4696K, reserved 1048576K
Event: 8.685 GC heap after
Heap after GC invocations=11 (full 1):
 PSYoungGen      total 79872K, used 6630K [0x00000000eb180000, 0x00000000f1680000, 0x0000000100000000)
  eden space 73216K, 0% used [0x00000000eb180000,0x00000000eb180000,0x00000000ef900000)
  from space 6656K, 99% used [0x00000000f0100000,0x00000000f07798a8,0x00000000f0780000)
  to   space 8192K, 0% used [0x00000000ef900000,0x00000000ef900000,0x00000000f0100000)
 ParOldGen       total 31744K, used 8981K [0x00000000c1400000, 0x00000000c3300000, 0x00000000eb180000)
  object space 31744K, 28% used [0x00000000c1400000,0x00000000c1cc5478,0x00000000c3300000)
 Metaspace       used 33330K, capacity 35341K, committed 35416K, reserved 1079296K
  class space    used 4261K, capacity 4621K, committed 4696K, reserved 1048576K
}
Event: 8.685 GC heap before
{Heap before GC invocations=12 (full 2):
 PSYoungGen      total 79872K, used 6630K [0x00000000eb180000, 0x00000000f1680000, 0x0000000100000000)
  eden space 73216K, 0% used [0x00000000eb180000,0x00000000eb180000,0x00000000ef900000)
  from space 6656K, 99% used [0x00000000f0100000,0x00000000f07798a8,0x00000000f0780000)
  to   space 8192K, 0% used [0x00000000ef900000,0x00000000ef900000,0x00000000f0100000)
 ParOldGen       total 31744K, used 8981K [0x00000000c1400000, 0x00000000c3300000, 0x00000000eb180000)
  object space 31744K, 28% used [0x00000000c1400000,0x00000000c1cc5478,0x00000000c3300000)
 Metaspace       used 33330K, capacity 35341K, committed 35416K, reserved 1079296K
  class space    used 4261K, capacity 4621K, committed 4696K, reserved 1048576K
Event: 8.763 GC heap after
Heap after GC invocations=12 (full 2):
 PSYoungGen      total 79872K, used 0K [0x00000000eb180000, 0x00000000f1680000, 0x0000000100000000)
  eden space 73216K, 0% used [0x00000000eb180000,0x00000000eb180000,0x00000000ef900000)
  from space 6656K, 0% used [0x00000000f0100000,0x00000000f0100000,0x00000000f0780000)
  to   space 8192K, 0% used [0x00000000ef900000,0x00000000ef900000,0x00000000f0100000)
 ParOldGen       total 49664K, used 12810K [0x00000000c1400000, 0x00000000c4480000, 0x00000000eb180000)
  object space 49664K, 25% used [0x00000000c1400000,0x00000000c20828a0,0x00000000c4480000)
 Metaspace       used 33330K, capacity 35341K, committed 35416K, reserved 1079296K
  class space    used 4261K, capacity 4621K, committed 4696K, reserved 1048576K
}

Deoptimization events (10 events):
Event: 9.443 Thread 0x00000000026f4800 Uncommon trap: reason=class_check action=maybe_recompile pc=0x0000000002f96f80 method=java.lang.reflect.Method.equals(Ljava/lang/Object;)Z @ 5
Event: 9.542 Thread 0x00000000026f4800 Uncommon trap: reason=unstable_if action=reinterpret pc=0x0000000002f96f94 method=java.lang.reflect.Method.equals(Ljava/lang/Object;)Z @ 1
Event: 9.816 Thread 0x000000001a814000 Uncommon trap: reason=unstable_if action=reinterpret pc=0x0000000002d70824 method=java.io.ByteArrayInputStream.read([BII)I @ 70
Event: 9.833 Thread 0x000000001a814000 Uncommon trap: reason=unstable_if action=reinterpret pc=0x00000000032f6284 method=java.util.Arrays.equals([B[B)Z @ 41
Event: 9.833 Thread 0x000000001a814000 Uncommon trap: reason=unstable_if action=reinterpret pc=0x0000000002f7937c method=java.lang.String.indexOf([CII[CIII)I @ 27
Event: 9.835 Thread 0x000000001a815800 Uncommon trap: reason=unstable_if action=reinterpret pc=0x00000000030eb828 method=java.lang.String.indexOf([CII[CIII)I @ 27
Event: 9.846 Thread 0x000000001a812800 Uncommon trap: reason=unstable_if action=reinterpret pc=0x0000000002ac98c8 method=java.lang.String.indexOf([CII[CIII)I @ 27
Event: 10.046 Thread 0x00000000026f4800 Uncommon trap: reason=unstable_if action=reinterpret pc=0x0000000003476000 method=org.springframework.core.annotation.AnnotationsScanner.isWithoutHierarchy(Ljava/lang/reflect/AnnotatedElement;Lorg/springframework/core/annotation/MergedAnnotations$SearchSt
Event: 10.171 Thread 0x000000001a814000 Uncommon trap: reason=bimorphic action=maybe_recompile pc=0x0000000003243950 method=java.util.Hashtable.get(Ljava/lang/Object;)Ljava/lang/Object; @ 6
Event: 10.172 Thread 0x000000001a812800 Uncommon trap: reason=bimorphic action=maybe_recompile pc=0x0000000003243950 method=java.util.Hashtable.get(Ljava/lang/Object;)Ljava/lang/Object; @ 6

Classes redefined (0 events):
No events

Internal exceptions (10 events):
Event: 9.538 Thread 0x00000000026f4800 Exception <a 'java/lang/ClassNotFoundException': org/springframework/web/servlet/config/annotation/DelegatingWebMvcConfigurationCustomizer> (0x00000000eda1ab68) thrown at [C:\re\workspace\8-2-build-windows-amd64-cygwin\jdk8u181\11358\hotspot\src\share\vm\
Event: 9.539 Thread 0x00000000026f4800 Exception <a 'java/lang/ClassNotFoundException': org/springframework/boot/autoconfigure/web/servlet/WebMvcAutoConfiguration$EnableWebMvcConfigurationCustomizer> (0x00000000eda38778) thrown at [C:\re\workspace\8-2-build-windows-amd64-cygwin\jdk8u181\11358\
Event: 9.540 Thread 0x00000000026f4800 Exception <a 'java/lang/ClassNotFoundException': org/springframework/context/ResourceLoaderAwareCustomizer> (0x00000000eda58f30) thrown at [C:\re\workspace\8-2-build-windows-amd64-cygwin\jdk8u181\11358\hotspot\src\share\vm\classfile\systemDictionary.cpp, 
Event: 9.540 Thread 0x00000000026f4800 Exception <a 'java/lang/ClassNotFoundException': org/springframework/beans/factory/AwareCustomizer> (0x00000000edd4d3c8) thrown at [C:\re\workspace\8-2-build-windows-amd64-cygwin\jdk8u181\11358\hotspot\src\share\vm\classfile\systemDictionary.cpp, line 210
Event: 9.540 Thread 0x00000000026f4800 Exception <a 'java/lang/ClassNotFoundException': org/springframework/context/ApplicationContextAwareCustomizer> (0x00000000edd5d0f8) thrown at [C:\re\workspace\8-2-build-windows-amd64-cygwin\jdk8u181\11358\hotspot\src\share\vm\classfile\systemDictionary.c
Event: 9.541 Thread 0x00000000026f4800 Exception <a 'java/lang/ClassNotFoundException': org/springframework/beans/factory/AwareCustomizer> (0x00000000edd6c098) thrown at [C:\re\workspace\8-2-build-windows-amd64-cygwin\jdk8u181\11358\hotspot\src\share\vm\classfile\systemDictionary.cpp, line 210
Event: 9.541 Thread 0x00000000026f4800 Exception <a 'java/lang/ClassNotFoundException': org/springframework/web/context/ServletContextAwareCustomizer> (0x00000000edd7bd58) thrown at [C:\re\workspace\8-2-build-windows-amd64-cygwin\jdk8u181\11358\hotspot\src\share\vm\classfile\systemDictionary.c
Event: 9.542 Thread 0x00000000026f4800 Exception <a 'java/lang/ClassNotFoundException': org/springframework/beans/factory/AwareCustomizer> (0x00000000edd8a768) thrown at [C:\re\workspace\8-2-build-windows-amd64-cygwin\jdk8u181\11358\hotspot\src\share\vm\classfile\systemDictionary.cpp, line 210
Event: 9.542 Thread 0x00000000026f4800 Implicit null exception at 0x0000000002f96e0c to 0x0000000002f96f81
Event: 10.207 Thread 0x00000000026f4800 Exception <a 'java/lang/IncompatibleClassChangeError': Found class java.lang.Object, but interface was expected> (0x00000000ef286dc8) thrown at [C:\re\workspace\8-2-build-windows-amd64-cygwin\jdk8u181\11358\hotspot\src\share\vm\interpreter\linkResolver.cp

Events (10 events):
Event: 10.359 loading class org/springframework/boot/info/BuildProperties
Event: 10.359 loading class org/springframework/boot/info/BuildProperties done
Event: 10.359 loading class org/springframework/boot/info/InfoProperties
Event: 10.360 loading class org/springframework/boot/info/InfoProperties done
Event: 10.361 loading class org/springframework/boot/info/GitProperties
Event: 10.361 loading class org/springframework/boot/info/GitProperties done
Event: 10.377 loading class org/springframework/scheduling/annotation/SchedulingConfigurer
Event: 10.377 loading class org/springframework/scheduling/annotation/SchedulingConfigurer done
Event: 10.383 loading class com/mongodb/internal/connection/MessageHeader
Event: 10.383 loading class com/mongodb/internal/connection/MessageHeader done


Dynamic libraries:
0x00007ff783cd0000 - 0x00007ff783d07000 	C:\Program Files\Java\jdk1.8.0_181\bin\java.exe
0x00007ffa92100000 - 0x00007ffa922f0000 	C:\WINDOWS\SYSTEM32\ntdll.dll
0x00007ffa909e0000 - 0x00007ffa90a92000 	C:\WINDOWS\System32\KERNEL32.DLL
0x00007ffa8fba0000 - 0x00007ffa8fe45000 	C:\WINDOWS\System32\KERNELBASE.dll
0x00007ffa91370000 - 0x00007ffa91413000 	C:\WINDOWS\System32\ADVAPI32.dll
0x00007ffa91420000 - 0x00007ffa914be000 	C:\WINDOWS\System32\msvcrt.dll
0x00007ffa905a0000 - 0x00007ffa90637000 	C:\WINDOWS\System32\sechost.dll
0x00007ffa91250000 - 0x00007ffa91370000 	C:\WINDOWS\System32\RPCRT4.dll
0x00007ffa90640000 - 0x00007ffa907d5000 	C:\WINDOWS\System32\USER32.dll
0x00007ffa8f3f0000 - 0x00007ffa8f411000 	C:\WINDOWS\System32\win32u.dll
0x00007ffa907f0000 - 0x00007ffa90816000 	C:\WINDOWS\System32\GDI32.dll
0x00007ffa8f250000 - 0x00007ffa8f3e6000 	C:\WINDOWS\System32\gdi32full.dll
0x00007ffa900b0000 - 0x00007ffa9014e000 	C:\WINDOWS\System32\msvcp_win.dll
0x00007ffa8ff00000 - 0x00007ffa8fffa000 	C:\WINDOWS\System32\ucrtbase.dll
0x00007ffa7ea80000 - 0x00007ffa7ed04000 	C:\WINDOWS\WinSxS\amd64_microsoft.windows.common-controls_6595b64144ccf1df_6.0.18362.1082_none_9e8193e1e45b25c1\COMCTL32.dll
0x00007ffa91bb0000 - 0x00007ffa91ee5000 	C:\WINDOWS\System32\combase.dll
0x00007ffa8fe80000 - 0x00007ffa8ff00000 	C:\WINDOWS\System32\bcryptPrimitives.dll
0x00007ffa91ef0000 - 0x00007ffa91f1e000 	C:\WINDOWS\System32\IMM32.DLL
0x00000000771c0000 - 0x0000000077292000 	C:\Program Files\Java\jdk1.8.0_181\jre\bin\msvcr100.dll
0x0000000076020000 - 0x00000000768c2000 	C:\Program Files\Java\jdk1.8.0_181\jre\bin\server\jvm.dll
0x00007ffa92000000 - 0x00007ffa92008000 	C:\WINDOWS\System32\PSAPI.DLL
0x00007ffa8d120000 - 0x00007ffa8d129000 	C:\WINDOWS\SYSTEM32\WSOCK32.dll
0x00007ffa8cfe0000 - 0x00007ffa8d004000 	C:\WINDOWS\SYSTEM32\WINMM.dll
0x00007ffa90c50000 - 0x00007ffa90cbf000 	C:\WINDOWS\System32\WS2_32.dll
0x00007ffa80bc0000 - 0x00007ffa80bca000 	C:\WINDOWS\SYSTEM32\VERSION.dll
0x00007ffa8cfb0000 - 0x00007ffa8cfdd000 	C:\WINDOWS\SYSTEM32\WINMMBASE.dll
0x00007ffa8f090000 - 0x00007ffa8f0da000 	C:\WINDOWS\System32\cfgmgr32.dll
0x00000000771b0000 - 0x00000000771bf000 	C:\Program Files\Java\jdk1.8.0_181\jre\bin\verify.dll
0x0000000077180000 - 0x00000000771a9000 	C:\Program Files\Java\jdk1.8.0_181\jre\bin\java.dll
0x00000000770f0000 - 0x0000000077113000 	C:\Program Files\Java\jdk1.8.0_181\jre\bin\instrument.dll
0x0000000077160000 - 0x0000000077176000 	C:\Program Files\Java\jdk1.8.0_181\jre\bin\zip.dll
0x00007ffa914c0000 - 0x00007ffa91ba7000 	C:\WINDOWS\System32\SHELL32.dll
0x00007ffa92010000 - 0x00007ffa920b9000 	C:\WINDOWS\System32\shcore.dll
0x00007ffa8f420000 - 0x00007ffa8fba0000 	C:\WINDOWS\System32\windows.storage.dll
0x00007ffa8f040000 - 0x00007ffa8f063000 	C:\WINDOWS\System32\profapi.dll
0x00007ffa8efd0000 - 0x00007ffa8f01a000 	C:\WINDOWS\System32\powrprof.dll
0x00007ffa8efc0000 - 0x00007ffa8efd0000 	C:\WINDOWS\System32\UMPDC.dll
0x00007ffa91fa0000 - 0x00007ffa91ff2000 	C:\WINDOWS\System32\shlwapi.dll
0x00007ffa8f020000 - 0x00007ffa8f031000 	C:\WINDOWS\System32\kernel.appcore.dll
0x00007ffa8f0e0000 - 0x00007ffa8f0f7000 	C:\WINDOWS\System32\cryptsp.dll
0x00007ffa89f90000 - 0x00007ffa89faa000 	C:\Program Files\JetBrains\IntelliJ IDEA Community Edition 2020.2.1\bin\breakgen64.dll
0x0000000077140000 - 0x000000007715a000 	C:\Program Files\Java\jdk1.8.0_181\jre\bin\net.dll
0x00007ffa8e7b0000 - 0x00007ffa8e817000 	C:\WINDOWS\system32\mswsock.dll
0x00000000770e0000 - 0x00000000770ed000 	C:\Program Files\Java\jdk1.8.0_181\jre\bin\management.dll
0x00007ffa7a0e0000 - 0x00007ffa7a0f6000 	C:\WINDOWS\system32\napinsp.dll
0x00007ffa79c50000 - 0x00007ffa79c6a000 	C:\WINDOWS\system32\pnrpnsp.dll
0x00007ffa8e500000 - 0x00007ffa8e5cb000 	C:\WINDOWS\SYSTEM32\DNSAPI.dll
0x00007ffa907e0000 - 0x00007ffa907e8000 	C:\WINDOWS\System32\NSI.dll
0x00007ffa8e4c0000 - 0x00007ffa8e4fa000 	C:\WINDOWS\SYSTEM32\IPHLPAPI.DLL
0x00007ffa7b9b0000 - 0x00007ffa7b9be000 	C:\WINDOWS\System32\winrnr.dll
0x00007ffa8b7f0000 - 0x00007ffa8b80c000 	C:\WINDOWS\system32\NLAapi.dll
0x00007ffa8a3d0000 - 0x00007ffa8a3e5000 	C:\WINDOWS\system32\wshbth.dll
0x00007ffa81ec0000 - 0x00007ffa81eca000 	C:\Windows\System32\rasadhlp.dll
0x00007ffa860c0000 - 0x00007ffa86137000 	C:\WINDOWS\System32\fwpuclnt.dll
0x00007ffa8fe50000 - 0x00007ffa8fe76000 	C:\WINDOWS\System32\bcrypt.dll
0x0000000077120000 - 0x0000000077131000 	C:\Program Files\Java\jdk1.8.0_181\jre\bin\nio.dll
0x00007ffa8e320000 - 0x00007ffa8e353000 	C:\WINDOWS\system32\rsaenh.dll
0x00007ffa8eee0000 - 0x00007ffa8ef05000 	C:\WINDOWS\SYSTEM32\USERENV.dll
0x00007ffa8e980000 - 0x00007ffa8e98c000 	C:\WINDOWS\SYSTEM32\CRYPTBASE.dll
0x00007ffa86ea0000 - 0x00007ffa86eb6000 	C:\WINDOWS\SYSTEM32\dhcpcsvc6.DLL
0x00007ffa86ed0000 - 0x00007ffa86eec000 	C:\WINDOWS\SYSTEM32\dhcpcsvc.DLL
0x00000000770b0000 - 0x00000000770d4000 	C:\Program Files\Java\jdk1.8.0_181\jre\bin\sunec.dll
0x00000000770a0000 - 0x00000000770ab000 	C:\Program Files\Java\jdk1.8.0_181\jre\bin\sunmscapi.dll
0x00007ffa8f100000 - 0x00007ffa8f249000 	C:\WINDOWS\System32\CRYPT32.dll
0x00007ffa8f070000 - 0x00007ffa8f082000 	C:\WINDOWS\System32\MSASN1.dll

VM Arguments:
jvm_args: -javaagent:C:\Program Files\JetBrains\IntelliJ IDEA Community Edition 2020.2.1\lib\idea_rt.jar=54835:C:\Program Files\JetBrains\IntelliJ IDEA Community Edition 2020.2.1\bin -Dfile.encoding=UTF-8 
java_command: com.hobbyHub.HobbyHubApplication
java_class_path (initial): C:\Program Files\Java\jdk1.8.0_181\jre\lib\charsets.jar;C:\Program Files\Java\jdk1.8.0_181\jre\lib\deploy.jar;C:\Program Files\Java\jdk1.8.0_181\jre\lib\ext\access-bridge-64.jar;C:\Program Files\Java\jdk1.8.0_181\jre\lib\ext\cldrdata.jar;C:\Program Files\Java\jdk1.8.0_181\jre\lib\ext\dnsns.jar;C:\Program Files\Java\jdk1.8.0_181\jre\lib\ext\jaccess.jar;C:\Program Files\Java\jdk1.8.0_181\jre\lib\ext\jfxrt.jar;C:\Program Files\Java\jdk1.8.0_181\jre\lib\ext\localedata.jar;C:\Program Files\Java\jdk1.8.0_181\jre\lib\ext\nashorn.jar;C:\Program Files\Java\jdk1.8.0_181\jre\lib\ext\sunec.jar;C:\Program Files\Java\jdk1.8.0_181\jre\lib\ext\sunjce_provider.jar;C:\Program Files\Java\jdk1.8.0_181\jre\lib\ext\sunmscapi.jar;C:\Program Files\Java\jdk1.8.0_181\jre\lib\ext\sunpkcs11.jar;C:\Program Files\Java\jdk1.8.0_181\jre\lib\ext\zipfs.jar;C:\Program Files\Java\jdk1.8.0_181\jre\lib\javaws.jar;C:\Program Files\Java\jdk1.8.0_181\jre\lib\jce.jar;C:\Program Files\Java\jdk1.8.0_181\jre\lib\jfr.jar;C:\Program Files\Java\jdk1.8.0_181\jre\lib\jfxswt.jar;C:\Program Files\Java\jdk1.8.0_181\jre\lib\jsse.jar;C:\Program Files\Java\jdk1.8.0_181\jre\lib\management-agent.jar;C:\Program Files\Java\jdk1.8.0_181\jre\lib\plugin.jar;C:\Program Files\Java\jdk1.8.0_181\jre\lib\resources.jar;C:\Program Files\Java\jdk1.8.0_181\jre\lib\rt.jar;C:\Users\zaid\IdeaProjects\HobbyHub\target\classes;C:\Users\zaid\.m2\repository\org\springframework\boot\spring-boot-starter-web\2.3.3.RELEASE\spring-boot-starter-web-2.3.3.RELEASE.jar;C:\Users\zaid\.m2\repository\org\springframework\boot\spring-boot-starter\2.3.3.RELEASE\spring-boot-starter-2.3.3.RELEASE.jar;C:\Users\zaid\.m2\repository\org\springframework\boot\spring-boot\2.3.3.RELEASE\spring-boot-2.3.3.RELEASE.jar;C:\Users\zaid\.m2\repository\org\springframework\boot\spring-boot-autoconfigure\2.3.3.RELEASE\spring-boot-autoconfigure-2.3.3.RELEASE.jar;C:\Users\zaid\.m2\repository\org\springframework\boot\spring-boot-starter-logging\2.3.3.RE
Launcher Type: SUN_STANDARD

Environment Variables:
JAVA_HOME=C:\Program Files\Java\jdk1.8.0_181
JRE_HOME=C:\Program Files\Java\jre1.8.0_261
CLASSPATH=?C:\Program Files\Java\junit-4.10.jar
PATH=C:\Program Files\Java\jdk1.8.0_181\bin;C:\Program Files\Git_\cmd;C:\Program Files\Git_\mingw64\bin;C:\Program Files\Git_\usr\bin;C:\Program Files\Java\jdk1.8.0_181\bin;C:\Users\zaid\AppData\Local\Programs\Microsoft VS Code\bin;C:\Program Files\JetBrains\IntelliJ IDEA Community Edition 2020.2.1\bin;
USERNAME=zaid
OS=Windows_NT
PROCESSOR_IDENTIFIER=Intel64 Family 6 Model 61 Stepping 4, GenuineIntel



---------------  S Y S T E M  ---------------

OS: Windows 10.0 , 64 bit Build 18362 (10.0.18362.1082)

CPU:total 4 (initial active 4) (2 cores per cpu, 2 threads per core) family 6 model 61 stepping 4, cmov, cx8, fxsr, mmx, sse, sse2, sse3, ssse3, sse4.1, sse4.2, popcnt, avx, avx2, aes, clmul, erms, 3dnowpref, lzcnt, ht, tsc, tscinvbit, bmi1, bmi2, adx

Memory: 4k page, physical 4107344k(386432k free), swap 16690256k(5536k free)

vm_info: Java HotSpot(TM) 64-Bit Server VM (25.181-b13) for windows-amd64 JRE (1.8.0_181-b13), built on Jul  7 2018 04:01:33 by "java_re" with MS VC++ 10.0 (VS2010)

time: Wed Sep 16 02:40:34 2020
elapsed time: 10 seconds (0d 0h 0m 10s)

