#
# There is insufficient memory for the Java Runtime Environment to continue.
# Native memory allocation (malloc) failed to allocate 862896 bytes for Chunk::new
# Possible reasons:
#   The system is out of physical RAM or swap space
#   In 32 bit mode, the process size limit was hit
# Possible solutions:
#   Reduce memory load on the system
#   Increase physical memory or swap space
#   Check if swap backing store is full
#   Use 64 bit Java on a 64 bit OS
#   Decrease Java heap size (-Xmx/-Xms)
#   Decrease number of Java threads
#   Decrease Java thread stack sizes (-Xss)
#   Set larger code cache with -XX:ReservedCodeCacheSize=
# This output file may be truncated or incomplete.
#
#  Out of Memory Error (allocation.cpp:390), pid=8392, tid=0x000000000000399c
#
# JRE version: Java(TM) SE Runtime Environment (8.0_181-b13) (build 1.8.0_181-b13)
# Java VM: Java HotSpot(TM) 64-Bit Server VM (25.181-b13 mixed mode windows-amd64 compressed oops)
# Failed to write core dump. Minidumps are not enabled by default on client versions of Windows
#

---------------  T H R E A D  ---------------

Current thread (0x0000000016612800):  JavaThread "C2 CompilerThread1" daemon [_thread_in_native, id=14748, stack(0x0000000016a50000,0x0000000016b50000)]

Stack: [0x0000000016a50000,0x0000000016b50000]
[error occurred during error reporting (printing stack bounds), id 0xc0000005]

Native frames: (J=compiled Java code, j=interpreted, Vv=VM code, C=native code)


Current CompileTask:
C2:   8408 4187       4       org.springframework.core.ResolvableType::forType (115 bytes)


---------------  P R O C E S S  ---------------

Java Threads: ( => current thread )
  0x000000001b2f4000 JavaThread "cluster-ClusterId{value='5f617f79a8667b4a8aab29a5', description='null'}-cluster0-shard-00-02.ookg1.mongodb.net:27017" daemon [_thread_in_native, id=4656, stack(0x000000001c5a0000,0x000000001c6a0000)]
  0x000000001b2f7000 JavaThread "cluster-ClusterId{value='5f617f79a8667b4a8aab29a5', description='null'}-cluster0-shard-00-00.ookg1.mongodb.net:27017" daemon [_thread_in_native, id=10064, stack(0x000000001c4a0000,0x000000001c5a0000)]
  0x000000001b2f6800 JavaThread "cluster-ClusterId{value='5f617f79a8667b4a8aab29a5', description='null'}-cluster0-shard-00-01.ookg1.mongodb.net:27017" daemon [_thread_in_native, id=1824, stack(0x000000001c3a0000,0x000000001c4a0000)]
  0x000000001b2f8000 JavaThread "cluster-ClusterId{value='5f617f79a8667b4a8aab29a5', description='null'}-srv-cluster0.ookg1.mongodb.net" daemon [_thread_blocked, id=11344, stack(0x000000001c2a0000,0x000000001c3a0000)]
  0x000000001b2f2800 JavaThread "Thread-2" daemon [_thread_in_native, id=5272, stack(0x000000001c1a0000,0x000000001c2a0000)]
  0x000000001b2f5800 JavaThread "container-0" [_thread_blocked, id=2824, stack(0x000000001ae70000,0x000000001af70000)]
  0x000000001b2f3800 JavaThread "Catalina-utility-2" [_thread_blocked, id=12548, stack(0x000000001ad70000,0x000000001ae70000)]
  0x000000001b2f2000 JavaThread "Catalina-utility-1" [_thread_blocked, id=14808, stack(0x0000000018ca0000,0x0000000018da0000)]
  0x00000000166e3800 JavaThread "Service Thread" daemon [_thread_blocked, id=11624, stack(0x0000000016c50000,0x0000000016d50000)]
  0x00000000166c9800 JavaThread "C1 CompilerThread2" daemon [_thread_blocked, id=4104, stack(0x0000000016b50000,0x0000000016c50000)]
=>0x0000000016612800 JavaThread "C2 CompilerThread1" daemon [_thread_in_native, id=14748, stack(0x0000000016a50000,0x0000000016b50000)]
  0x0000000016611800 JavaThread "C2 CompilerThread0" daemon [_thread_in_native, id=12084, stack(0x0000000016950000,0x0000000016a50000)]
  0x000000001667d800 JavaThread "Monitor Ctrl-Break" daemon [_thread_in_native, id=2788, stack(0x0000000016850000,0x0000000016950000)]
  0x0000000014df4800 JavaThread "Attach Listener" daemon [_thread_blocked, id=4328, stack(0x0000000016350000,0x0000000016450000)]
  0x0000000014df3800 JavaThread "Signal Dispatcher" daemon [_thread_blocked, id=11972, stack(0x0000000016250000,0x0000000016350000)]
  0x00000000027d8800 JavaThread "Finalizer" daemon [_thread_blocked, id=5144, stack(0x0000000016050000,0x0000000016150000)]
  0x00000000027d5000 JavaThread "Reference Handler" daemon [_thread_blocked, id=14000, stack(0x0000000015f50000,0x0000000016050000)]
  0x00000000026e4800 JavaThread "main" [_thread_in_Java, id=1712, stack(0x00000000024d0000,0x00000000025d0000)]

Other Threads:
  0x0000000014db7000 VMThread [stack: 0x0000000015e50000,0x0000000015f50000] [id=5560]
  0x000000001679d000 WatcherThread [stack: 0x0000000016d50000,0x0000000016e50000] [id=11324]

VM state:not at safepoint (normal execution)

VM Mutex/Monitor currently owned by a thread: None

Heap:
 PSYoungGen      total 111616K, used 65543K [0x00000000eb180000, 0x00000000f5100000, 0x0000000100000000)
  eden space 101376K, 64% used [0x00000000eb180000,0x00000000ef181e30,0x00000000f1480000)
  from space 10240K, 0% used [0x00000000f1480000,0x00000000f1480000,0x00000000f1e80000)
  to   space 9728K, 0% used [0x00000000f4780000,0x00000000f4780000,0x00000000f5100000)
 ParOldGen       total 47104K, used 10636K [0x00000000c1400000, 0x00000000c4200000, 0x00000000eb180000)
  object space 47104K, 22% used [0x00000000c1400000,0x00000000c1e632c8,0x00000000c4200000)
 Metaspace       used 38717K, capacity 41298K, committed 41560K, reserved 1085440K
  class space    used 4970K, capacity 5429K, committed 5464K, reserved 1048576K

Card table byte_map: [0x0000000011ba0000,0x0000000011da0000] byte_map_base: 0x0000000011596000

Marking Bits: (ParMarkBitMap*) 0x0000000076842d00
 Begin Bits: [0x00000000122f0000, 0x00000000132a0000)
 End Bits:   [0x00000000132a0000, 0x0000000014250000)

Polling page: 0x0000000000730000

CodeCache: size=245760Kb used=12840Kb max_used=12840Kb free=232919Kb
 bounds [0x00000000027e0000, 0x0000000003480000, 0x00000000117e0000]
 total_blobs=4124 nmethods=3682 adapters=354
 compilation: enabled

Compilation events (10 events):
Event: 8.375 Thread 0x00000000166c9800 4228   !   3       org.springframework.beans.factory.annotation.AutowiredAnnotationBeanPostProcessor::findAutowiringMetadata (124 bytes)
Event: 8.376 Thread 0x00000000166c9800 nmethod 4228 0x00000000034720d0 code [0x0000000003472320, 0x00000000034733d8]
Event: 8.376 Thread 0x00000000166c9800 4230       3       org.springframework.context.support.ApplicationObjectSupport::obtainApplicationContext (21 bytes)
Event: 8.376 Thread 0x00000000166c9800 nmethod 4230 0x0000000003473b50 code [0x0000000003473ce0, 0x0000000003474098]
Event: 8.376 Thread 0x00000000166c9800 4231   !   3       com.sun.proxy.$Proxy65::annotationType (29 bytes)
Event: 8.377 Thread 0x00000000166c9800 nmethod 4231 0x00000000034741d0 code [0x0000000003474360, 0x0000000003474798]
Event: 8.382 Thread 0x00000000166c9800 4234       3       java.lang.invoke.MethodHandles::makeIdentity (23 bytes)
Event: 8.384 Thread 0x00000000166c9800 nmethod 4234 0x0000000003474950 code [0x0000000003474b80, 0x0000000003475818]
Event: 8.384 Thread 0x00000000166c9800 4235       3       java.lang.invoke.LambdaForm::identityForm (9 bytes)
Event: 8.384 Thread 0x00000000166c9800 nmethod 4235 0x0000000003475ed0 code [0x0000000003476040, 0x0000000003476230]

GC Heap History (10 events):
Event: 3.228 GC heap before
{Heap before GC invocations=7 (full 1):
 PSYoungGen      total 73216K, used 5694K [0x00000000eb180000, 0x00000000f0080000, 0x0000000100000000)
  eden space 65536K, 0% used [0x00000000eb180000,0x00000000eb180000,0x00000000ef180000)
  from space 7680K, 74% used [0x00000000ef900000,0x00000000efe8fa90,0x00000000f0080000)
  to   space 7680K, 0% used [0x00000000ef180000,0x00000000ef180000,0x00000000ef900000)
 ParOldGen       total 44032K, used 9930K [0x00000000c1400000, 0x00000000c3f00000, 0x00000000eb180000)
  object space 44032K, 22% used [0x00000000c1400000,0x00000000c1db28f0,0x00000000c3f00000)
 Metaspace       used 20347K, capacity 21140K, committed 21248K, reserved 1067008K
  class space    used 2518K, capacity 2720K, committed 2816K, reserved 1048576K
Event: 3.262 GC heap after
Heap after GC invocations=7 (full 1):
 PSYoungGen      total 73216K, used 0K [0x00000000eb180000, 0x00000000f0080000, 0x0000000100000000)
  eden space 65536K, 0% used [0x00000000eb180000,0x00000000eb180000,0x00000000ef180000)
  from space 7680K, 0% used [0x00000000ef900000,0x00000000ef900000,0x00000000f0080000)
  to   space 7680K, 0% used [0x00000000ef180000,0x00000000ef180000,0x00000000ef900000)
 ParOldGen       total 34816K, used 6554K [0x00000000c1400000, 0x00000000c3600000, 0x00000000eb180000)
  object space 34816K, 18% used [0x00000000c1400000,0x00000000c1a66ac8,0x00000000c3600000)
 Metaspace       used 20347K, capacity 21140K, committed 21248K, reserved 1067008K
  class space    used 2518K, capacity 2720K, committed 2816K, reserved 1048576K
}
Event: 4.884 GC heap before
{Heap before GC invocations=8 (full 1):
 PSYoungGen      total 73216K, used 65536K [0x00000000eb180000, 0x00000000f0080000, 0x0000000100000000)
  eden space 65536K, 100% used [0x00000000eb180000,0x00000000ef180000,0x00000000ef180000)
  from space 7680K, 0% used [0x00000000ef900000,0x00000000ef900000,0x00000000f0080000)
  to   space 7680K, 0% used [0x00000000ef180000,0x00000000ef180000,0x00000000ef900000)
 ParOldGen       total 34816K, used 6554K [0x00000000c1400000, 0x00000000c3600000, 0x00000000eb180000)
  object space 34816K, 18% used [0x00000000c1400000,0x00000000c1a66ac8,0x00000000c3600000)
 Metaspace       used 27252K, capacity 28784K, committed 28928K, reserved 1075200K
  class space    used 3443K, capacity 3736K, committed 3840K, reserved 1048576K
Event: 4.901 GC heap after
Heap after GC invocations=8 (full 1):
 PSYoungGen      total 73216K, used 7654K [0x00000000eb180000, 0x00000000f2880000, 0x0000000100000000)
  eden space 65536K, 0% used [0x00000000eb180000,0x00000000eb180000,0x00000000ef180000)
  from space 7680K, 99% used [0x00000000ef180000,0x00000000ef8f9910,0x00000000ef900000)
  to   space 9216K, 0% used [0x00000000f1f80000,0x00000000f1f80000,0x00000000f2880000)
 ParOldGen       total 34816K, used 7305K [0x00000000c1400000, 0x00000000c3600000, 0x00000000eb180000)
  object space 34816K, 20% used [0x00000000c1400000,0x00000000c1b225f0,0x00000000c3600000)
 Metaspace       used 27252K, capacity 28784K, committed 28928K, reserved 1075200K
  class space    used 3443K, capacity 3736K, committed 3840K, reserved 1048576K
}
Event: 6.590 GC heap before
{Heap before GC invocations=9 (full 1):
 PSYoungGen      total 73216K, used 73190K [0x00000000eb180000, 0x00000000f2880000, 0x0000000100000000)
  eden space 65536K, 100% used [0x00000000eb180000,0x00000000ef180000,0x00000000ef180000)
  from space 7680K, 99% used [0x00000000ef180000,0x00000000ef8f9910,0x00000000ef900000)
  to   space 9216K, 0% used [0x00000000f1f80000,0x00000000f1f80000,0x00000000f2880000)
 ParOldGen       total 34816K, used 7305K [0x00000000c1400000, 0x00000000c3600000, 0x00000000eb180000)
  object space 34816K, 20% used [0x00000000c1400000,0x00000000c1b225f0,0x00000000c3600000)
 Metaspace       used 33097K, capacity 34960K, committed 35072K, reserved 1079296K
  class space    used 4228K, capacity 4558K, committed 4608K, reserved 1048576K
Event: 6.604 GC heap after
Heap after GC invocations=9 (full 1):
 PSYoungGen      total 110592K, used 8773K [0x00000000eb180000, 0x00000000f2880000, 0x0000000100000000)
  eden space 101376K, 0% used [0x00000000eb180000,0x00000000eb180000,0x00000000f1480000)
  from space 9216K, 95% used [0x00000000f1f80000,0x00000000f28117c8,0x00000000f2880000)
  to   space 10240K, 0% used [0x00000000f1480000,0x00000000f1480000,0x00000000f1e80000)
 ParOldGen       total 34816K, used 7377K [0x00000000c1400000, 0x00000000c3600000, 0x00000000eb180000)
  object space 34816K, 21% used [0x00000000c1400000,0x00000000c1b34600,0x00000000c3600000)
 Metaspace       used 33097K, capacity 34960K, committed 35072K, reserved 1079296K
  class space    used 4228K, capacity 4558K, committed 4608K, reserved 1048576K
}
Event: 6.733 GC heap before
{Heap before GC invocations=10 (full 1):
 PSYoungGen      total 110592K, used 14341K [0x00000000eb180000, 0x00000000f2880000, 0x0000000100000000)
  eden space 101376K, 5% used [0x00000000eb180000,0x00000000eb6f0018,0x00000000f1480000)
  from space 9216K, 95% used [0x00000000f1f80000,0x00000000f28117c8,0x00000000f2880000)
  to   space 10240K, 0% used [0x00000000f1480000,0x00000000f1480000,0x00000000f1e80000)
 ParOldGen       total 34816K, used 7377K [0x00000000c1400000, 0x00000000c3600000, 0x00000000eb180000)
  object space 34816K, 21% used [0x00000000c1400000,0x00000000c1b34600,0x00000000c3600000)
 Metaspace       used 33345K, capacity 35310K, committed 35416K, reserved 1079296K
  class space    used 4270K, capacity 4625K, committed 4696K, reserved 1048576K
Event: 6.741 GC heap after
Heap after GC invocations=10 (full 1):
 PSYoungGen      total 111616K, used 5822K [0x00000000eb180000, 0x00000000f5100000, 0x0000000100000000)
  eden space 101376K, 0% used [0x00000000eb180000,0x00000000eb180000,0x00000000f1480000)
  from space 10240K, 56% used [0x00000000f1480000,0x00000000f1a2f990,0x00000000f1e80000)
  to   space 9728K, 0% used [0x00000000f4780000,0x00000000f4780000,0x00000000f5100000)
 ParOldGen       total 34816K, used 7385K [0x00000000c1400000, 0x00000000c3600000, 0x00000000eb180000)
  object space 34816K, 21% used [0x00000000c1400000,0x00000000c1b36600,0x00000000c3600000)
 Metaspace       used 33345K, capacity 35310K, committed 35416K, reserved 1079296K
  class space    used 4270K, capacity 4625K, committed 4696K, reserved 1048576K
}
Event: 6.741 GC heap before
{Heap before GC invocations=11 (full 2):
 PSYoungGen      total 111616K, used 5822K [0x00000000eb180000, 0x00000000f5100000, 0x0000000100000000)
  eden space 101376K, 0% used [0x00000000eb180000,0x00000000eb180000,0x00000000f1480000)
  from space 10240K, 56% used [0x00000000f1480000,0x00000000f1a2f990,0x00000000f1e80000)
  to   space 9728K, 0% used [0x00000000f4780000,0x00000000f4780000,0x00000000f5100000)
 ParOldGen       total 34816K, used 7385K [0x00000000c1400000, 0x00000000c3600000, 0x00000000eb180000)
  object space 34816K, 21% used [0x00000000c1400000,0x00000000c1b36600,0x00000000c3600000)
 Metaspace       used 33345K, capacity 35310K, committed 35416K, reserved 1079296K
  class space    used 4270K, capacity 4625K, committed 4696K, reserved 1048576K
Event: 6.805 GC heap after
Heap after GC invocations=11 (full 2):
 PSYoungGen      total 111616K, used 0K [0x00000000eb180000, 0x00000000f5100000, 0x0000000100000000)
  eden space 101376K, 0% used [0x00000000eb180000,0x00000000eb180000,0x00000000f1480000)
  from space 10240K, 0% used [0x00000000f1480000,0x00000000f1480000,0x00000000f1e80000)
  to   space 9728K, 0% used [0x00000000f4780000,0x00000000f4780000,0x00000000f5100000)
 ParOldGen       total 47104K, used 10636K [0x00000000c1400000, 0x00000000c4200000, 0x00000000eb180000)
  object space 47104K, 22% used [0x00000000c1400000,0x00000000c1e632c8,0x00000000c4200000)
 Metaspace       used 33345K, capacity 35310K, committed 35416K, reserved 1079296K
  class space    used 4270K, capacity 4625K, committed 4696K, reserved 1048576K
}

Deoptimization events (10 events):
Event: 7.926 Thread 0x000000001b2f7000 Uncommon trap: reason=unstable_if action=reinterpret pc=0x0000000003098d24 method=java.io.ByteArrayInputStream.read([BII)I @ 70
Event: 7.973 Thread 0x000000001b2f7000 Uncommon trap: reason=unstable_if action=reinterpret pc=0x0000000002a24984 method=java.util.Arrays.equals([B[B)Z @ 41
Event: 7.973 Thread 0x000000001b2f7000 Uncommon trap: reason=unstable_if action=reinterpret pc=0x0000000002f59548 method=java.lang.String.indexOf([CII[CIII)I @ 27
Event: 7.974 Thread 0x000000001b2f4000 Uncommon trap: reason=unstable_if action=reinterpret pc=0x0000000002c3476c method=java.lang.String.indexOf([CII[CIII)I @ 27
Event: 7.975 Thread 0x000000001b2f6800 Uncommon trap: reason=unstable_if action=reinterpret pc=0x0000000002acf448 method=java.lang.String.indexOf([CII[CIII)I @ 27
Event: 7.996 Thread 0x000000001b2f4000 Uncommon trap: reason=predicate action=maybe_recompile pc=0x00000000032766e4 method=java.util.regex.Pattern$SliceI.match(Ljava/util/regex/Matcher;ILjava/lang/CharSequence;)Z @ 21
Event: 7.998 Thread 0x000000001b2f4000 Uncommon trap: reason=unstable_if action=reinterpret pc=0x00000000031027d4 method=java.math.BigInteger.addOne([IIII)I @ 55
Event: 8.299 Thread 0x000000001b2f6800 Uncommon trap: reason=bimorphic action=maybe_recompile pc=0x0000000003031970 method=java.util.Hashtable.get(Ljava/lang/Object;)Ljava/lang/Object; @ 45
Event: 8.304 Thread 0x000000001b2f4000 Uncommon trap: reason=bimorphic action=maybe_recompile pc=0x0000000003031970 method=java.util.Hashtable.get(Ljava/lang/Object;)Ljava/lang/Object; @ 45
Event: 8.312 Thread 0x00000000026e4800 Uncommon trap: reason=unstable_if action=reinterpret pc=0x000000000345ee40 method=org.springframework.core.annotation.AnnotationsScanner.isWithoutHierarchy(Ljava/lang/reflect/AnnotatedElement;Lorg/springframework/core/annotation/MergedAnnotations$SearchSt

Classes redefined (0 events):
No events

Internal exceptions (10 events):
Event: 7.560 Thread 0x00000000026e4800 Exception <a 'java/lang/ClassNotFoundException': org/springframework/web/servlet/config/annotation/DelegatingWebMvcConfigurationCustomizer> (0x00000000ed670ab8) thrown at [C:\re\workspace\8-2-build-windows-amd64-cygwin\jdk8u181\11358\hotspot\src\share\vm\
Event: 7.562 Thread 0x00000000026e4800 Exception <a 'java/lang/ClassNotFoundException': org/springframework/boot/autoconfigure/web/servlet/WebMvcAutoConfiguration$EnableWebMvcConfigurationCustomizer> (0x00000000ed6914e8) thrown at [C:\re\workspace\8-2-build-windows-amd64-cygwin\jdk8u181\11358\
Event: 7.564 Thread 0x00000000026e4800 Exception <a 'java/lang/ClassNotFoundException': org/springframework/context/ResourceLoaderAwareCustomizer> (0x00000000ed6b19d0) thrown at [C:\re\workspace\8-2-build-windows-amd64-cygwin\jdk8u181\11358\hotspot\src\share\vm\classfile\systemDictionary.cpp, 
Event: 7.564 Thread 0x00000000026e4800 Exception <a 'java/lang/ClassNotFoundException': org/springframework/beans/factory/AwareCustomizer> (0x00000000ed6c0358) thrown at [C:\re\workspace\8-2-build-windows-amd64-cygwin\jdk8u181\11358\hotspot\src\share\vm\classfile\systemDictionary.cpp, line 210
Event: 7.565 Thread 0x00000000026e4800 Exception <a 'java/lang/ClassNotFoundException': org/springframework/context/ApplicationContextAwareCustomizer> (0x00000000ed6d0088) thrown at [C:\re\workspace\8-2-build-windows-amd64-cygwin\jdk8u181\11358\hotspot\src\share\vm\classfile\systemDictionary.c
Event: 7.566 Thread 0x00000000026e4800 Exception <a 'java/lang/ClassNotFoundException': org/springframework/beans/factory/AwareCustomizer> (0x00000000ed6df028) thrown at [C:\re\workspace\8-2-build-windows-amd64-cygwin\jdk8u181\11358\hotspot\src\share\vm\classfile\systemDictionary.cpp, line 210
Event: 7.566 Thread 0x00000000026e4800 Exception <a 'java/lang/ClassNotFoundException': org/springframework/web/context/ServletContextAwareCustomizer> (0x00000000ed6eece8) thrown at [C:\re\workspace\8-2-build-windows-amd64-cygwin\jdk8u181\11358\hotspot\src\share\vm\classfile\systemDictionary.c
Event: 7.567 Thread 0x00000000026e4800 Exception <a 'java/lang/ClassNotFoundException': org/springframework/beans/factory/AwareCustomizer> (0x00000000ed6fd6f8) thrown at [C:\re\workspace\8-2-build-windows-amd64-cygwin\jdk8u181\11358\hotspot\src\share\vm\classfile\systemDictionary.cpp, line 210
Event: 7.567 Thread 0x00000000026e4800 Implicit null exception at 0x0000000002f69ccc to 0x0000000002f69e41
Event: 8.382 Thread 0x00000000026e4800 Exception <a 'java/lang/IncompatibleClassChangeError': Found class java.lang.Object, but interface was expected> (0x00000000ef09b228) thrown at [C:\re\workspace\8-2-build-windows-amd64-cygwin\jdk8u181\11358\hotspot\src\share\vm\interpreter\linkResolver.cp

Events (10 events):
Event: 8.399 loading class org/springframework/http/CacheControl
Event: 8.399 loading class org/springframework/http/CacheControl done
Event: 8.399 loading class org/springframework/http/CacheControl
Event: 8.399 loading class org/springframework/http/CacheControl done
Event: 8.401 loading class org/springframework/web/servlet/resource/ResourceHttpRequestHandler
Event: 8.401 loading class org/springframework/web/servlet/resource/ResourceHttpRequestHandler done
Event: 8.403 loading class org/springframework/web/HttpRequestHandler
Event: 8.403 loading class org/springframework/web/HttpRequestHandler done
Event: 8.405 loading class org/springframework/web/servlet/resource/ResourceTransformerChain
Event: 8.405 loading class org/springframework/web/servlet/resource/ResourceTransformerChain done


Dynamic libraries:
0x00007ff783cd0000 - 0x00007ff783d07000 	C:\Program Files\Java\jdk1.8.0_181\bin\java.exe
0x00007ffa92100000 - 0x00007ffa922f0000 	C:\WINDOWS\SYSTEM32\ntdll.dll
0x00007ffa909e0000 - 0x00007ffa90a92000 	C:\WINDOWS\System32\KERNEL32.DLL
0x00007ffa8fba0000 - 0x00007ffa8fe45000 	C:\WINDOWS\System32\KERNELBASE.dll
0x00007ffa91370000 - 0x00007ffa91413000 	C:\WINDOWS\System32\ADVAPI32.dll
0x00007ffa91420000 - 0x00007ffa914be000 	C:\WINDOWS\System32\msvcrt.dll
0x00007ffa905a0000 - 0x00007ffa90637000 	C:\WINDOWS\System32\sechost.dll
0x00007ffa91250000 - 0x00007ffa91370000 	C:\WINDOWS\System32\RPCRT4.dll
0x00007ffa90640000 - 0x00007ffa907d5000 	C:\WINDOWS\System32\USER32.dll
0x00007ffa8f3f0000 - 0x00007ffa8f411000 	C:\WINDOWS\System32\win32u.dll
0x00007ffa907f0000 - 0x00007ffa90816000 	C:\WINDOWS\System32\GDI32.dll
0x00007ffa8f250000 - 0x00007ffa8f3e6000 	C:\WINDOWS\System32\gdi32full.dll
0x00007ffa900b0000 - 0x00007ffa9014e000 	C:\WINDOWS\System32\msvcp_win.dll
0x00007ffa8ff00000 - 0x00007ffa8fffa000 	C:\WINDOWS\System32\ucrtbase.dll
0x00007ffa7ea80000 - 0x00007ffa7ed04000 	C:\WINDOWS\WinSxS\amd64_microsoft.windows.common-controls_6595b64144ccf1df_6.0.18362.1082_none_9e8193e1e45b25c1\COMCTL32.dll
0x00007ffa91bb0000 - 0x00007ffa91ee5000 	C:\WINDOWS\System32\combase.dll
0x00007ffa8fe80000 - 0x00007ffa8ff00000 	C:\WINDOWS\System32\bcryptPrimitives.dll
0x00007ffa91ef0000 - 0x00007ffa91f1e000 	C:\WINDOWS\System32\IMM32.DLL
0x00000000771c0000 - 0x0000000077292000 	C:\Program Files\Java\jdk1.8.0_181\jre\bin\msvcr100.dll
0x0000000076020000 - 0x00000000768c2000 	C:\Program Files\Java\jdk1.8.0_181\jre\bin\server\jvm.dll
0x00007ffa92000000 - 0x00007ffa92008000 	C:\WINDOWS\System32\PSAPI.DLL
0x00007ffa8d120000 - 0x00007ffa8d129000 	C:\WINDOWS\SYSTEM32\WSOCK32.dll
0x00007ffa8cfe0000 - 0x00007ffa8d004000 	C:\WINDOWS\SYSTEM32\WINMM.dll
0x00007ffa80bc0000 - 0x00007ffa80bca000 	C:\WINDOWS\SYSTEM32\VERSION.dll
0x00007ffa90c50000 - 0x00007ffa90cbf000 	C:\WINDOWS\System32\WS2_32.dll
0x00007ffa8cfb0000 - 0x00007ffa8cfdd000 	C:\WINDOWS\SYSTEM32\winmmbase.dll
0x00007ffa8f090000 - 0x00007ffa8f0da000 	C:\WINDOWS\System32\cfgmgr32.dll
0x00000000771b0000 - 0x00000000771bf000 	C:\Program Files\Java\jdk1.8.0_181\jre\bin\verify.dll
0x0000000077180000 - 0x00000000771a9000 	C:\Program Files\Java\jdk1.8.0_181\jre\bin\java.dll
0x00000000770f0000 - 0x0000000077113000 	C:\Program Files\Java\jdk1.8.0_181\jre\bin\instrument.dll
0x0000000077160000 - 0x0000000077176000 	C:\Program Files\Java\jdk1.8.0_181\jre\bin\zip.dll
0x00007ffa914c0000 - 0x00007ffa91ba7000 	C:\WINDOWS\System32\SHELL32.dll
0x00007ffa92010000 - 0x00007ffa920b9000 	C:\WINDOWS\System32\shcore.dll
0x00007ffa8f420000 - 0x00007ffa8fba0000 	C:\WINDOWS\System32\windows.storage.dll
0x00007ffa8f040000 - 0x00007ffa8f063000 	C:\WINDOWS\System32\profapi.dll
0x00007ffa8efd0000 - 0x00007ffa8f01a000 	C:\WINDOWS\System32\powrprof.dll
0x00007ffa8efc0000 - 0x00007ffa8efd0000 	C:\WINDOWS\System32\UMPDC.dll
0x00007ffa91fa0000 - 0x00007ffa91ff2000 	C:\WINDOWS\System32\shlwapi.dll
0x00007ffa8f020000 - 0x00007ffa8f031000 	C:\WINDOWS\System32\kernel.appcore.dll
0x00007ffa8f0e0000 - 0x00007ffa8f0f7000 	C:\WINDOWS\System32\cryptsp.dll
0x00007ffa85f60000 - 0x00007ffa85f7a000 	C:\Program Files\JetBrains\IntelliJ IDEA Community Edition 2020.2.1\bin\breakgen64.dll
0x0000000077140000 - 0x000000007715a000 	C:\Program Files\Java\jdk1.8.0_181\jre\bin\net.dll
0x00007ffa8e7b0000 - 0x00007ffa8e817000 	C:\WINDOWS\system32\mswsock.dll
0x00000000770e0000 - 0x00000000770ed000 	C:\Program Files\Java\jdk1.8.0_181\jre\bin\management.dll
0x00007ffa7a0e0000 - 0x00007ffa7a0f6000 	C:\WINDOWS\system32\napinsp.dll
0x00007ffa79c50000 - 0x00007ffa79c6a000 	C:\WINDOWS\system32\pnrpnsp.dll
0x00007ffa8e500000 - 0x00007ffa8e5cb000 	C:\WINDOWS\SYSTEM32\DNSAPI.dll
0x00007ffa907e0000 - 0x00007ffa907e8000 	C:\WINDOWS\System32\NSI.dll
0x00007ffa8e4c0000 - 0x00007ffa8e4fa000 	C:\WINDOWS\SYSTEM32\IPHLPAPI.DLL
0x00007ffa7b9b0000 - 0x00007ffa7b9be000 	C:\WINDOWS\System32\winrnr.dll
0x00007ffa8b7f0000 - 0x00007ffa8b80c000 	C:\WINDOWS\system32\NLAapi.dll
0x00007ffa8a3d0000 - 0x00007ffa8a3e5000 	C:\WINDOWS\system32\wshbth.dll
0x00007ffa81ec0000 - 0x00007ffa81eca000 	C:\Windows\System32\rasadhlp.dll
0x00007ffa860c0000 - 0x00007ffa86137000 	C:\WINDOWS\System32\fwpuclnt.dll
0x00007ffa8fe50000 - 0x00007ffa8fe76000 	C:\WINDOWS\System32\bcrypt.dll
0x0000000077120000 - 0x0000000077131000 	C:\Program Files\Java\jdk1.8.0_181\jre\bin\nio.dll
0x00007ffa8e320000 - 0x00007ffa8e353000 	C:\WINDOWS\system32\rsaenh.dll
0x00007ffa8eee0000 - 0x00007ffa8ef05000 	C:\WINDOWS\SYSTEM32\USERENV.dll
0x00007ffa8e980000 - 0x00007ffa8e98c000 	C:\WINDOWS\SYSTEM32\CRYPTBASE.dll
0x00007ffa86ea0000 - 0x00007ffa86eb6000 	C:\WINDOWS\SYSTEM32\dhcpcsvc6.DLL
0x00007ffa86ed0000 - 0x00007ffa86eec000 	C:\WINDOWS\SYSTEM32\dhcpcsvc.DLL
0x00000000770b0000 - 0x00000000770d4000 	C:\Program Files\Java\jdk1.8.0_181\jre\bin\sunec.dll
0x00000000770a0000 - 0x00000000770ab000 	C:\Program Files\Java\jdk1.8.0_181\jre\bin\sunmscapi.dll
0x00007ffa8f100000 - 0x00007ffa8f249000 	C:\WINDOWS\System32\CRYPT32.dll
0x00007ffa8f070000 - 0x00007ffa8f082000 	C:\WINDOWS\System32\MSASN1.dll

VM Arguments:
jvm_args: -javaagent:C:\Program Files\JetBrains\IntelliJ IDEA Community Edition 2020.2.1\lib\idea_rt.jar=59811:C:\Program Files\JetBrains\IntelliJ IDEA Community Edition 2020.2.1\bin -Dfile.encoding=UTF-8 
java_command: com.hobbyHub.HobbyHubApplication
java_class_path (initial): C:\Program Files\Java\jdk1.8.0_181\jre\lib\charsets.jar;C:\Program Files\Java\jdk1.8.0_181\jre\lib\deploy.jar;C:\Program Files\Java\jdk1.8.0_181\jre\lib\ext\access-bridge-64.jar;C:\Program Files\Java\jdk1.8.0_181\jre\lib\ext\cldrdata.jar;C:\Program Files\Java\jdk1.8.0_181\jre\lib\ext\dnsns.jar;C:\Program Files\Java\jdk1.8.0_181\jre\lib\ext\jaccess.jar;C:\Program Files\Java\jdk1.8.0_181\jre\lib\ext\jfxrt.jar;C:\Program Files\Java\jdk1.8.0_181\jre\lib\ext\localedata.jar;C:\Program Files\Java\jdk1.8.0_181\jre\lib\ext\nashorn.jar;C:\Program Files\Java\jdk1.8.0_181\jre\lib\ext\sunec.jar;C:\Program Files\Java\jdk1.8.0_181\jre\lib\ext\sunjce_provider.jar;C:\Program Files\Java\jdk1.8.0_181\jre\lib\ext\sunmscapi.jar;C:\Program Files\Java\jdk1.8.0_181\jre\lib\ext\sunpkcs11.jar;C:\Program Files\Java\jdk1.8.0_181\jre\lib\ext\zipfs.jar;C:\Program Files\Java\jdk1.8.0_181\jre\lib\javaws.jar;C:\Program Files\Java\jdk1.8.0_181\jre\lib\jce.jar;C:\Program Files\Java\jdk1.8.0_181\jre\lib\jfr.jar;C:\Program Files\Java\jdk1.8.0_181\jre\lib\jfxswt.jar;C:\Program Files\Java\jdk1.8.0_181\jre\lib\jsse.jar;C:\Program Files\Java\jdk1.8.0_181\jre\lib\management-agent.jar;C:\Program Files\Java\jdk1.8.0_181\jre\lib\plugin.jar;C:\Program Files\Java\jdk1.8.0_181\jre\lib\resources.jar;C:\Program Files\Java\jdk1.8.0_181\jre\lib\rt.jar;C:\Users\zaid\IdeaProjects\HobbyHub\target\classes;C:\Users\zaid\.m2\repository\org\springframework\boot\spring-boot-starter-web\2.3.3.RELEASE\spring-boot-starter-web-2.3.3.RELEASE.jar;C:\Users\zaid\.m2\repository\org\springframework\boot\spring-boot-starter\2.3.3.RELEASE\spring-boot-starter-2.3.3.RELEASE.jar;C:\Users\zaid\.m2\repository\org\springframework\boot\spring-boot\2.3.3.RELEASE\spring-boot-2.3.3.RELEASE.jar;C:\Users\zaid\.m2\repository\org\springframework\boot\spring-boot-autoconfigure\2.3.3.RELEASE\spring-boot-autoconfigure-2.3.3.RELEASE.jar;C:\Users\zaid\.m2\repository\org\springframework\boot\spring-boot-starter-logging\2.3.3.RE
Launcher Type: SUN_STANDARD

Environment Variables:
JAVA_HOME=C:\Program Files\Java\jdk1.8.0_181
JRE_HOME=C:\Program Files\Java\jre1.8.0_261
CLASSPATH=?C:\Program Files\Java\junit-4.10.jar
PATH=C:\Program Files\Java\jdk1.8.0_181\bin;C:\Program Files\Git_\cmd;C:\Program Files\Git_\mingw64\bin;C:\Program Files\Git_\usr\bin;C:\Program Files\Java\jdk1.8.0_181\bin;C:\Users\zaid\AppData\Local\Programs\Microsoft VS Code\bin;C:\Program Files\JetBrains\IntelliJ IDEA Community Edition 2020.2.1\bin;
USERNAME=zaid
OS=Windows_NT
PROCESSOR_IDENTIFIER=Intel64 Family 6 Model 61 Stepping 4, GenuineIntel



---------------  S Y S T E M  ---------------

OS: Windows 10.0 , 64 bit Build 18362 (10.0.18362.1082)

CPU:total 4 (initial active 4) (2 cores per cpu, 2 threads per core) family 6 model 61 stepping 4, cmov, cx8, fxsr, mmx, sse, sse2, sse3, ssse3, sse4.1, sse4.2, popcnt, avx, avx2, aes, clmul, erms, 3dnowpref, lzcnt, ht, tsc, tscinvbit, bmi1, bmi2, adx

Memory: 4k page, physical 4107344k(380468k free), swap 16690256k(2080k free)

vm_info: Java HotSpot(TM) 64-Bit Server VM (25.181-b13) for windows-amd64 JRE (1.8.0_181-b13), built on Jul  7 2018 04:01:33 by "java_re" with MS VC++ 10.0 (VS2010)

time: Wed Sep 16 05:59:07 2020
elapsed time: 8 seconds (0d 0h 0m 8s)

