#
# There is insufficient memory for the Java Runtime Environment to continue.
# Native memory allocation (malloc) failed to allocate 69904 bytes for Chunk::new
# Possible reasons:
#   The system is out of physical RAM or swap space
#   In 32 bit mode, the process size limit was hit
# Possible solutions:
#   Reduce memory load on the system
#   Increase physical memory or swap space
#   Check if swap backing store is full
#   Use 64 bit Java on a 64 bit OS
#   Decrease Java heap size (-Xmx/-Xms)
#   Decrease number of Java threads
#   Decrease Java thread stack sizes (-Xss)
#   Set larger code cache with -XX:ReservedCodeCacheSize=
# This output file may be truncated or incomplete.
#
#  Out of Memory Error (allocation.cpp:390), pid=14440, tid=0x0000000000002698
#
# JRE version: Java(TM) SE Runtime Environment (8.0_181-b13) (build 1.8.0_181-b13)
# Java VM: Java HotSpot(TM) 64-Bit Server VM (25.181-b13 mixed mode windows-amd64 compressed oops)
# Failed to write core dump. Minidumps are not enabled by default on client versions of Windows
#

---------------  T H R E A D  ---------------

Current thread (0x0000000016403000):  JavaThread "C2 CompilerThread1" daemon [_thread_in_native, id=9880, stack(0x0000000016840000,0x0000000016940000)]

Stack: [0x0000000016840000,0x0000000016940000]
[error occurred during error reporting (printing stack bounds), id 0xc0000005]

Native frames: (J=compiled Java code, j=interpreted, Vv=VM code, C=native code)


Current CompileTask:
C2:   6915 3454 %     4       sun.security.provider.SHA::implCompress @ 12 (491 bytes)


---------------  P R O C E S S  ---------------

Java Threads: ( => current thread )
  0x00000000170c3000 JavaThread "cluster-ClusterId{value='5f6151171953f817fde93b79', description='null'}-cluster0-shard-00-02.ookg1.mongodb.net:27017" daemon [_thread_blocked, id=14816, stack(0x000000001c3a0000,0x000000001c4a0000)]
  0x00000000170c9000 JavaThread "cluster-ClusterId{value='5f6151171953f817fde93b79', description='null'}-cluster0-shard-00-00.ookg1.mongodb.net:27017" daemon [_thread_blocked, id=4196, stack(0x000000001c2a0000,0x000000001c3a0000)]
  0x00000000170c8800 JavaThread "cluster-ClusterId{value='5f6151171953f817fde93b79', description='null'}-cluster0-shard-00-01.ookg1.mongodb.net:27017" daemon [_thread_in_Java, id=6564, stack(0x000000001c030000,0x000000001c130000)]
  0x00000000170c4000 JavaThread "cluster-ClusterId{value='5f6151171953f817fde93b79', description='null'}-srv-cluster0.ookg1.mongodb.net" daemon [_thread_blocked, id=13116, stack(0x000000001c1a0000,0x000000001c2a0000)]
  0x00000000170c7800 JavaThread "Thread-2" daemon [_thread_in_native, id=13260, stack(0x000000001bf30000,0x000000001c030000)]
  0x00000000170c7000 JavaThread "container-0" [_thread_blocked, id=2104, stack(0x000000001bc30000,0x000000001bd30000)]
  0x00000000170c2800 JavaThread "Catalina-utility-2" [_thread_blocked, id=14824, stack(0x000000001bb30000,0x000000001bc30000)]
  0x00000000170c6000 JavaThread "Catalina-utility-1" [_thread_blocked, id=8616, stack(0x0000000017ac0000,0x0000000017bc0000)]
  0x0000000016505000 JavaThread "Service Thread" daemon [_thread_blocked, id=14356, stack(0x0000000016a40000,0x0000000016b40000)]
  0x00000000164ba800 JavaThread "C1 CompilerThread2" daemon [_thread_blocked, id=8560, stack(0x0000000016940000,0x0000000016a40000)]
=>0x0000000016403000 JavaThread "C2 CompilerThread1" daemon [_thread_in_native, id=9880, stack(0x0000000016840000,0x0000000016940000)]
  0x0000000016424000 JavaThread "C2 CompilerThread0" daemon [_thread_in_native, id=12312, stack(0x0000000016740000,0x0000000016840000)]
  0x000000001646e800 JavaThread "Monitor Ctrl-Break" daemon [_thread_in_native, id=14136, stack(0x0000000016640000,0x0000000016740000)]
  0x0000000014be5800 JavaThread "Attach Listener" daemon [_thread_blocked, id=2544, stack(0x0000000016140000,0x0000000016240000)]
  0x0000000014be4800 JavaThread "Signal Dispatcher" daemon [_thread_blocked, id=5216, stack(0x0000000016040000,0x0000000016140000)]
  0x00000000025c8800 JavaThread "Finalizer" daemon [_thread_blocked, id=4092, stack(0x0000000015e40000,0x0000000015f40000)]
  0x00000000025c5000 JavaThread "Reference Handler" daemon [_thread_blocked, id=13620, stack(0x0000000015d40000,0x0000000015e40000)]
  0x00000000024d4800 JavaThread "main" [_thread_in_native, id=11200, stack(0x0000000002120000,0x0000000002220000)]

Other Threads:
  0x0000000014ba7000 VMThread [stack: 0x0000000015c40000,0x0000000015d40000] [id=7852]
  0x000000001655d800 WatcherThread [stack: 0x0000000016b40000,0x0000000016c40000] [id=12676]

VM state:not at safepoint (normal execution)

VM Mutex/Monitor currently owned by a thread: None

Heap:
 PSYoungGen      total 73216K, used 8545K [0x00000000eb180000, 0x00000000f1d00000, 0x0000000100000000)
  eden space 65536K, 13% used [0x00000000eb180000,0x00000000eb9d8400,0x00000000ef180000)
  from space 7680K, 0% used [0x00000000ef180000,0x00000000ef180000,0x00000000ef900000)
  to   space 10240K, 0% used [0x00000000f1300000,0x00000000f1300000,0x00000000f1d00000)
 ParOldGen       total 36352K, used 10653K [0x00000000c1400000, 0x00000000c3780000, 0x00000000eb180000)
  object space 36352K, 29% used [0x00000000c1400000,0x00000000c1e67428,0x00000000c3780000)
 Metaspace       used 33784K, capacity 35808K, committed 35928K, reserved 1081344K
  class space    used 4334K, capacity 4676K, committed 4696K, reserved 1048576K

Card table byte_map: [0x0000000011990000,0x0000000011b90000] byte_map_base: 0x0000000011386000

Marking Bits: (ParMarkBitMap*) 0x0000000076842d00
 Begin Bits: [0x00000000120e0000, 0x0000000013090000)
 End Bits:   [0x0000000013090000, 0x0000000014040000)

Polling page: 0x0000000000630000

CodeCache: size=245760Kb used=10228Kb max_used=11389Kb free=235531Kb
 bounds [0x00000000025d0000, 0x0000000003100000, 0x00000000115d0000]
 total_blobs=3495 nmethods=3077 adapters=330
 compilation: enabled

Compilation events (10 events):
Event: 6.904 Thread 0x00000000164ba800 3473       3       java.lang.AbstractStringBuilder::append (54 bytes)
Event: 6.904 Thread 0x00000000164ba800 nmethod 3473 0x00000000029a55d0 code [0x00000000029a57a0, 0x00000000029a60a8]
Event: 6.904 Thread 0x00000000164ba800 3474       3       java.nio.charset.CharsetEncoder::<init> (16 bytes)
Event: 6.905 Thread 0x00000000164ba800 nmethod 3474 0x000000000291a6d0 code [0x000000000291a840, 0x000000000291aa68]
Event: 6.905 Thread 0x00000000164ba800 3475       3       java.nio.charset.CharsetEncoder::replaceWith (89 bytes)
Event: 6.905 Thread 0x00000000164ba800 nmethod 3475 0x000000000277c310 code [0x000000000277c520, 0x000000000277ce48]
Event: 6.906 Thread 0x00000000164ba800 3476       3       sun.security.util.DerInputBuffer::<init> (16 bytes)
Event: 6.906 Thread 0x00000000164ba800 nmethod 3476 0x0000000002d5f210 code [0x0000000002d5f380, 0x0000000002d5f630]
Event: 6.906 Thread 0x00000000164ba800 3477       3       sun.security.util.DerValue::init (207 bytes)
Event: 6.908 Thread 0x00000000164ba800 nmethod 3477 0x0000000002aa6750 code [0x0000000002aa6a80, 0x0000000002aa84d8]

GC Heap History (10 events):
Event: 3.311 GC heap before
{Heap before GC invocations=7 (full 1):
 PSYoungGen      total 73216K, used 5729K [0x00000000eb180000, 0x00000000f0080000, 0x0000000100000000)
  eden space 65536K, 0% used [0x00000000eb180000,0x00000000eb180000,0x00000000ef180000)
  from space 7680K, 74% used [0x00000000ef900000,0x00000000efe98780,0x00000000f0080000)
  to   space 7680K, 0% used [0x00000000ef180000,0x00000000ef180000,0x00000000ef900000)
 ParOldGen       total 44032K, used 9851K [0x00000000c1400000, 0x00000000c3f00000, 0x00000000eb180000)
  object space 44032K, 22% used [0x00000000c1400000,0x00000000c1d9ef48,0x00000000c3f00000)
 Metaspace       used 20392K, capacity 21140K, committed 21248K, reserved 1067008K
  class space    used 2519K, capacity 2720K, committed 2816K, reserved 1048576K
Event: 3.370 GC heap after
Heap after GC invocations=7 (full 1):
 PSYoungGen      total 73216K, used 0K [0x00000000eb180000, 0x00000000f0080000, 0x0000000100000000)
  eden space 65536K, 0% used [0x00000000eb180000,0x00000000eb180000,0x00000000ef180000)
  from space 7680K, 0% used [0x00000000ef900000,0x00000000ef900000,0x00000000f0080000)
  to   space 7680K, 0% used [0x00000000ef180000,0x00000000ef180000,0x00000000ef900000)
 ParOldGen       total 36352K, used 6664K [0x00000000c1400000, 0x00000000c3780000, 0x00000000eb180000)
  object space 36352K, 18% used [0x00000000c1400000,0x00000000c1a82388,0x00000000c3780000)
 Metaspace       used 20392K, capacity 21140K, committed 21248K, reserved 1067008K
  class space    used 2519K, capacity 2720K, committed 2816K, reserved 1048576K
}
Event: 5.363 GC heap before
{Heap before GC invocations=8 (full 1):
 PSYoungGen      total 73216K, used 65536K [0x00000000eb180000, 0x00000000f0080000, 0x0000000100000000)
  eden space 65536K, 100% used [0x00000000eb180000,0x00000000ef180000,0x00000000ef180000)
  from space 7680K, 0% used [0x00000000ef900000,0x00000000ef900000,0x00000000f0080000)
  to   space 7680K, 0% used [0x00000000ef180000,0x00000000ef180000,0x00000000ef900000)
 ParOldGen       total 36352K, used 6664K [0x00000000c1400000, 0x00000000c3780000, 0x00000000eb180000)
  object space 36352K, 18% used [0x00000000c1400000,0x00000000c1a82388,0x00000000c3780000)
 Metaspace       used 27233K, capacity 28784K, committed 28928K, reserved 1075200K
  class space    used 3434K, capacity 3736K, committed 3840K, reserved 1048576K
Event: 5.378 GC heap after
Heap after GC invocations=8 (full 1):
 PSYoungGen      total 73216K, used 7661K [0x00000000eb180000, 0x00000000f0080000, 0x0000000100000000)
  eden space 65536K, 0% used [0x00000000eb180000,0x00000000eb180000,0x00000000ef180000)
  from space 7680K, 99% used [0x00000000ef180000,0x00000000ef8fb400,0x00000000ef900000)
  to   space 7680K, 0% used [0x00000000ef900000,0x00000000ef900000,0x00000000f0080000)
 ParOldGen       total 36352K, used 7371K [0x00000000c1400000, 0x00000000c3780000, 0x00000000eb180000)
  object space 36352K, 20% used [0x00000000c1400000,0x00000000c1b32d18,0x00000000c3780000)
 Metaspace       used 27233K, capacity 28784K, committed 28928K, reserved 1075200K
  class space    used 3434K, capacity 3736K, committed 3840K, reserved 1048576K
}
Event: 6.579 GC heap before
{Heap before GC invocations=9 (full 1):
 PSYoungGen      total 73216K, used 73197K [0x00000000eb180000, 0x00000000f0080000, 0x0000000100000000)
  eden space 65536K, 100% used [0x00000000eb180000,0x00000000ef180000,0x00000000ef180000)
  from space 7680K, 99% used [0x00000000ef180000,0x00000000ef8fb400,0x00000000ef900000)
  to   space 7680K, 0% used [0x00000000ef900000,0x00000000ef900000,0x00000000f0080000)
 ParOldGen       total 36352K, used 7371K [0x00000000c1400000, 0x00000000c3780000, 0x00000000eb180000)
  object space 36352K, 20% used [0x00000000c1400000,0x00000000c1b32d18,0x00000000c3780000)
 Metaspace       used 33236K, capacity 35222K, committed 35328K, reserved 1079296K
  class space    used 4249K, capacity 4585K, committed 4608K, reserved 1048576K
Event: 6.593 GC heap after
Heap after GC invocations=9 (full 1):
 PSYoungGen      total 73216K, used 7665K [0x00000000eb180000, 0x00000000f0080000, 0x0000000100000000)
  eden space 65536K, 0% used [0x00000000eb180000,0x00000000eb180000,0x00000000ef180000)
  from space 7680K, 99% used [0x00000000ef900000,0x00000000f007c578,0x00000000f0080000)
  to   space 7680K, 0% used [0x00000000ef180000,0x00000000ef180000,0x00000000ef900000)
 ParOldGen       total 36352K, used 8775K [0x00000000c1400000, 0x00000000c3780000, 0x00000000eb180000)
  object space 36352K, 24% used [0x00000000c1400000,0x00000000c1c91d88,0x00000000c3780000)
 Metaspace       used 33236K, capacity 35222K, committed 35328K, reserved 1079296K
  class space    used 4249K, capacity 4585K, committed 4608K, reserved 1048576K
}
Event: 6.705 GC heap before
{Heap before GC invocations=10 (full 1):
 PSYoungGen      total 73216K, used 12351K [0x00000000eb180000, 0x00000000f0080000, 0x0000000100000000)
  eden space 65536K, 7% used [0x00000000eb180000,0x00000000eb613a10,0x00000000ef180000)
  from space 7680K, 99% used [0x00000000ef900000,0x00000000f007c578,0x00000000f0080000)
  to   space 7680K, 0% used [0x00000000ef180000,0x00000000ef180000,0x00000000ef900000)
 ParOldGen       total 36352K, used 8775K [0x00000000c1400000, 0x00000000c3780000, 0x00000000eb180000)
  object space 36352K, 24% used [0x00000000c1400000,0x00000000c1c91d88,0x00000000c3780000)
 Metaspace       used 33338K, capacity 35322K, committed 35416K, reserved 1079296K
  class space    used 4262K, capacity 4625K, committed 4696K, reserved 1048576K
Event: 6.712 GC heap after
Heap after GC invocations=10 (full 1):
 PSYoungGen      total 73216K, used 5886K [0x00000000eb180000, 0x00000000f1d00000, 0x0000000100000000)
  eden space 65536K, 0% used [0x00000000eb180000,0x00000000eb180000,0x00000000ef180000)
  from space 7680K, 76% used [0x00000000ef180000,0x00000000ef73f990,0x00000000ef900000)
  to   space 10240K, 0% used [0x00000000f1300000,0x00000000f1300000,0x00000000f1d00000)
 ParOldGen       total 36352K, used 8783K [0x00000000c1400000, 0x00000000c3780000, 0x00000000eb180000)
  object space 36352K, 24% used [0x00000000c1400000,0x00000000c1c93d88,0x00000000c3780000)
 Metaspace       used 33338K, capacity 35322K, committed 35416K, reserved 1079296K
  class space    used 4262K, capacity 4625K, committed 4696K, reserved 1048576K
}
Event: 6.712 GC heap before
{Heap before GC invocations=11 (full 2):
 PSYoungGen      total 73216K, used 5886K [0x00000000eb180000, 0x00000000f1d00000, 0x0000000100000000)
  eden space 65536K, 0% used [0x00000000eb180000,0x00000000eb180000,0x00000000ef180000)
  from space 7680K, 76% used [0x00000000ef180000,0x00000000ef73f990,0x00000000ef900000)
  to   space 10240K, 0% used [0x00000000f1300000,0x00000000f1300000,0x00000000f1d00000)
 ParOldGen       total 36352K, used 8783K [0x00000000c1400000, 0x00000000c3780000, 0x00000000eb180000)
  object space 36352K, 24% used [0x00000000c1400000,0x00000000c1c93d88,0x00000000c3780000)
 Metaspace       used 33338K, capacity 35322K, committed 35416K, reserved 1079296K
  class space    used 4262K, capacity 4625K, committed 4696K, reserved 1048576K
Event: 6.767 GC heap after
Heap after GC invocations=11 (full 2):
 PSYoungGen      total 73216K, used 0K [0x00000000eb180000, 0x00000000f1d00000, 0x0000000100000000)
  eden space 65536K, 0% used [0x00000000eb180000,0x00000000eb180000,0x00000000ef180000)
  from space 7680K, 0% used [0x00000000ef180000,0x00000000ef180000,0x00000000ef900000)
  to   space 10240K, 0% used [0x00000000f1300000,0x00000000f1300000,0x00000000f1d00000)
 ParOldGen       total 36352K, used 10653K [0x00000000c1400000, 0x00000000c3780000, 0x00000000eb180000)
  object space 36352K, 29% used [0x00000000c1400000,0x00000000c1e67428,0x00000000c3780000)
 Metaspace       used 33338K, capacity 35322K, committed 35416K, reserved 1079296K
  class space    used 4262K, capacity 4625K, committed 4696K, reserved 1048576K
}

Deoptimization events (10 events):
Event: 6.416 Thread 0x00000000170c8800 Uncommon trap: reason=unstable_if action=reinterpret pc=0x000000000302c06c method=java.security.CodeSource.getCertificates()[Ljava/security/cert/Certificate; @ 22
Event: 6.419 Thread 0x00000000170c8800 Uncommon trap: reason=unstable_if action=reinterpret pc=0x0000000002def1b8 method=sun.nio.fs.WindowsPathParser.isSlash(C)Z @ 9
Event: 6.457 Thread 0x00000000170c8800 Uncommon trap: reason=unstable_if action=reinterpret pc=0x0000000003037584 method=java.util.jar.JarFile.maybeInstantiateVerifier()V @ 75
Event: 6.466 Thread 0x00000000170c8800 Uncommon trap: reason=unstable_if action=reinterpret pc=0x00000000026e3b50 method=java.io.ByteArrayInputStream.read()I @ 8
Event: 6.466 Thread 0x00000000170c8800 Uncommon trap: reason=unstable_if action=reinterpret pc=0x00000000030a08b0 method=java.util.regex.Pattern$BmpCharProperty.match(Ljava/util/regex/Matcher;ILjava/lang/CharSequence;)Z @ 5
Event: 6.487 Thread 0x00000000024d4800 Uncommon trap: reason=unstable_if action=reinterpret pc=0x0000000002d86920 method=org.springframework.util.ConcurrentReferenceHashMap$Segment.findInChain(Lorg/springframework/util/ConcurrentReferenceHashMap$Reference;Ljava/lang/Object;I)Lorg/springframewo
Event: 6.487 Thread 0x00000000024d4800 Uncommon trap: reason=unstable_if action=reinterpret pc=0x0000000002c7de78 method=org.springframework.util.ConcurrentReferenceHashMap$Segment.findInChain(Lorg/springframework/util/ConcurrentReferenceHashMap$Reference;Ljava/lang/Object;I)Lorg/springframewo
Event: 6.487 Thread 0x00000000024d4800 Uncommon trap: reason=unstable_if action=reinterpret pc=0x0000000002c80f5c method=org.springframework.util.ConcurrentReferenceHashMap$Segment.findInChain(Lorg/springframework/util/ConcurrentReferenceHashMap$Reference;Ljava/lang/Object;I)Lorg/springframewo
Event: 6.561 Thread 0x00000000024d4800 Uncommon trap: reason=unstable_if action=reinterpret pc=0x0000000002a2d6cc method=org.springframework.util.ConcurrentReferenceHashMap$Segment.restructureIfNecessary(Z)V @ 41
Event: 6.876 Thread 0x00000000024d4800 Uncommon trap: reason=unstable_if action=reinterpret pc=0x0000000002d5f958 method=org.springframework.util.ConcurrentReferenceHashMap$Segment.clear()V @ 7

Classes redefined (0 events):
No events

Internal exceptions (10 events):
Event: 6.703 Thread 0x00000000024d4800 Exception <a 'java/lang/ClassNotFoundException': com/hobbyHub/user/UserCreationCustomizer> (0x00000000eb585238) thrown at [C:\re\workspace\8-2-build-windows-amd64-cygwin\jdk8u181\11358\hotspot\src\share\vm\classfile\systemDictionary.cpp, line 210]
Event: 6.790 Thread 0x00000000024d4800 Exception <a 'java/lang/ClassNotFoundException': java/lang/ObjectCustomizer> (0x00000000eb2168a0) thrown at [C:\re\workspace\8-2-build-windows-amd64-cygwin\jdk8u181\11358\hotspot\src\share\vm\classfile\systemDictionary.cpp, line 210]
Event: 6.791 Thread 0x00000000024d4800 Exception <a 'java/lang/ClassNotFoundException': com/hobbyHub/post/PostCustomizer> (0x00000000eb226bb8) thrown at [C:\re\workspace\8-2-build-windows-amd64-cygwin\jdk8u181\11358\hotspot\src\share\vm\classfile\systemDictionary.cpp, line 210]
Event: 6.792 Thread 0x00000000024d4800 Exception <a 'java/lang/ClassNotFoundException': com/hobbyHub/post/video/VideoCustomizer> (0x00000000eb2438f8) thrown at [C:\re\workspace\8-2-build-windows-amd64-cygwin\jdk8u181\11358\hotspot\src\share\vm\classfile\systemDictionary.cpp, line 210]
Event: 6.794 Thread 0x00000000024d4800 Exception <a 'java/lang/ClassNotFoundException': com/hobbyHub/likeable/LikableCustomizer> (0x00000000eb262138) thrown at [C:\re\workspace\8-2-build-windows-amd64-cygwin\jdk8u181\11358\hotspot\src\share\vm\classfile\systemDictionary.cpp, line 210]
Event: 6.795 Thread 0x00000000024d4800 Exception <a 'java/lang/ClassNotFoundException': com/hobbyHub/commentable/CommentableCustomizer> (0x00000000eb2772d0) thrown at [C:\re\workspace\8-2-build-windows-amd64-cygwin\jdk8u181\11358\hotspot\src\share\vm\classfile\systemDictionary.cpp, line 210]
Event: 6.795 Thread 0x00000000024d4800 Exception <a 'java/lang/ClassNotFoundException': com/hobbyHub/user/UserCreationCustomizer> (0x00000000eb286bd8) thrown at [C:\re\workspace\8-2-build-windows-amd64-cygwin\jdk8u181\11358\hotspot\src\share\vm\classfile\systemDictionary.cpp, line 210]
Event: 6.805 Thread 0x00000000024d4800 Exception <a 'java/lang/ClassNotFoundException': java/lang/ObjectCustomizer> (0x00000000eb2d5890) thrown at [C:\re\workspace\8-2-build-windows-amd64-cygwin\jdk8u181\11358\hotspot\src\share\vm\classfile\systemDictionary.cpp, line 210]
Event: 6.807 Thread 0x00000000024d4800 Exception <a 'java/lang/ClassNotFoundException': com/hobbyHub/hobby/HobbyCustomizer> (0x00000000eb2e5098) thrown at [C:\re\workspace\8-2-build-windows-amd64-cygwin\jdk8u181\11358\hotspot\src\share\vm\classfile\systemDictionary.cpp, line 210]
Event: 6.845 Thread 0x00000000024d4800 Exception <a 'java/lang/NoSuchMethodError': java.lang.Object.lambda$identity$0(Ljava/lang/Object;)Ljava/lang/Object;> (0x00000000eb44af00) thrown at [C:\re\workspace\8-2-build-windows-amd64-cygwin\jdk8u181\11358\hotspot\src\share\vm\interpreter\linkResolv

Events (10 events):
Event: 6.909 loading class java/security/interfaces/DSAPrivateKey
Event: 6.909 loading class org/springframework/data/mongodb/core/convert/UpdateMapper
Event: 6.909 loading class org/springframework/data/mongodb/core/convert/UpdateMapper done
Event: 6.910 loading class org/springframework/data/mongodb/core/convert/UpdateMapper$MetadataBackedUpdateField
Event: 6.910 loading class org/springframework/data/mongodb/core/convert/UpdateMapper$MetadataBackedUpdateField done
Event: 6.910 loading class java/security/interfaces/DSAPrivateKey done
Event: 6.910 loading class sun/security/provider/DSA$SHA1withDSA
Event: 6.911 loading class sun/security/provider/DSA
Event: 6.911 loading class sun/security/provider/DSA done
Event: 6.911 loading class sun/security/provider/DSA$SHA1withDSA done


Dynamic libraries:
0x00007ff783cd0000 - 0x00007ff783d07000 	C:\Program Files\Java\jdk1.8.0_181\bin\java.exe
0x00007ffa92100000 - 0x00007ffa922f0000 	C:\WINDOWS\SYSTEM32\ntdll.dll
0x00007ffa909e0000 - 0x00007ffa90a92000 	C:\WINDOWS\System32\KERNEL32.DLL
0x00007ffa8fba0000 - 0x00007ffa8fe45000 	C:\WINDOWS\System32\KERNELBASE.dll
0x00007ffa91370000 - 0x00007ffa91413000 	C:\WINDOWS\System32\ADVAPI32.dll
0x00007ffa91420000 - 0x00007ffa914be000 	C:\WINDOWS\System32\msvcrt.dll
0x00007ffa905a0000 - 0x00007ffa90637000 	C:\WINDOWS\System32\sechost.dll
0x00007ffa91250000 - 0x00007ffa91370000 	C:\WINDOWS\System32\RPCRT4.dll
0x00007ffa90640000 - 0x00007ffa907d5000 	C:\WINDOWS\System32\USER32.dll
0x00007ffa8f3f0000 - 0x00007ffa8f411000 	C:\WINDOWS\System32\win32u.dll
0x00007ffa907f0000 - 0x00007ffa90816000 	C:\WINDOWS\System32\GDI32.dll
0x00007ffa8f250000 - 0x00007ffa8f3e6000 	C:\WINDOWS\System32\gdi32full.dll
0x00007ffa900b0000 - 0x00007ffa9014e000 	C:\WINDOWS\System32\msvcp_win.dll
0x00007ffa8ff00000 - 0x00007ffa8fffa000 	C:\WINDOWS\System32\ucrtbase.dll
0x00007ffa7ea80000 - 0x00007ffa7ed04000 	C:\WINDOWS\WinSxS\amd64_microsoft.windows.common-controls_6595b64144ccf1df_6.0.18362.1082_none_9e8193e1e45b25c1\COMCTL32.dll
0x00007ffa91bb0000 - 0x00007ffa91ee5000 	C:\WINDOWS\System32\combase.dll
0x00007ffa8fe80000 - 0x00007ffa8ff00000 	C:\WINDOWS\System32\bcryptPrimitives.dll
0x00007ffa91ef0000 - 0x00007ffa91f1e000 	C:\WINDOWS\System32\IMM32.DLL
0x00000000771c0000 - 0x0000000077292000 	C:\Program Files\Java\jdk1.8.0_181\jre\bin\msvcr100.dll
0x0000000076020000 - 0x00000000768c2000 	C:\Program Files\Java\jdk1.8.0_181\jre\bin\server\jvm.dll
0x00007ffa92000000 - 0x00007ffa92008000 	C:\WINDOWS\System32\PSAPI.DLL
0x00007ffa8d120000 - 0x00007ffa8d129000 	C:\WINDOWS\SYSTEM32\WSOCK32.dll
0x00007ffa90c50000 - 0x00007ffa90cbf000 	C:\WINDOWS\System32\WS2_32.dll
0x00007ffa8cfe0000 - 0x00007ffa8d004000 	C:\WINDOWS\SYSTEM32\WINMM.dll
0x00007ffa80bc0000 - 0x00007ffa80bca000 	C:\WINDOWS\SYSTEM32\VERSION.dll
0x00007ffa8cfb0000 - 0x00007ffa8cfdd000 	C:\WINDOWS\SYSTEM32\WINMMBASE.dll
0x00007ffa8f090000 - 0x00007ffa8f0da000 	C:\WINDOWS\System32\cfgmgr32.dll
0x00000000771b0000 - 0x00000000771bf000 	C:\Program Files\Java\jdk1.8.0_181\jre\bin\verify.dll
0x0000000077180000 - 0x00000000771a9000 	C:\Program Files\Java\jdk1.8.0_181\jre\bin\java.dll
0x00000000770f0000 - 0x0000000077113000 	C:\Program Files\Java\jdk1.8.0_181\jre\bin\instrument.dll
0x0000000077160000 - 0x0000000077176000 	C:\Program Files\Java\jdk1.8.0_181\jre\bin\zip.dll
0x00007ffa914c0000 - 0x00007ffa91ba7000 	C:\WINDOWS\System32\SHELL32.dll
0x00007ffa92010000 - 0x00007ffa920b9000 	C:\WINDOWS\System32\shcore.dll
0x00007ffa8f420000 - 0x00007ffa8fba0000 	C:\WINDOWS\System32\windows.storage.dll
0x00007ffa8f040000 - 0x00007ffa8f063000 	C:\WINDOWS\System32\profapi.dll
0x00007ffa8efd0000 - 0x00007ffa8f01a000 	C:\WINDOWS\System32\powrprof.dll
0x00007ffa8efc0000 - 0x00007ffa8efd0000 	C:\WINDOWS\System32\UMPDC.dll
0x00007ffa91fa0000 - 0x00007ffa91ff2000 	C:\WINDOWS\System32\shlwapi.dll
0x00007ffa8f020000 - 0x00007ffa8f031000 	C:\WINDOWS\System32\kernel.appcore.dll
0x00007ffa8f0e0000 - 0x00007ffa8f0f7000 	C:\WINDOWS\System32\cryptsp.dll
0x00007ffa8a200000 - 0x00007ffa8a21a000 	C:\Program Files\JetBrains\IntelliJ IDEA Community Edition 2020.2.1\bin\breakgen64.dll
0x0000000077140000 - 0x000000007715a000 	C:\Program Files\Java\jdk1.8.0_181\jre\bin\net.dll
0x00007ffa8e7b0000 - 0x00007ffa8e817000 	C:\WINDOWS\system32\mswsock.dll
0x00000000770e0000 - 0x00000000770ed000 	C:\Program Files\Java\jdk1.8.0_181\jre\bin\management.dll
0x00007ffa7a0e0000 - 0x00007ffa7a0f6000 	C:\WINDOWS\system32\napinsp.dll
0x00007ffa79c50000 - 0x00007ffa79c6a000 	C:\WINDOWS\system32\pnrpnsp.dll
0x00007ffa8e500000 - 0x00007ffa8e5cb000 	C:\WINDOWS\SYSTEM32\DNSAPI.dll
0x00007ffa907e0000 - 0x00007ffa907e8000 	C:\WINDOWS\System32\NSI.dll
0x00007ffa8e4c0000 - 0x00007ffa8e4fa000 	C:\WINDOWS\SYSTEM32\IPHLPAPI.DLL
0x00007ffa7b9b0000 - 0x00007ffa7b9be000 	C:\WINDOWS\System32\winrnr.dll
0x00007ffa8b7f0000 - 0x00007ffa8b80c000 	C:\WINDOWS\system32\NLAapi.dll
0x00007ffa8a3d0000 - 0x00007ffa8a3e5000 	C:\WINDOWS\system32\wshbth.dll
0x00007ffa81ec0000 - 0x00007ffa81eca000 	C:\Windows\System32\rasadhlp.dll
0x00007ffa860c0000 - 0x00007ffa86137000 	C:\WINDOWS\System32\fwpuclnt.dll
0x00007ffa8fe50000 - 0x00007ffa8fe76000 	C:\WINDOWS\System32\bcrypt.dll
0x0000000077120000 - 0x0000000077131000 	C:\Program Files\Java\jdk1.8.0_181\jre\bin\nio.dll
0x00007ffa8e320000 - 0x00007ffa8e353000 	C:\WINDOWS\system32\rsaenh.dll
0x00007ffa8eee0000 - 0x00007ffa8ef05000 	C:\WINDOWS\SYSTEM32\USERENV.dll
0x00007ffa8e980000 - 0x00007ffa8e98c000 	C:\WINDOWS\SYSTEM32\CRYPTBASE.dll
0x00007ffa86ea0000 - 0x00007ffa86eb6000 	C:\WINDOWS\SYSTEM32\dhcpcsvc6.DLL
0x00007ffa86ed0000 - 0x00007ffa86eec000 	C:\WINDOWS\SYSTEM32\dhcpcsvc.DLL
0x00000000770b0000 - 0x00000000770d4000 	C:\Program Files\Java\jdk1.8.0_181\jre\bin\sunec.dll

VM Arguments:
jvm_args: -javaagent:C:\Program Files\JetBrains\IntelliJ IDEA Community Edition 2020.2.1\lib\idea_rt.jar=54869:C:\Program Files\JetBrains\IntelliJ IDEA Community Edition 2020.2.1\bin -Dfile.encoding=UTF-8 
java_command: com.hobbyHub.HobbyHubApplication
java_class_path (initial): C:\Program Files\Java\jdk1.8.0_181\jre\lib\charsets.jar;C:\Program Files\Java\jdk1.8.0_181\jre\lib\deploy.jar;C:\Program Files\Java\jdk1.8.0_181\jre\lib\ext\access-bridge-64.jar;C:\Program Files\Java\jdk1.8.0_181\jre\lib\ext\cldrdata.jar;C:\Program Files\Java\jdk1.8.0_181\jre\lib\ext\dnsns.jar;C:\Program Files\Java\jdk1.8.0_181\jre\lib\ext\jaccess.jar;C:\Program Files\Java\jdk1.8.0_181\jre\lib\ext\jfxrt.jar;C:\Program Files\Java\jdk1.8.0_181\jre\lib\ext\localedata.jar;C:\Program Files\Java\jdk1.8.0_181\jre\lib\ext\nashorn.jar;C:\Program Files\Java\jdk1.8.0_181\jre\lib\ext\sunec.jar;C:\Program Files\Java\jdk1.8.0_181\jre\lib\ext\sunjce_provider.jar;C:\Program Files\Java\jdk1.8.0_181\jre\lib\ext\sunmscapi.jar;C:\Program Files\Java\jdk1.8.0_181\jre\lib\ext\sunpkcs11.jar;C:\Program Files\Java\jdk1.8.0_181\jre\lib\ext\zipfs.jar;C:\Program Files\Java\jdk1.8.0_181\jre\lib\javaws.jar;C:\Program Files\Java\jdk1.8.0_181\jre\lib\jce.jar;C:\Program Files\Java\jdk1.8.0_181\jre\lib\jfr.jar;C:\Program Files\Java\jdk1.8.0_181\jre\lib\jfxswt.jar;C:\Program Files\Java\jdk1.8.0_181\jre\lib\jsse.jar;C:\Program Files\Java\jdk1.8.0_181\jre\lib\management-agent.jar;C:\Program Files\Java\jdk1.8.0_181\jre\lib\plugin.jar;C:\Program Files\Java\jdk1.8.0_181\jre\lib\resources.jar;C:\Program Files\Java\jdk1.8.0_181\jre\lib\rt.jar;C:\Users\zaid\IdeaProjects\HobbyHub\target\classes;C:\Users\zaid\.m2\repository\org\springframework\boot\spring-boot-starter-web\2.3.3.RELEASE\spring-boot-starter-web-2.3.3.RELEASE.jar;C:\Users\zaid\.m2\repository\org\springframework\boot\spring-boot-starter\2.3.3.RELEASE\spring-boot-starter-2.3.3.RELEASE.jar;C:\Users\zaid\.m2\repository\org\springframework\boot\spring-boot\2.3.3.RELEASE\spring-boot-2.3.3.RELEASE.jar;C:\Users\zaid\.m2\repository\org\springframework\boot\spring-boot-autoconfigure\2.3.3.RELEASE\spring-boot-autoconfigure-2.3.3.RELEASE.jar;C:\Users\zaid\.m2\repository\org\springframework\boot\spring-boot-starter-logging\2.3.3.RE
Launcher Type: SUN_STANDARD

Environment Variables:
JAVA_HOME=C:\Program Files\Java\jdk1.8.0_181
JRE_HOME=C:\Program Files\Java\jre1.8.0_261
CLASSPATH=?C:\Program Files\Java\junit-4.10.jar
PATH=C:\Program Files\Java\jdk1.8.0_181\bin;C:\Program Files\Git_\cmd;C:\Program Files\Git_\mingw64\bin;C:\Program Files\Git_\usr\bin;C:\Program Files\Java\jdk1.8.0_181\bin;C:\Users\zaid\AppData\Local\Programs\Microsoft VS Code\bin;C:\Program Files\JetBrains\IntelliJ IDEA Community Edition 2020.2.1\bin;
USERNAME=zaid
OS=Windows_NT
PROCESSOR_IDENTIFIER=Intel64 Family 6 Model 61 Stepping 4, GenuineIntel



---------------  S Y S T E M  ---------------

OS: Windows 10.0 , 64 bit Build 18362 (10.0.18362.1082)

CPU:total 4 (initial active 4) (2 cores per cpu, 2 threads per core) family 6 model 61 stepping 4, cmov, cx8, fxsr, mmx, sse, sse2, sse3, ssse3, sse4.1, sse4.2, popcnt, avx, avx2, aes, clmul, erms, 3dnowpref, lzcnt, ht, tsc, tscinvbit, bmi1, bmi2, adx

Memory: 4k page, physical 4107344k(409920k free), swap 16690256k(4376k free)

vm_info: Java HotSpot(TM) 64-Bit Server VM (25.181-b13) for windows-amd64 JRE (1.8.0_181-b13), built on Jul  7 2018 04:01:33 by "java_re" with MS VC++ 10.0 (VS2010)

time: Wed Sep 16 02:41:12 2020
elapsed time: 6 seconds (0d 0h 0m 6s)

