#
# There is insufficient memory for the Java Runtime Environment to continue.
# Native memory allocation (malloc) failed to allocate 2091952 bytes for Chunk::new
# Possible reasons:
#   The system is out of physical RAM or swap space
#   In 32 bit mode, the process size limit was hit
# Possible solutions:
#   Reduce memory load on the system
#   Increase physical memory or swap space
#   Check if swap backing store is full
#   Use 64 bit Java on a 64 bit OS
#   Decrease Java heap size (-Xmx/-Xms)
#   Decrease number of Java threads
#   Decrease Java thread stack sizes (-Xss)
#   Set larger code cache with -XX:ReservedCodeCacheSize=
# This output file may be truncated or incomplete.
#
#  Out of Memory Error (allocation.cpp:390), pid=8292, tid=0x0000000000002e08
#
# JRE version: Java(TM) SE Runtime Environment (8.0_181-b13) (build 1.8.0_181-b13)
# Java VM: Java HotSpot(TM) 64-Bit Server VM (25.181-b13 mixed mode windows-amd64 compressed oops)
# Failed to write core dump. Minidumps are not enabled by default on client versions of Windows
#

---------------  T H R E A D  ---------------

Current thread (0x0000000017178800):  JavaThread "C2 CompilerThread1" daemon [_thread_in_native, id=11784, stack(0x0000000017500000,0x0000000017600000)]

Stack: [0x0000000017500000,0x0000000017600000]
[error occurred during error reporting (printing stack bounds), id 0xc0000005]

Native frames: (J=compiled Java code, j=interpreted, Vv=VM code, C=native code)


Current CompileTask:
C2:   9142 4391   !   4       org.springframework.core.annotation.AnnotationsScanner::processClassHierarchy (236 bytes)


---------------  P R O C E S S  ---------------

Java Threads: ( => current thread )
  0x0000000018ac0800 JavaThread "http-nio-8080-Acceptor" daemon [_thread_in_native, id=8616, stack(0x0000000020800000,0x0000000020900000)]
  0x0000000018abe800 JavaThread "http-nio-8080-ClientPoller" daemon [_thread_in_native, id=12940, stack(0x0000000020700000,0x0000000020800000)]
  0x000000001b3fa800 JavaThread "http-nio-8080-exec-10" daemon [_thread_blocked, id=13812, stack(0x0000000020600000,0x0000000020700000)]
  0x000000001b3fa000 JavaThread "http-nio-8080-exec-9" daemon [_thread_blocked, id=8952, stack(0x0000000020500000,0x0000000020600000)]
  0x000000001b3f9000 JavaThread "http-nio-8080-exec-8" daemon [_thread_blocked, id=13520, stack(0x0000000020400000,0x0000000020500000)]
  0x000000001b3fe000 JavaThread "http-nio-8080-exec-7" daemon [_thread_blocked, id=6852, stack(0x0000000020300000,0x0000000020400000)]
  0x000000001b400000 JavaThread "http-nio-8080-exec-6" daemon [_thread_blocked, id=8812, stack(0x0000000020200000,0x0000000020300000)]
  0x000000001b3fd000 JavaThread "http-nio-8080-exec-5" daemon [_thread_blocked, id=14588, stack(0x0000000020000000,0x0000000020100000)]
  0x000000001b3ff800 JavaThread "http-nio-8080-exec-4" daemon [_thread_blocked, id=13748, stack(0x000000001ff00000,0x0000000020000000)]
  0x000000001b3fe800 JavaThread "http-nio-8080-exec-3" daemon [_thread_blocked, id=13904, stack(0x000000001fe00000,0x000000001ff00000)]
  0x000000001b3fc000 JavaThread "http-nio-8080-exec-2" daemon [_thread_blocked, id=11048, stack(0x000000001fd00000,0x000000001fe00000)]
  0x000000001b3fb800 JavaThread "http-nio-8080-exec-1" daemon [_thread_in_native, id=4448, stack(0x000000001f990000,0x000000001fa90000)]
  0x00000000183e3000 JavaThread "http-nio-8080-BlockPoller" daemon [_thread_in_native, id=13940, stack(0x000000001f250000,0x000000001f350000)]
  0x00000000183e0000 JavaThread "cluster-ClusterId{value='5f617fa956999507c984a64e', description='null'}-cluster0-shard-00-02.ookg1.mongodb.net:27017" daemon [_thread_blocked, id=12836, stack(0x000000001f150000,0x000000001f250000)]
  0x00000000183e2800 JavaThread "cluster-ClusterId{value='5f617fa956999507c984a64e', description='null'}-cluster0-shard-00-00.ookg1.mongodb.net:27017" daemon [_thread_blocked, id=8536, stack(0x000000001f050000,0x000000001f150000)]
  0x00000000183e1000 JavaThread "cluster-ClusterId{value='5f617fa956999507c984a64e', description='null'}-cluster0-shard-00-01.ookg1.mongodb.net:27017" daemon [_thread_blocked, id=1164, stack(0x000000001de80000,0x000000001df80000)]
  0x00000000183df800 JavaThread "cluster-ClusterId{value='5f617fa956999507c984a64e', description='null'}-srv-cluster0.ookg1.mongodb.net" daemon [_thread_blocked, id=14972, stack(0x000000001ef50000,0x000000001f050000)]
  0x00000000183e1800 JavaThread "Thread-2" daemon [_thread_in_native, id=15260, stack(0x000000001dc60000,0x000000001dd60000)]
  0x00000000183dd000 JavaThread "container-0" [_thread_blocked, id=11288, stack(0x000000001d960000,0x000000001da60000)]
  0x00000000183de800 JavaThread "Catalina-utility-2" [_thread_blocked, id=1688, stack(0x000000001c7f0000,0x000000001c8f0000)]
  0x00000000183de000 JavaThread "Catalina-utility-1" [_thread_blocked, id=11820, stack(0x0000000019750000,0x0000000019850000)]
  0x0000000017193000 JavaThread "Service Thread" daemon [_thread_blocked, id=1380, stack(0x0000000017700000,0x0000000017800000)]
  0x0000000017179800 JavaThread "C1 CompilerThread2" daemon [_thread_blocked, id=5140, stack(0x0000000017600000,0x0000000017700000)]
=>0x0000000017178800 JavaThread "C2 CompilerThread1" daemon [_thread_in_native, id=11784, stack(0x0000000017500000,0x0000000017600000)]
  0x00000000170db800 JavaThread "C2 CompilerThread0" daemon [_thread_in_native, id=3668, stack(0x0000000017400000,0x0000000017500000)]
  0x000000001712a800 JavaThread "Monitor Ctrl-Break" daemon [_thread_in_native, id=13908, stack(0x0000000017300000,0x0000000017400000)]
  0x00000000158ad800 JavaThread "Attach Listener" daemon [_thread_blocked, id=13292, stack(0x0000000016e00000,0x0000000016f00000)]
  0x00000000158c0000 JavaThread "Signal Dispatcher" daemon [_thread_blocked, id=12524, stack(0x0000000016d00000,0x0000000016e00000)]
  0x000000001589a800 JavaThread "Finalizer" daemon [_thread_blocked, id=4540, stack(0x0000000016b00000,0x0000000016c00000)]
  0x0000000003295000 JavaThread "Reference Handler" daemon [_thread_blocked, id=1620, stack(0x0000000016a00000,0x0000000016b00000)]
  0x00000000031a4800 JavaThread "main" [_thread_in_native, id=14868, stack(0x0000000002fa0000,0x00000000030a0000)]

Other Threads:
  0x0000000015877000 VMThread [stack: 0x0000000016900000,0x0000000016a00000] [id=2320]
  0x00000000171f4000 WatcherThread [stack: 0x0000000017800000,0x0000000017900000] [id=9292]

VM state:not at safepoint (normal execution)

VM Mutex/Monitor currently owned by a thread: None

Heap:
 PSYoungGen      total 152064K, used 19347K [0x00000000eb180000, 0x00000000f5800000, 0x0000000100000000)
  eden space 142336K, 6% used [0x00000000eb180000,0x00000000ebae9010,0x00000000f3c80000)
  from space 9728K, 99% used [0x00000000f4e80000,0x00000000f57fbe78,0x00000000f5800000)
  to   space 12288K, 0% used [0x00000000f4000000,0x00000000f4000000,0x00000000f4c00000)
 ParOldGen       total 45568K, used 14444K [0x00000000c1400000, 0x00000000c4080000, 0x00000000eb180000)
  object space 45568K, 31% used [0x00000000c1400000,0x00000000c221b130,0x00000000c4080000)
 Metaspace       used 45190K, capacity 47932K, committed 48088K, reserved 1091584K
  class space    used 5606K, capacity 6084K, committed 6104K, reserved 1048576K

Card table byte_map: [0x0000000012660000,0x0000000012860000] byte_map_base: 0x0000000012056000

Marking Bits: (ParMarkBitMap*) 0x0000000076842d00
 Begin Bits: [0x0000000012db0000, 0x0000000013d60000)
 End Bits:   [0x0000000013d60000, 0x0000000014d10000)

Polling page: 0x0000000001160000

CodeCache: size=245760Kb used=13484Kb max_used=13494Kb free=232276Kb
 bounds [0x00000000032a0000, 0x0000000003fe0000, 0x00000000122a0000]
 total_blobs=4366 nmethods=3896 adapters=382
 compilation: enabled

Compilation events (10 events):
Event: 8.913 Thread 0x00000000170db800 nmethod 4461 0x0000000003fd4ad0 code [0x0000000003fd4c40, 0x0000000003fd56b8]
Event: 8.913 Thread 0x00000000170db800 4462 %     4       java.util.Properties$LineReader::readLine @ 21 (468 bytes)
Event: 8.922 Thread 0x00000000170db800 nmethod 4462% 0x0000000003fd2090 code [0x0000000003fd2220, 0x0000000003fd2e88]
Event: 8.954 Thread 0x00000000170db800 4471       4       java.util.zip.InflaterInputStream::<init> (79 bytes)
Event: 8.958 Thread 0x00000000170db800 nmethod 4471 0x0000000003fd1590 code [0x0000000003fd16e0, 0x0000000003fd1a18]
Event: 8.993 Thread 0x0000000017179800 4472   !   3       java.util.zip.ZipFile::close (223 bytes)
Event: 8.995 Thread 0x0000000017179800 nmethod 4472 0x0000000003fd8010 code [0x0000000003fd8320, 0x0000000003fd9d28]
Event: 9.033 Thread 0x00000000170db800 4473       4       java.util.ArrayDeque::poll (5 bytes)
Event: 9.034 Thread 0x00000000170db800 nmethod 4473 0x0000000003fd3d90 code [0x0000000003fd3ec0, 0x0000000003fd3f78]
Event: 9.049 Thread 0x00000000170db800 4474   !   4       java.util.zip.ZipFile::getInputStream (304 bytes)

GC Heap History (10 events):
Event: 4.941 GC heap before
{Heap before GC invocations=8 (full 1):
 PSYoungGen      total 73216K, used 65536K [0x00000000eb180000, 0x00000000f0080000, 0x0000000100000000)
  eden space 65536K, 100% used [0x00000000eb180000,0x00000000ef180000,0x00000000ef180000)
  from space 7680K, 0% used [0x00000000ef900000,0x00000000ef900000,0x00000000f0080000)
  to   space 7680K, 0% used [0x00000000ef180000,0x00000000ef180000,0x00000000ef900000)
 ParOldGen       total 36864K, used 9623K [0x00000000c1400000, 0x00000000c3800000, 0x00000000eb180000)
  object space 36864K, 26% used [0x00000000c1400000,0x00000000c1d65ff0,0x00000000c3800000)
 Metaspace       used 27257K, capacity 28788K, committed 28928K, reserved 1075200K
  class space    used 3435K, capacity 3736K, committed 3840K, reserved 1048576K
Event: 4.955 GC heap after
Heap after GC invocations=8 (full 1):
 PSYoungGen      total 73216K, used 7670K [0x00000000eb180000, 0x00000000f2a80000, 0x0000000100000000)
  eden space 65536K, 0% used [0x00000000eb180000,0x00000000eb180000,0x00000000ef180000)
  from space 7680K, 99% used [0x00000000ef180000,0x00000000ef8fd9d0,0x00000000ef900000)
  to   space 9216K, 0% used [0x00000000f2180000,0x00000000f2180000,0x00000000f2a80000)
 ParOldGen       total 36864K, used 10256K [0x00000000c1400000, 0x00000000c3800000, 0x00000000eb180000)
  object space 36864K, 27% used [0x00000000c1400000,0x00000000c1e041b0,0x00000000c3800000)
 Metaspace       used 27257K, capacity 28788K, committed 28928K, reserved 1075200K
  class space    used 3435K, capacity 3736K, committed 3840K, reserved 1048576K
}
Event: 6.153 GC heap before
{Heap before GC invocations=9 (full 1):
 PSYoungGen      total 73216K, used 73206K [0x00000000eb180000, 0x00000000f2a80000, 0x0000000100000000)
  eden space 65536K, 100% used [0x00000000eb180000,0x00000000ef180000,0x00000000ef180000)
  from space 7680K, 99% used [0x00000000ef180000,0x00000000ef8fd9d0,0x00000000ef900000)
  to   space 9216K, 0% used [0x00000000f2180000,0x00000000f2180000,0x00000000f2a80000)
 ParOldGen       total 36864K, used 10256K [0x00000000c1400000, 0x00000000c3800000, 0x00000000eb180000)
  object space 36864K, 27% used [0x00000000c1400000,0x00000000c1e041b0,0x00000000c3800000)
 Metaspace       used 33202K, capacity 35208K, committed 35328K, reserved 1079296K
  class space    used 4243K, capacity 4578K, committed 4608K, reserved 1048576K
Event: 6.165 GC heap after
Heap after GC invocations=9 (full 1):
 PSYoungGen      total 113152K, used 8872K [0x00000000eb180000, 0x00000000f2b00000, 0x0000000100000000)
  eden space 103936K, 0% used [0x00000000eb180000,0x00000000eb180000,0x00000000f1700000)
  from space 9216K, 96% used [0x00000000f2180000,0x00000000f2a2a230,0x00000000f2a80000)
  to   space 10240K, 0% used [0x00000000f1700000,0x00000000f1700000,0x00000000f2100000)
 ParOldGen       total 36864K, used 10328K [0x00000000c1400000, 0x00000000c3800000, 0x00000000eb180000)
  object space 36864K, 28% used [0x00000000c1400000,0x00000000c1e161c0,0x00000000c3800000)
 Metaspace       used 33202K, capacity 35208K, committed 35328K, reserved 1079296K
  class space    used 4243K, capacity 4578K, committed 4608K, reserved 1048576K
}
Event: 6.250 GC heap before
{Heap before GC invocations=10 (full 1):
 PSYoungGen      total 113152K, used 16369K [0x00000000eb180000, 0x00000000f2b00000, 0x0000000100000000)
  eden space 103936K, 7% used [0x00000000eb180000,0x00000000eb8d2398,0x00000000f1700000)
  from space 9216K, 96% used [0x00000000f2180000,0x00000000f2a2a230,0x00000000f2a80000)
  to   space 10240K, 0% used [0x00000000f1700000,0x00000000f1700000,0x00000000f2100000)
 ParOldGen       total 36864K, used 10328K [0x00000000c1400000, 0x00000000c3800000, 0x00000000eb180000)
  object space 36864K, 28% used [0x00000000c1400000,0x00000000c1e161c0,0x00000000c3800000)
 Metaspace       used 33350K, capacity 35330K, committed 35416K, reserved 1079296K
  class space    used 4264K, capacity 4625K, committed 4696K, reserved 1048576K
Event: 6.257 GC heap after
Heap after GC invocations=10 (full 1):
 PSYoungGen      total 114176K, used 5898K [0x00000000eb180000, 0x00000000f5800000, 0x0000000100000000)
  eden space 103936K, 0% used [0x00000000eb180000,0x00000000eb180000,0x00000000f1700000)
  from space 10240K, 57% used [0x00000000f1700000,0x00000000f1cc2980,0x00000000f2100000)
  to   space 9728K, 0% used [0x00000000f4e80000,0x00000000f4e80000,0x00000000f5800000)
 ParOldGen       total 36864K, used 10336K [0x00000000c1400000, 0x00000000c3800000, 0x00000000eb180000)
  object space 36864K, 28% used [0x00000000c1400000,0x00000000c1e181c0,0x00000000c3800000)
 Metaspace       used 33350K, capacity 35330K, committed 35416K, reserved 1079296K
  class space    used 4264K, capacity 4625K, committed 4696K, reserved 1048576K
}
Event: 6.257 GC heap before
{Heap before GC invocations=11 (full 2):
 PSYoungGen      total 114176K, used 5898K [0x00000000eb180000, 0x00000000f5800000, 0x0000000100000000)
  eden space 103936K, 0% used [0x00000000eb180000,0x00000000eb180000,0x00000000f1700000)
  from space 10240K, 57% used [0x00000000f1700000,0x00000000f1cc2980,0x00000000f2100000)
  to   space 9728K, 0% used [0x00000000f4e80000,0x00000000f4e80000,0x00000000f5800000)
 ParOldGen       total 36864K, used 10336K [0x00000000c1400000, 0x00000000c3800000, 0x00000000eb180000)
  object space 36864K, 28% used [0x00000000c1400000,0x00000000c1e181c0,0x00000000c3800000)
 Metaspace       used 33350K, capacity 35330K, committed 35416K, reserved 1079296K
  class space    used 4264K, capacity 4625K, committed 4696K, reserved 1048576K
Event: 6.320 GC heap after
Heap after GC invocations=11 (full 2):
 PSYoungGen      total 114176K, used 0K [0x00000000eb180000, 0x00000000f5800000, 0x0000000100000000)
  eden space 103936K, 0% used [0x00000000eb180000,0x00000000eb180000,0x00000000f1700000)
  from space 10240K, 0% used [0x00000000f1700000,0x00000000f1700000,0x00000000f2100000)
  to   space 9728K, 0% used [0x00000000f4e80000,0x00000000f4e80000,0x00000000f5800000)
 ParOldGen       total 45568K, used 10416K [0x00000000c1400000, 0x00000000c4080000, 0x00000000eb180000)
  object space 45568K, 22% used [0x00000000c1400000,0x00000000c1e2c078,0x00000000c4080000)
 Metaspace       used 33350K, capacity 35330K, committed 35416K, reserved 1079296K
  class space    used 4264K, capacity 4625K, committed 4696K, reserved 1048576K
}
Event: 8.969 GC heap before
{Heap before GC invocations=12 (full 2):
 PSYoungGen      total 114176K, used 103936K [0x00000000eb180000, 0x00000000f5800000, 0x0000000100000000)
  eden space 103936K, 100% used [0x00000000eb180000,0x00000000f1700000,0x00000000f1700000)
  from space 10240K, 0% used [0x00000000f1700000,0x00000000f1700000,0x00000000f2100000)
  to   space 9728K, 0% used [0x00000000f4e80000,0x00000000f4e80000,0x00000000f5800000)
 ParOldGen       total 45568K, used 10416K [0x00000000c1400000, 0x00000000c4080000, 0x00000000eb180000)
  object space 45568K, 22% used [0x00000000c1400000,0x00000000c1e2c078,0x00000000c4080000)
 Metaspace       used 43855K, capacity 46620K, committed 46808K, reserved 1089536K
  class space    used 5514K, capacity 5988K, committed 6104K, reserved 1048576K
Event: 8.991 GC heap after
Heap after GC invocations=12 (full 2):
 PSYoungGen      total 152064K, used 9711K [0x00000000eb180000, 0x00000000f5800000, 0x0000000100000000)
  eden space 142336K, 0% used [0x00000000eb180000,0x00000000eb180000,0x00000000f3c80000)
  from space 9728K, 99% used [0x00000000f4e80000,0x00000000f57fbe78,0x00000000f5800000)
  to   space 12288K, 0% used [0x00000000f4000000,0x00000000f4000000,0x00000000f4c00000)
 ParOldGen       total 45568K, used 14444K [0x00000000c1400000, 0x00000000c4080000, 0x00000000eb180000)
  object space 45568K, 31% used [0x00000000c1400000,0x00000000c221b130,0x00000000c4080000)
 Metaspace       used 43855K, capacity 46620K, committed 46808K, reserved 1089536K
  class space    used 5514K, capacity 5988K, committed 6104K, reserved 1048576K
}

Deoptimization events (10 events):
Event: 7.392 Thread 0x00000000183e2800 Uncommon trap: reason=class_check action=maybe_recompile pc=0x0000000003e37ee8 method=java.lang.StringCoding$StringDecoder.charsetName()Ljava/lang/String; @ 4
Event: 7.397 Thread 0x00000000183e1000 Uncommon trap: reason=predicate action=maybe_recompile pc=0x0000000003e70fa4 method=java.util.regex.Pattern$SliceI.match(Ljava/util/regex/Matcher;ILjava/lang/CharSequence;)Z @ 21
Event: 7.621 Thread 0x00000000031a4800 Uncommon trap: reason=unstable_if action=reinterpret pc=0x0000000003d9be70 method=java.net.URL.<init>(Ljava/net/URL;Ljava/lang/String;Ljava/net/URLStreamHandler;)V @ 30
Event: 7.673 Thread 0x00000000183e2800 Uncommon trap: reason=bimorphic action=maybe_recompile pc=0x0000000003465af0 method=java.util.Hashtable.get(Ljava/lang/Object;)Ljava/lang/Object; @ 45
Event: 7.675 Thread 0x00000000183e0000 Uncommon trap: reason=bimorphic action=maybe_recompile pc=0x0000000003465af0 method=java.util.Hashtable.get(Ljava/lang/Object;)Ljava/lang/Object; @ 45
Event: 7.768 Thread 0x00000000031a4800 Uncommon trap: reason=class_check action=maybe_recompile pc=0x000000000362303c method=org.springframework.boot.context.properties.source.ConfigurationPropertyName$Elements.charAt(II)C @ 43
Event: 7.768 Thread 0x00000000031a4800 Uncommon trap: reason=class_check action=maybe_recompile pc=0x000000000362303c method=org.springframework.boot.context.properties.source.ConfigurationPropertyName$Elements.charAt(II)C @ 43
Event: 7.864 Thread 0x00000000183e2800 Uncommon trap: reason=unstable_if action=reinterpret pc=0x0000000003a2bbc4 method=java.util.concurrent.ConcurrentHashMap.putVal(Ljava/lang/Object;Ljava/lang/Object;Z)Ljava/lang/Object; @ 98
Event: 7.917 Thread 0x00000000031a4800 Uncommon trap: reason=unstable_if action=reinterpret pc=0x00000000037a3ed0 method=java.util.concurrent.ConcurrentHashMap.get(Ljava/lang/Object;)Ljava/lang/Object; @ 86
Event: 8.588 Thread 0x000000001b3fb800 Uncommon trap: reason=unstable_if action=reinterpret pc=0x0000000003f7dcbc method=org.springframework.beans.factory.support.AbstractBeanFactory.isTypeMatch(Ljava/lang/String;Lorg/springframework/core/ResolvableType;Z)Z @ 34

Classes redefined (0 events):
No events

Internal exceptions (10 events):
Event: 7.141 Thread 0x00000000031a4800 Exception <a 'java/lang/ClassNotFoundException': org/springframework/boot/autoconfigure/web/servlet/WebMvcAutoConfiguration$EnableWebMvcConfigurationCustomizer> (0x00000000ed7063d8) thrown at [C:\re\workspace\8-2-build-windows-amd64-cygwin\jdk8u181\11358\
Event: 7.150 Thread 0x00000000031a4800 Exception <a 'java/lang/ClassNotFoundException': org/springframework/context/ResourceLoaderAwareCustomizer> (0x00000000ed7268c0) thrown at [C:\re\workspace\8-2-build-windows-amd64-cygwin\jdk8u181\11358\hotspot\src\share\vm\classfile\systemDictionary.cpp, 
Event: 7.152 Thread 0x00000000031a4800 Exception <a 'java/lang/ClassNotFoundException': org/springframework/beans/factory/AwareCustomizer> (0x00000000ed9aa608) thrown at [C:\re\workspace\8-2-build-windows-amd64-cygwin\jdk8u181\11358\hotspot\src\share\vm\classfile\systemDictionary.cpp, line 210
Event: 7.153 Thread 0x00000000031a4800 Exception <a 'java/lang/ClassNotFoundException': org/springframework/context/ApplicationContextAwareCustomizer> (0x00000000ed9ba338) thrown at [C:\re\workspace\8-2-build-windows-amd64-cygwin\jdk8u181\11358\hotspot\src\share\vm\classfile\systemDictionary.c
Event: 7.153 Thread 0x00000000031a4800 Exception <a 'java/lang/ClassNotFoundException': org/springframework/beans/factory/AwareCustomizer> (0x00000000ed9c92d8) thrown at [C:\re\workspace\8-2-build-windows-amd64-cygwin\jdk8u181\11358\hotspot\src\share\vm\classfile\systemDictionary.cpp, line 210
Event: 7.155 Thread 0x00000000031a4800 Exception <a 'java/lang/ClassNotFoundException': org/springframework/web/context/ServletContextAwareCustomizer> (0x00000000ed9d8f98) thrown at [C:\re\workspace\8-2-build-windows-amd64-cygwin\jdk8u181\11358\hotspot\src\share\vm\classfile\systemDictionary.c
Event: 7.169 Thread 0x00000000031a4800 Exception <a 'java/lang/ClassNotFoundException': org/springframework/beans/factory/AwareCustomizer> (0x00000000ed9e79a8) thrown at [C:\re\workspace\8-2-build-windows-amd64-cygwin\jdk8u181\11358\hotspot\src\share\vm\classfile\systemDictionary.cpp, line 210
Event: 7.170 Thread 0x00000000031a4800 Implicit null exception at 0x0000000003a0688c to 0x0000000003a06a01
Event: 7.657 Thread 0x00000000031a4800 Exception <a 'java/lang/IncompatibleClassChangeError': Found class java.lang.Object, but interface was expected> (0x00000000eee79020) thrown at [C:\re\workspace\8-2-build-windows-amd64-cygwin\jdk8u181\11358\hotspot\src\share\vm\interpreter\linkResolver.cp
Event: 8.649 Thread 0x000000001b3fb800 Exception <a 'java/lang/NoSuchMethodError': java.lang.Object.lambda$thenComparing$36697e65$1(Ljava/util/Comparator;Ljava/lang/Object;Ljava/lang/Object;)I> (0x00000000f08be010) thrown at [C:\re\workspace\8-2-build-windows-amd64-cygwin\jdk8u181\11358\hotspo

Events (10 events):
Event: 9.044 loading class org/eclipse/jdt/internal/compiler/lookup/ParameterNonNullDefaultProvider
Event: 9.044 loading class org/eclipse/jdt/internal/compiler/lookup/ParameterNonNullDefaultProvider done
Event: 9.047 loading class org/eclipse/jdt/internal/compiler/env/IUpdatableModule$UpdateKind
Event: 9.047 loading class org/eclipse/jdt/internal/compiler/env/IUpdatableModule$UpdateKind done
Event: 9.048 loading class org/eclipse/jdt/internal/compiler/util/HashtableOfPackage
Event: 9.048 loading class org/eclipse/jdt/internal/compiler/util/HashtableOfPackage done
Event: 9.049 loading class org/eclipse/jdt/internal/compiler/ast/CompilationUnitDeclaration
Event: 9.049 loading class org/eclipse/jdt/internal/compiler/ast/CompilationUnitDeclaration done
Event: 9.051 loading class org/eclipse/jdt/internal/compiler/util/SimpleLookupTable
Event: 9.051 loading class org/eclipse/jdt/internal/compiler/util/SimpleLookupTable done


Dynamic libraries:
0x00007ff783cd0000 - 0x00007ff783d07000 	C:\Program Files\Java\jdk1.8.0_181\bin\java.exe
0x00007ffa92100000 - 0x00007ffa922f0000 	C:\WINDOWS\SYSTEM32\ntdll.dll
0x00007ffa909e0000 - 0x00007ffa90a92000 	C:\WINDOWS\System32\KERNEL32.DLL
0x00007ffa8fba0000 - 0x00007ffa8fe45000 	C:\WINDOWS\System32\KERNELBASE.dll
0x00007ffa91370000 - 0x00007ffa91413000 	C:\WINDOWS\System32\ADVAPI32.dll
0x00007ffa91420000 - 0x00007ffa914be000 	C:\WINDOWS\System32\msvcrt.dll
0x00007ffa905a0000 - 0x00007ffa90637000 	C:\WINDOWS\System32\sechost.dll
0x00007ffa91250000 - 0x00007ffa91370000 	C:\WINDOWS\System32\RPCRT4.dll
0x00007ffa90640000 - 0x00007ffa907d5000 	C:\WINDOWS\System32\USER32.dll
0x00007ffa8f3f0000 - 0x00007ffa8f411000 	C:\WINDOWS\System32\win32u.dll
0x00007ffa907f0000 - 0x00007ffa90816000 	C:\WINDOWS\System32\GDI32.dll
0x00007ffa8f250000 - 0x00007ffa8f3e6000 	C:\WINDOWS\System32\gdi32full.dll
0x00007ffa900b0000 - 0x00007ffa9014e000 	C:\WINDOWS\System32\msvcp_win.dll
0x00007ffa8ff00000 - 0x00007ffa8fffa000 	C:\WINDOWS\System32\ucrtbase.dll
0x00007ffa7ea80000 - 0x00007ffa7ed04000 	C:\WINDOWS\WinSxS\amd64_microsoft.windows.common-controls_6595b64144ccf1df_6.0.18362.1082_none_9e8193e1e45b25c1\COMCTL32.dll
0x00007ffa91bb0000 - 0x00007ffa91ee5000 	C:\WINDOWS\System32\combase.dll
0x00007ffa8fe80000 - 0x00007ffa8ff00000 	C:\WINDOWS\System32\bcryptPrimitives.dll
0x00007ffa91ef0000 - 0x00007ffa91f1e000 	C:\WINDOWS\System32\IMM32.DLL
0x00000000771c0000 - 0x0000000077292000 	C:\Program Files\Java\jdk1.8.0_181\jre\bin\msvcr100.dll
0x0000000076020000 - 0x00000000768c2000 	C:\Program Files\Java\jdk1.8.0_181\jre\bin\server\jvm.dll
0x00007ffa92000000 - 0x00007ffa92008000 	C:\WINDOWS\System32\PSAPI.DLL
0x00007ffa8d120000 - 0x00007ffa8d129000 	C:\WINDOWS\SYSTEM32\WSOCK32.dll
0x00007ffa8cfe0000 - 0x00007ffa8d004000 	C:\WINDOWS\SYSTEM32\WINMM.dll
0x00007ffa80bc0000 - 0x00007ffa80bca000 	C:\WINDOWS\SYSTEM32\VERSION.dll
0x00007ffa90c50000 - 0x00007ffa90cbf000 	C:\WINDOWS\System32\WS2_32.dll
0x00007ffa8cfb0000 - 0x00007ffa8cfdd000 	C:\WINDOWS\SYSTEM32\WINMMBASE.dll
0x00007ffa8f090000 - 0x00007ffa8f0da000 	C:\WINDOWS\System32\cfgmgr32.dll
0x00000000771b0000 - 0x00000000771bf000 	C:\Program Files\Java\jdk1.8.0_181\jre\bin\verify.dll
0x0000000077180000 - 0x00000000771a9000 	C:\Program Files\Java\jdk1.8.0_181\jre\bin\java.dll
0x00000000770f0000 - 0x0000000077113000 	C:\Program Files\Java\jdk1.8.0_181\jre\bin\instrument.dll
0x0000000077160000 - 0x0000000077176000 	C:\Program Files\Java\jdk1.8.0_181\jre\bin\zip.dll
0x00007ffa914c0000 - 0x00007ffa91ba7000 	C:\WINDOWS\System32\SHELL32.dll
0x00007ffa92010000 - 0x00007ffa920b9000 	C:\WINDOWS\System32\shcore.dll
0x00007ffa8f420000 - 0x00007ffa8fba0000 	C:\WINDOWS\System32\windows.storage.dll
0x00007ffa8f040000 - 0x00007ffa8f063000 	C:\WINDOWS\System32\profapi.dll
0x00007ffa8efd0000 - 0x00007ffa8f01a000 	C:\WINDOWS\System32\powrprof.dll
0x00007ffa8efc0000 - 0x00007ffa8efd0000 	C:\WINDOWS\System32\UMPDC.dll
0x00007ffa91fa0000 - 0x00007ffa91ff2000 	C:\WINDOWS\System32\shlwapi.dll
0x00007ffa8f020000 - 0x00007ffa8f031000 	C:\WINDOWS\System32\kernel.appcore.dll
0x00007ffa8f0e0000 - 0x00007ffa8f0f7000 	C:\WINDOWS\System32\cryptsp.dll
0x00007ffa85f60000 - 0x00007ffa85f7a000 	C:\Program Files\JetBrains\IntelliJ IDEA Community Edition 2020.2.1\bin\breakgen64.dll
0x0000000077140000 - 0x000000007715a000 	C:\Program Files\Java\jdk1.8.0_181\jre\bin\net.dll
0x00007ffa8e7b0000 - 0x00007ffa8e817000 	C:\WINDOWS\system32\mswsock.dll
0x00000000770e0000 - 0x00000000770ed000 	C:\Program Files\Java\jdk1.8.0_181\jre\bin\management.dll
0x00007ffa7a0e0000 - 0x00007ffa7a0f6000 	C:\WINDOWS\system32\napinsp.dll
0x00007ffa79c50000 - 0x00007ffa79c6a000 	C:\WINDOWS\system32\pnrpnsp.dll
0x00007ffa8e500000 - 0x00007ffa8e5cb000 	C:\WINDOWS\SYSTEM32\DNSAPI.dll
0x00007ffa907e0000 - 0x00007ffa907e8000 	C:\WINDOWS\System32\NSI.dll
0x00007ffa8e4c0000 - 0x00007ffa8e4fa000 	C:\WINDOWS\SYSTEM32\IPHLPAPI.DLL
0x00007ffa7b9b0000 - 0x00007ffa7b9be000 	C:\WINDOWS\System32\winrnr.dll
0x00007ffa8b7f0000 - 0x00007ffa8b80c000 	C:\WINDOWS\system32\NLAapi.dll
0x00007ffa8a3d0000 - 0x00007ffa8a3e5000 	C:\WINDOWS\system32\wshbth.dll
0x00007ffa81ec0000 - 0x00007ffa81eca000 	C:\Windows\System32\rasadhlp.dll
0x00007ffa860c0000 - 0x00007ffa86137000 	C:\WINDOWS\System32\fwpuclnt.dll
0x00007ffa8fe50000 - 0x00007ffa8fe76000 	C:\WINDOWS\System32\bcrypt.dll
0x0000000077120000 - 0x0000000077131000 	C:\Program Files\Java\jdk1.8.0_181\jre\bin\nio.dll
0x00007ffa8e320000 - 0x00007ffa8e353000 	C:\WINDOWS\system32\rsaenh.dll
0x00007ffa8eee0000 - 0x00007ffa8ef05000 	C:\WINDOWS\SYSTEM32\USERENV.dll
0x00007ffa8e980000 - 0x00007ffa8e98c000 	C:\WINDOWS\SYSTEM32\CRYPTBASE.dll
0x00007ffa86ea0000 - 0x00007ffa86eb6000 	C:\WINDOWS\SYSTEM32\dhcpcsvc6.DLL
0x00007ffa86ed0000 - 0x00007ffa86eec000 	C:\WINDOWS\SYSTEM32\dhcpcsvc.DLL
0x00000000770b0000 - 0x00000000770d4000 	C:\Program Files\Java\jdk1.8.0_181\jre\bin\sunec.dll
0x00000000770a0000 - 0x00000000770ab000 	C:\Program Files\Java\jdk1.8.0_181\jre\bin\sunmscapi.dll
0x00007ffa8f100000 - 0x00007ffa8f249000 	C:\WINDOWS\System32\CRYPT32.dll
0x00007ffa8f070000 - 0x00007ffa8f082000 	C:\WINDOWS\System32\MSASN1.dll

VM Arguments:
jvm_args: -javaagent:C:\Program Files\JetBrains\IntelliJ IDEA Community Edition 2020.2.1\lib\idea_rt.jar=59887:C:\Program Files\JetBrains\IntelliJ IDEA Community Edition 2020.2.1\bin -Dfile.encoding=UTF-8 
java_command: com.hobbyHub.HobbyHubApplication
java_class_path (initial): C:\Program Files\Java\jdk1.8.0_181\jre\lib\charsets.jar;C:\Program Files\Java\jdk1.8.0_181\jre\lib\deploy.jar;C:\Program Files\Java\jdk1.8.0_181\jre\lib\ext\access-bridge-64.jar;C:\Program Files\Java\jdk1.8.0_181\jre\lib\ext\cldrdata.jar;C:\Program Files\Java\jdk1.8.0_181\jre\lib\ext\dnsns.jar;C:\Program Files\Java\jdk1.8.0_181\jre\lib\ext\jaccess.jar;C:\Program Files\Java\jdk1.8.0_181\jre\lib\ext\jfxrt.jar;C:\Program Files\Java\jdk1.8.0_181\jre\lib\ext\localedata.jar;C:\Program Files\Java\jdk1.8.0_181\jre\lib\ext\nashorn.jar;C:\Program Files\Java\jdk1.8.0_181\jre\lib\ext\sunec.jar;C:\Program Files\Java\jdk1.8.0_181\jre\lib\ext\sunjce_provider.jar;C:\Program Files\Java\jdk1.8.0_181\jre\lib\ext\sunmscapi.jar;C:\Program Files\Java\jdk1.8.0_181\jre\lib\ext\sunpkcs11.jar;C:\Program Files\Java\jdk1.8.0_181\jre\lib\ext\zipfs.jar;C:\Program Files\Java\jdk1.8.0_181\jre\lib\javaws.jar;C:\Program Files\Java\jdk1.8.0_181\jre\lib\jce.jar;C:\Program Files\Java\jdk1.8.0_181\jre\lib\jfr.jar;C:\Program Files\Java\jdk1.8.0_181\jre\lib\jfxswt.jar;C:\Program Files\Java\jdk1.8.0_181\jre\lib\jsse.jar;C:\Program Files\Java\jdk1.8.0_181\jre\lib\management-agent.jar;C:\Program Files\Java\jdk1.8.0_181\jre\lib\plugin.jar;C:\Program Files\Java\jdk1.8.0_181\jre\lib\resources.jar;C:\Program Files\Java\jdk1.8.0_181\jre\lib\rt.jar;C:\Users\zaid\IdeaProjects\HobbyHub\target\classes;C:\Users\zaid\.m2\repository\org\springframework\boot\spring-boot-starter-web\2.3.3.RELEASE\spring-boot-starter-web-2.3.3.RELEASE.jar;C:\Users\zaid\.m2\repository\org\springframework\boot\spring-boot-starter\2.3.3.RELEASE\spring-boot-starter-2.3.3.RELEASE.jar;C:\Users\zaid\.m2\repository\org\springframework\boot\spring-boot\2.3.3.RELEASE\spring-boot-2.3.3.RELEASE.jar;C:\Users\zaid\.m2\repository\org\springframework\boot\spring-boot-autoconfigure\2.3.3.RELEASE\spring-boot-autoconfigure-2.3.3.RELEASE.jar;C:\Users\zaid\.m2\repository\org\springframework\boot\spring-boot-starter-logging\2.3.3.RE
Launcher Type: SUN_STANDARD

Environment Variables:
JAVA_HOME=C:\Program Files\Java\jdk1.8.0_181
JRE_HOME=C:\Program Files\Java\jre1.8.0_261
CLASSPATH=?C:\Program Files\Java\junit-4.10.jar
PATH=C:\Program Files\Java\jdk1.8.0_181\bin;C:\Program Files\Git_\cmd;C:\Program Files\Git_\mingw64\bin;C:\Program Files\Git_\usr\bin;C:\Program Files\Java\jdk1.8.0_181\bin;C:\Users\zaid\AppData\Local\Programs\Microsoft VS Code\bin;C:\Program Files\JetBrains\IntelliJ IDEA Community Edition 2020.2.1\bin;
USERNAME=zaid
OS=Windows_NT
PROCESSOR_IDENTIFIER=Intel64 Family 6 Model 61 Stepping 4, GenuineIntel



---------------  S Y S T E M  ---------------

OS: Windows 10.0 , 64 bit Build 18362 (10.0.18362.1082)

CPU:total 4 (initial active 4) (2 cores per cpu, 2 threads per core) family 6 model 61 stepping 4, cmov, cx8, fxsr, mmx, sse, sse2, sse3, ssse3, sse4.1, sse4.2, popcnt, avx, avx2, aes, clmul, erms, 3dnowpref, lzcnt, ht, tsc, tscinvbit, bmi1, bmi2, adx

Memory: 4k page, physical 4107344k(388356k free), swap 16690256k(3628k free)

vm_info: Java HotSpot(TM) 64-Bit Server VM (25.181-b13) for windows-amd64 JRE (1.8.0_181-b13), built on Jul  7 2018 04:01:33 by "java_re" with MS VC++ 10.0 (VS2010)

time: Wed Sep 16 05:59:56 2020
elapsed time: 9 seconds (0d 0h 0m 9s)

