#
# There is insufficient memory for the Java Runtime Environment to continue.
# Native memory allocation (malloc) failed to allocate 1652976 bytes for Chunk::new
# Possible reasons:
#   The system is out of physical RAM or swap space
#   In 32 bit mode, the process size limit was hit
# Possible solutions:
#   Reduce memory load on the system
#   Increase physical memory or swap space
#   Check if swap backing store is full
#   Use 64 bit Java on a 64 bit OS
#   Decrease Java heap size (-Xmx/-Xms)
#   Decrease number of Java threads
#   Decrease Java thread stack sizes (-Xss)
#   Set larger code cache with -XX:ReservedCodeCacheSize=
# This output file may be truncated or incomplete.
#
#  Out of Memory Error (allocation.cpp:390), pid=12928, tid=0x000000000000153c
#
# JRE version: Java(TM) SE Runtime Environment (8.0_181-b13) (build 1.8.0_181-b13)
# Java VM: Java HotSpot(TM) 64-Bit Server VM (25.181-b13 mixed mode windows-amd64 compressed oops)
# Failed to write core dump. Minidumps are not enabled by default on client versions of Windows
#

---------------  T H R E A D  ---------------

Current thread (0x0000000017013800):  JavaThread "C2 CompilerThread1" daemon [_thread_in_native, id=5436, stack(0x0000000017450000,0x0000000017550000)]

Stack: [0x0000000017450000,0x0000000017550000]
[error occurred during error reporting (printing stack bounds), id 0xc0000005]

Native frames: (J=compiled Java code, j=interpreted, Vv=VM code, C=native code)


Current CompileTask:
C2:  16741 4947       4       org.eclipse.jdt.internal.compiler.lookup.BinaryTypeBinding::createMethod (1613 bytes)


---------------  P R O C E S S  ---------------

Java Threads: ( => current thread )
  0x0000000017c3c000 JavaThread "DestroyJavaVM" [_thread_blocked, id=3376, stack(0x0000000002ee0000,0x0000000002fe0000)]
  0x0000000017c42800 JavaThread "http-nio-8080-Acceptor" daemon [_thread_in_native, id=11048, stack(0x000000001e8a0000,0x000000001e9a0000)]
  0x0000000017c3d000 JavaThread "http-nio-8080-ClientPoller" daemon [_thread_in_native, id=724, stack(0x000000001e7a0000,0x000000001e8a0000)]
  0x0000000017c3b800 JavaThread "http-nio-8080-exec-10" daemon [_thread_blocked, id=8484, stack(0x000000001e6a0000,0x000000001e7a0000)]
  0x0000000017c3a800 JavaThread "http-nio-8080-exec-9" daemon [_thread_blocked, id=2064, stack(0x000000001e5a0000,0x000000001e6a0000)]
  0x0000000017c3d800 JavaThread "http-nio-8080-exec-8" daemon [_thread_blocked, id=1860, stack(0x000000001e4a0000,0x000000001e5a0000)]
  0x0000000017c41800 JavaThread "http-nio-8080-exec-7" daemon [_thread_blocked, id=14020, stack(0x000000001e3a0000,0x000000001e4a0000)]
  0x0000000017c40000 JavaThread "http-nio-8080-exec-6" daemon [_thread_blocked, id=8320, stack(0x000000001e2a0000,0x000000001e3a0000)]
  0x0000000017c3a000 JavaThread "http-nio-8080-exec-5" daemon [_thread_blocked, id=11320, stack(0x000000001e1a0000,0x000000001e2a0000)]
  0x0000000017c41000 JavaThread "http-nio-8080-exec-4" daemon [_thread_blocked, id=5140, stack(0x000000001dfa0000,0x000000001e0a0000)]
  0x0000000017c3e800 JavaThread "http-nio-8080-exec-3" daemon [_thread_blocked, id=11896, stack(0x000000001dea0000,0x000000001dfa0000)]
  0x0000000017c3f000 JavaThread "http-nio-8080-exec-2" daemon [_thread_blocked, id=1704, stack(0x000000001dda0000,0x000000001dea0000)]
  0x0000000017c39000 JavaThread "http-nio-8080-exec-1" daemon [_thread_blocked, id=13508, stack(0x000000001dca0000,0x000000001dda0000)]
  0x000000001a77b000 JavaThread "http-nio-8080-BlockPoller" daemon [_thread_in_native, id=13112, stack(0x000000001dba0000,0x000000001dca0000)]
  0x000000001a77a000 JavaThread "cluster-ClusterId{value='5f6172a432fdc102c5e9407d', description='null'}-cluster0-shard-00-02.ookg1.mongodb.net:27017" daemon [_thread_blocked, id=12200, stack(0x000000001d0b0000,0x000000001d1b0000)]
  0x000000001a778000 JavaThread "cluster-ClusterId{value='5f6172a432fdc102c5e9407d', description='null'}-cluster0-shard-00-00.ookg1.mongodb.net:27017" daemon [_thread_blocked, id=4656, stack(0x000000001cfb0000,0x000000001d0b0000)]
  0x000000001a77b800 JavaThread "cluster-ClusterId{value='5f6172a432fdc102c5e9407d', description='null'}-cluster0-shard-00-01.ookg1.mongodb.net:27017" daemon [_thread_blocked, id=7300, stack(0x000000001ceb0000,0x000000001cfb0000)]
  0x000000001a77c800 JavaThread "cluster-ClusterId{value='5f6172a432fdc102c5e9407d', description='null'}-srv-cluster0.ookg1.mongodb.net" daemon [_thread_blocked, id=3184, stack(0x000000001c8e0000,0x000000001c9e0000)]
  0x000000001a778800 JavaThread "Thread-2" daemon [_thread_in_native, id=13252, stack(0x000000001b770000,0x000000001b870000)]
  0x000000001a779800 JavaThread "container-0" [_thread_blocked, id=12604, stack(0x000000001b670000,0x000000001b770000)]
  0x000000001a776800 JavaThread "Catalina-utility-2" [_thread_blocked, id=15288, stack(0x000000001b570000,0x000000001b670000)]
  0x000000001a77d000 JavaThread "Catalina-utility-1" [_thread_blocked, id=1116, stack(0x00000000196a0000,0x00000000197a0000)]
  0x0000000017129800 JavaThread "Service Thread" daemon [_thread_blocked, id=6980, stack(0x0000000017650000,0x0000000017750000)]
  0x000000001702b800 JavaThread "C1 CompilerThread2" daemon [_thread_blocked, id=4180, stack(0x0000000017550000,0x0000000017650000)]
=>0x0000000017013800 JavaThread "C2 CompilerThread1" daemon [_thread_in_native, id=5436, stack(0x0000000017450000,0x0000000017550000)]
  0x0000000017013000 JavaThread "C2 CompilerThread0" daemon [_thread_blocked, id=10988, stack(0x0000000017350000,0x0000000017450000)]
  0x0000000017012000 JavaThread "Monitor Ctrl-Break" daemon [_thread_in_native, id=9292, stack(0x0000000017250000,0x0000000017350000)]
  0x00000000157ef800 JavaThread "Attach Listener" daemon [_thread_blocked, id=4300, stack(0x0000000016d50000,0x0000000016e50000)]
  0x00000000157ec800 JavaThread "Signal Dispatcher" daemon [_thread_blocked, id=4980, stack(0x0000000016c50000,0x0000000016d50000)]
  0x00000000031de000 JavaThread "Finalizer" daemon [_thread_blocked, id=2824, stack(0x0000000016a50000,0x0000000016b50000)]
  0x00000000031d5000 JavaThread "Reference Handler" daemon [_thread_blocked, id=4516, stack(0x0000000016950000,0x0000000016a50000)]

Other Threads:
  0x00000000157b7000 VMThread [stack: 0x0000000016850000,0x0000000016950000] [id=3312]
  0x0000000017186800 WatcherThread [stack: 0x0000000017750000,0x0000000017850000] [id=4012]

VM state:not at safepoint (normal execution)

VM Mutex/Monitor currently owned by a thread: None

Heap:
 PSYoungGen      total 140800K, used 78624K [0x00000000eb180000, 0x00000000f4a80000, 0x0000000100000000)
  eden space 131072K, 52% used [0x00000000eb180000,0x00000000ef4c82a0,0x00000000f3180000)
  from space 9728K, 99% used [0x00000000f4100000,0x00000000f4a7feb8,0x00000000f4a80000)
  to   space 12288K, 0% used [0x00000000f3280000,0x00000000f3280000,0x00000000f3e80000)
 ParOldGen       total 48640K, used 13293K [0x00000000c1400000, 0x00000000c4380000, 0x00000000eb180000)
  object space 48640K, 27% used [0x00000000c1400000,0x00000000c20fb580,0x00000000c4380000)
 Metaspace       used 50418K, capacity 53284K, committed 53464K, reserved 1095680K
  class space    used 6102K, capacity 6584K, committed 6616K, reserved 1048576K

Card table byte_map: [0x00000000125a0000,0x00000000127a0000] byte_map_base: 0x0000000011f96000

Marking Bits: (ParMarkBitMap*) 0x0000000076842d00
 Begin Bits: [0x0000000012cf0000, 0x0000000013ca0000)
 End Bits:   [0x0000000013ca0000, 0x0000000014c50000)

Polling page: 0x0000000001140000

CodeCache: size=245760Kb used=16162Kb max_used=16174Kb free=229597Kb
 bounds [0x00000000031e0000, 0x00000000041c0000, 0x00000000121e0000]
 total_blobs=5029 nmethods=4517 adapters=424
 compilation: enabled

Compilation events (10 events):
Event: 16.701 Thread 0x0000000017013000 nmethod 5112 0x00000000041b4e90 code [0x00000000041b4fe0, 0x00000000041b50b8]
Event: 16.702 Thread 0x000000001702b800 nmethod 5113 0x00000000041b3950 code [0x00000000041b3ba0, 0x00000000041b4918]
Event: 16.703 Thread 0x0000000017013000 5114       4       java.lang.Class::getGenericInfo (52 bytes)
Event: 16.703 Thread 0x000000001702b800 5115       3       sun.reflect.generics.reflectiveObjects.ParameterizedTypeImpl::equals (81 bytes)
Event: 16.704 Thread 0x000000001702b800 nmethod 5115 0x00000000041b28d0 code [0x00000000041b2ac0, 0x00000000041b36a8]
Event: 16.704 Thread 0x000000001702b800 5116       3       org.apache.tomcat.util.buf.ByteChunk::setBytes (31 bytes)
Event: 16.705 Thread 0x000000001702b800 nmethod 5116 0x00000000041b2550 code [0x00000000041b26a0, 0x00000000041b2830]
Event: 16.705 Thread 0x000000001702b800 5117       1       org.apache.tomcat.util.buf.MessageBytes::getType (5 bytes)
Event: 16.705 Thread 0x000000001702b800 nmethod 5117 0x00000000041b21d0 code [0x00000000041b2320, 0x00000000041b2430]
Event: 16.709 Thread 0x0000000017013000 nmethod 5114 0x00000000041b8210 code [0x00000000041b83a0, 0x00000000041b8878]

GC Heap History (10 events):
Event: 4.119 GC heap before
{Heap before GC invocations=8 (full 1):
 PSYoungGen      total 73216K, used 65536K [0x00000000eb180000, 0x00000000f0080000, 0x0000000100000000)
  eden space 65536K, 100% used [0x00000000eb180000,0x00000000ef180000,0x00000000ef180000)
  from space 7680K, 0% used [0x00000000ef900000,0x00000000ef900000,0x00000000f0080000)
  to   space 7680K, 0% used [0x00000000ef180000,0x00000000ef180000,0x00000000ef900000)
 ParOldGen       total 35328K, used 6537K [0x00000000c1400000, 0x00000000c3680000, 0x00000000eb180000)
  object space 35328K, 18% used [0x00000000c1400000,0x00000000c1a62498,0x00000000c3680000)
 Metaspace       used 27237K, capacity 28784K, committed 28928K, reserved 1075200K
  class space    used 3442K, capacity 3736K, committed 3840K, reserved 1048576K
Event: 4.130 GC heap after
Heap after GC invocations=8 (full 1):
 PSYoungGen      total 73216K, used 7678K [0x00000000eb180000, 0x00000000f2380000, 0x0000000100000000)
  eden space 65536K, 0% used [0x00000000eb180000,0x00000000eb180000,0x00000000ef180000)
  from space 7680K, 99% used [0x00000000ef180000,0x00000000ef8ffb08,0x00000000ef900000)
  to   space 9216K, 0% used [0x00000000f1a80000,0x00000000f1a80000,0x00000000f2380000)
 ParOldGen       total 35328K, used 7323K [0x00000000c1400000, 0x00000000c3680000, 0x00000000eb180000)
  object space 35328K, 20% used [0x00000000c1400000,0x00000000c1b26f78,0x00000000c3680000)
 Metaspace       used 27237K, capacity 28784K, committed 28928K, reserved 1075200K
  class space    used 3442K, capacity 3736K, committed 3840K, reserved 1048576K
}
Event: 5.139 GC heap before
{Heap before GC invocations=9 (full 1):
 PSYoungGen      total 73216K, used 73214K [0x00000000eb180000, 0x00000000f2380000, 0x0000000100000000)
  eden space 65536K, 100% used [0x00000000eb180000,0x00000000ef180000,0x00000000ef180000)
  from space 7680K, 99% used [0x00000000ef180000,0x00000000ef8ffb08,0x00000000ef900000)
  to   space 9216K, 0% used [0x00000000f1a80000,0x00000000f1a80000,0x00000000f2380000)
 ParOldGen       total 35328K, used 7323K [0x00000000c1400000, 0x00000000c3680000, 0x00000000eb180000)
  object space 35328K, 20% used [0x00000000c1400000,0x00000000c1b26f78,0x00000000c3680000)
 Metaspace       used 33187K, capacity 35094K, committed 35416K, reserved 1079296K
  class space    used 4246K, capacity 4609K, committed 4696K, reserved 1048576K
Event: 5.155 GC heap after
Heap after GC invocations=9 (full 1):
 PSYoungGen      total 106496K, used 8860K [0x00000000eb180000, 0x00000000f2580000, 0x0000000100000000)
  eden space 97280K, 0% used [0x00000000eb180000,0x00000000eb180000,0x00000000f1080000)
  from space 9216K, 96% used [0x00000000f1a80000,0x00000000f23272e0,0x00000000f2380000)
  to   space 10240K, 0% used [0x00000000f1080000,0x00000000f1080000,0x00000000f1a80000)
 ParOldGen       total 35328K, used 7395K [0x00000000c1400000, 0x00000000c3680000, 0x00000000eb180000)
  object space 35328K, 20% used [0x00000000c1400000,0x00000000c1b38f88,0x00000000c3680000)
 Metaspace       used 33187K, capacity 35094K, committed 35416K, reserved 1079296K
  class space    used 4246K, capacity 4609K, committed 4696K, reserved 1048576K
}
Event: 5.252 GC heap before
{Heap before GC invocations=10 (full 1):
 PSYoungGen      total 106496K, used 15818K [0x00000000eb180000, 0x00000000f2580000, 0x0000000100000000)
  eden space 97280K, 7% used [0x00000000eb180000,0x00000000eb84b8b8,0x00000000f1080000)
  from space 9216K, 96% used [0x00000000f1a80000,0x00000000f23272e0,0x00000000f2380000)
  to   space 10240K, 0% used [0x00000000f1080000,0x00000000f1080000,0x00000000f1a80000)
 ParOldGen       total 35328K, used 7395K [0x00000000c1400000, 0x00000000c3680000, 0x00000000eb180000)
  object space 35328K, 20% used [0x00000000c1400000,0x00000000c1b38f88,0x00000000c3680000)
 Metaspace       used 33347K, capacity 35322K, committed 35416K, reserved 1079296K
  class space    used 4269K, capacity 4625K, committed 4696K, reserved 1048576K
Event: 5.262 GC heap after
Heap after GC invocations=10 (full 1):
 PSYoungGen      total 107520K, used 5898K [0x00000000eb180000, 0x00000000f4a80000, 0x0000000100000000)
  eden space 97280K, 0% used [0x00000000eb180000,0x00000000eb180000,0x00000000f1080000)
  from space 10240K, 57% used [0x00000000f1080000,0x00000000f1642980,0x00000000f1a80000)
  to   space 9728K, 0% used [0x00000000f4100000,0x00000000f4100000,0x00000000f4a80000)
 ParOldGen       total 35328K, used 7403K [0x00000000c1400000, 0x00000000c3680000, 0x00000000eb180000)
  object space 35328K, 20% used [0x00000000c1400000,0x00000000c1b3af88,0x00000000c3680000)
 Metaspace       used 33347K, capacity 35322K, committed 35416K, reserved 1079296K
  class space    used 4269K, capacity 4625K, committed 4696K, reserved 1048576K
}
Event: 5.262 GC heap before
{Heap before GC invocations=11 (full 2):
 PSYoungGen      total 107520K, used 5898K [0x00000000eb180000, 0x00000000f4a80000, 0x0000000100000000)
  eden space 97280K, 0% used [0x00000000eb180000,0x00000000eb180000,0x00000000f1080000)
  from space 10240K, 57% used [0x00000000f1080000,0x00000000f1642980,0x00000000f1a80000)
  to   space 9728K, 0% used [0x00000000f4100000,0x00000000f4100000,0x00000000f4a80000)
 ParOldGen       total 35328K, used 7403K [0x00000000c1400000, 0x00000000c3680000, 0x00000000eb180000)
  object space 35328K, 20% used [0x00000000c1400000,0x00000000c1b3af88,0x00000000c3680000)
 Metaspace       used 33347K, capacity 35322K, committed 35416K, reserved 1079296K
  class space    used 4269K, capacity 4625K, committed 4696K, reserved 1048576K
Event: 5.322 GC heap after
Heap after GC invocations=11 (full 2):
 PSYoungGen      total 107520K, used 0K [0x00000000eb180000, 0x00000000f4a80000, 0x0000000100000000)
  eden space 97280K, 0% used [0x00000000eb180000,0x00000000eb180000,0x00000000f1080000)
  from space 10240K, 0% used [0x00000000f1080000,0x00000000f1080000,0x00000000f1a80000)
  to   space 9728K, 0% used [0x00000000f4100000,0x00000000f4100000,0x00000000f4a80000)
 ParOldGen       total 48640K, used 10664K [0x00000000c1400000, 0x00000000c4380000, 0x00000000eb180000)
  object space 48640K, 21% used [0x00000000c1400000,0x00000000c1e6a1d8,0x00000000c4380000)
 Metaspace       used 33347K, capacity 35322K, committed 35416K, reserved 1079296K
  class space    used 4269K, capacity 4625K, committed 4696K, reserved 1048576K
}
Event: 13.930 GC heap before
{Heap before GC invocations=12 (full 2):
 PSYoungGen      total 107520K, used 97280K [0x00000000eb180000, 0x00000000f4a80000, 0x0000000100000000)
  eden space 97280K, 100% used [0x00000000eb180000,0x00000000f1080000,0x00000000f1080000)
  from space 10240K, 0% used [0x00000000f1080000,0x00000000f1080000,0x00000000f1a80000)
  to   space 9728K, 0% used [0x00000000f4100000,0x00000000f4100000,0x00000000f4a80000)
 ParOldGen       total 48640K, used 10664K [0x00000000c1400000, 0x00000000c4380000, 0x00000000eb180000)
  object space 48640K, 21% used [0x00000000c1400000,0x00000000c1e6a1d8,0x00000000c4380000)
 Metaspace       used 42551K, capacity 45290K, committed 45400K, reserved 1089536K
  class space    used 5439K, capacity 5929K, committed 5976K, reserved 1048576K
Event: 13.946 GC heap after
Heap after GC invocations=12 (full 2):
 PSYoungGen      total 140800K, used 9727K [0x00000000eb180000, 0x00000000f4a80000, 0x0000000100000000)
  eden space 131072K, 0% used [0x00000000eb180000,0x00000000eb180000,0x00000000f3180000)
  from space 9728K, 99% used [0x00000000f4100000,0x00000000f4a7feb8,0x00000000f4a80000)
  to   space 12288K, 0% used [0x00000000f3280000,0x00000000f3280000,0x00000000f3e80000)
 ParOldGen       total 48640K, used 13293K [0x00000000c1400000, 0x00000000c4380000, 0x00000000eb180000)
  object space 48640K, 27% used [0x00000000c1400000,0x00000000c20fb580,0x00000000c4380000)
 Metaspace       used 42551K, capacity 45290K, committed 45400K, reserved 1089536K
  class space    used 5439K, capacity 5929K, committed 5976K, reserved 1048576K
}

Deoptimization events (10 events):
Event: 14.636 Thread 0x0000000017c39000 Uncommon trap: reason=unstable_if action=reinterpret pc=0x0000000003719540 method=java.util.Hashtable$Enumerator.nextElement()Ljava/lang/Object; @ 87
Event: 14.644 Thread 0x0000000017c39000 Uncommon trap: reason=class_check action=maybe_recompile pc=0x00000000034d9bf4 method=sun.misc.URLClassPath.getLoader(I)Lsun/misc/URLClassPath$Loader; @ 94
Event: 14.681 Thread 0x0000000017c39000 Uncommon trap: reason=unstable_if action=reinterpret pc=0x0000000004073730 method=java.lang.Class$MethodArray.add(Ljava/lang/reflect/Method;)V @ 51
Event: 14.781 Thread 0x0000000017c3e800 Uncommon trap: reason=class_check action=maybe_recompile pc=0x000000000395a7f4 method=java.util.concurrent.ConcurrentHashMap.putVal(Ljava/lang/Object;Ljava/lang/Object;Z)Ljava/lang/Object; @ 192
Event: 14.781 Thread 0x0000000017c3e800 Uncommon trap: reason=class_check action=maybe_recompile pc=0x000000000395a7f4 method=java.util.concurrent.ConcurrentHashMap.putVal(Ljava/lang/Object;Ljava/lang/Object;Z)Ljava/lang/Object; @ 192
Event: 14.789 Thread 0x0000000017c3e800 Uncommon trap: reason=class_check action=maybe_recompile pc=0x000000000395a7f4 method=java.util.concurrent.ConcurrentHashMap.putVal(Ljava/lang/Object;Ljava/lang/Object;Z)Ljava/lang/Object; @ 192
Event: 14.789 Thread 0x0000000017c3e800 Uncommon trap: reason=class_check action=maybe_recompile pc=0x000000000395a7f4 method=java.util.concurrent.ConcurrentHashMap.putVal(Ljava/lang/Object;Ljava/lang/Object;Z)Ljava/lang/Object; @ 192
Event: 14.951 Thread 0x0000000017c3f000 Uncommon trap: reason=unstable_if action=reinterpret pc=0x00000000034b3fc0 method=java.nio.Buffer.limit(I)Ljava/nio/Buffer; @ 33
Event: 16.207 Thread 0x0000000017c41000 Uncommon trap: reason=class_check action=maybe_recompile pc=0x000000000348dcc0 method=sun.misc.URLClassPath.getLoader(I)Lsun/misc/URLClassPath$Loader; @ 94
Event: 16.518 Thread 0x0000000017c41000 Uncommon trap: reason=class_check action=maybe_recompile pc=0x00000000034d9bf4 method=sun.misc.URLClassPath.getLoader(I)Lsun/misc/URLClassPath$Loader; @ 94

Classes redefined (0 events):
No events

Internal exceptions (10 events):
Event: 14.675 Thread 0x0000000017c39000 Exception <a 'java/lang/ClassNotFoundException': org/apache/catalina/core/ApplicationHttpRequestBeanInfo> (0x00000000ee3b4d98) thrown at [C:\re\workspace\8-2-build-windows-amd64-cygwin\jdk8u181\11358\hotspot\src\share\vm\classfile\systemDictionary.cpp, li
Event: 14.677 Thread 0x0000000017c39000 Exception <a 'java/lang/ClassNotFoundException': javax/servlet/http/HttpServletRequestWrapperBeanInfo> (0x00000000ee3c5718) thrown at [C:\re\workspace\8-2-build-windows-amd64-cygwin\jdk8u181\11358\hotspot\src\share\vm\classfile\systemDictionary.cpp, line 
Event: 14.678 Thread 0x0000000017c39000 Exception <a 'java/lang/ClassNotFoundException': javax/servlet/ServletRequestWrapperBeanInfo> (0x00000000ee3d4880) thrown at [C:\re\workspace\8-2-build-windows-amd64-cygwin\jdk8u181\11358\hotspot\src\share\vm\classfile\systemDictionary.cpp, line 210]
Event: 14.678 Thread 0x0000000017c39000 Exception <a 'java/lang/ClassNotFoundException': javax/servlet/ServletRequestWrapperCustomizer> (0x00000000ee3e3d40) thrown at [C:\re\workspace\8-2-build-windows-amd64-cygwin\jdk8u181\11358\hotspot\src\share\vm\classfile\systemDictionary.cpp, line 210]
Event: 14.680 Thread 0x0000000017c39000 Exception <a 'java/lang/ClassNotFoundException': javax/servlet/http/HttpServletRequestWrapperCustomizer> (0x00000000ee41d988) thrown at [C:\re\workspace\8-2-build-windows-amd64-cygwin\jdk8u181\11358\hotspot\src\share\vm\classfile\systemDictionary.cpp, lin
Event: 14.681 Thread 0x0000000017c39000 Implicit null exception at 0x000000000407351c to 0x0000000004073721
Event: 14.683 Thread 0x0000000017c39000 Exception <a 'java/lang/ClassNotFoundException': org/apache/catalina/core/ApplicationHttpRequestCustomizer> (0x00000000ee460020) thrown at [C:\re\workspace\8-2-build-windows-amd64-cygwin\jdk8u181\11358\hotspot\src\share\vm\classfile\systemDictionary.cpp, 
Event: 14.951 Thread 0x0000000017c3f000 Exception <a 'java/io/IOException'> (0x00000000eeac8338) thrown at [C:\re\workspace\8-2-build-windows-amd64-cygwin\jdk8u181\11358\hotspot\src\share\vm\prims\jni.cpp, line 709]
Event: 16.206 Thread 0x0000000017c41000 Exception <a 'java/lang/ArrayIndexOutOfBoundsException'> (0x00000000eec747d8) thrown at [C:\re\workspace\8-2-build-windows-amd64-cygwin\jdk8u181\11358\hotspot\src\share\vm\runtime\sharedRuntime.cpp, line 605]
Event: 16.706 Thread 0x0000000017c41800 Exception <a 'java/io/IOException'> (0x00000000ef4438d0) thrown at [C:\re\workspace\8-2-build-windows-amd64-cygwin\jdk8u181\11358\hotspot\src\share\vm\prims\jni.cpp, line 709]

Events (10 events):
Event: 16.250 Executing VM operation: RevokeBias done
Event: 16.385 Executing VM operation: BulkRevokeBias
Event: 16.385 Executing VM operation: BulkRevokeBias done
Event: 16.518 Thread 0x0000000017c41000 Uncommon trap: trap_request=0xffffffde fr.pc=0x00000000034d9bf4
Event: 16.518 Executing VM operation: RevokeBias
Event: 16.518 Executing VM operation: RevokeBias done
Event: 16.518 Thread 0x0000000017c41000 DEOPT PACKING pc=0x00000000034d9bf4 sp=0x000000001e09be20
Event: 16.518 Thread 0x0000000017c41000 DEOPT UNPACKING pc=0x000000000322583b sp=0x000000001e09bd70 mode 2
Event: 16.668 Executing VM operation: RevokeBias
Event: 16.668 Executing VM operation: RevokeBias done


Dynamic libraries:
0x00007ff783cd0000 - 0x00007ff783d07000 	C:\Program Files\Java\jdk1.8.0_181\bin\java.exe
0x00007ffa92100000 - 0x00007ffa922f0000 	C:\WINDOWS\SYSTEM32\ntdll.dll
0x00007ffa909e0000 - 0x00007ffa90a92000 	C:\WINDOWS\System32\KERNEL32.DLL
0x00007ffa8fba0000 - 0x00007ffa8fe45000 	C:\WINDOWS\System32\KERNELBASE.dll
0x00007ffa91370000 - 0x00007ffa91413000 	C:\WINDOWS\System32\ADVAPI32.dll
0x00007ffa91420000 - 0x00007ffa914be000 	C:\WINDOWS\System32\msvcrt.dll
0x00007ffa905a0000 - 0x00007ffa90637000 	C:\WINDOWS\System32\sechost.dll
0x00007ffa91250000 - 0x00007ffa91370000 	C:\WINDOWS\System32\RPCRT4.dll
0x00007ffa90640000 - 0x00007ffa907d5000 	C:\WINDOWS\System32\USER32.dll
0x00007ffa8f3f0000 - 0x00007ffa8f411000 	C:\WINDOWS\System32\win32u.dll
0x00007ffa907f0000 - 0x00007ffa90816000 	C:\WINDOWS\System32\GDI32.dll
0x00007ffa8f250000 - 0x00007ffa8f3e6000 	C:\WINDOWS\System32\gdi32full.dll
0x00007ffa900b0000 - 0x00007ffa9014e000 	C:\WINDOWS\System32\msvcp_win.dll
0x00007ffa8ff00000 - 0x00007ffa8fffa000 	C:\WINDOWS\System32\ucrtbase.dll
0x00007ffa7ea80000 - 0x00007ffa7ed04000 	C:\WINDOWS\WinSxS\amd64_microsoft.windows.common-controls_6595b64144ccf1df_6.0.18362.1082_none_9e8193e1e45b25c1\COMCTL32.dll
0x00007ffa91bb0000 - 0x00007ffa91ee5000 	C:\WINDOWS\System32\combase.dll
0x00007ffa8fe80000 - 0x00007ffa8ff00000 	C:\WINDOWS\System32\bcryptPrimitives.dll
0x00007ffa91ef0000 - 0x00007ffa91f1e000 	C:\WINDOWS\System32\IMM32.DLL
0x00000000771c0000 - 0x0000000077292000 	C:\Program Files\Java\jdk1.8.0_181\jre\bin\msvcr100.dll
0x0000000076020000 - 0x00000000768c2000 	C:\Program Files\Java\jdk1.8.0_181\jre\bin\server\jvm.dll
0x00007ffa92000000 - 0x00007ffa92008000 	C:\WINDOWS\System32\PSAPI.DLL
0x00007ffa8d120000 - 0x00007ffa8d129000 	C:\WINDOWS\SYSTEM32\WSOCK32.dll
0x00007ffa8cfe0000 - 0x00007ffa8d004000 	C:\WINDOWS\SYSTEM32\WINMM.dll
0x00007ffa90c50000 - 0x00007ffa90cbf000 	C:\WINDOWS\System32\WS2_32.dll
0x00007ffa80bc0000 - 0x00007ffa80bca000 	C:\WINDOWS\SYSTEM32\VERSION.dll
0x00007ffa8cfb0000 - 0x00007ffa8cfdd000 	C:\WINDOWS\SYSTEM32\WINMMBASE.dll
0x00007ffa8f090000 - 0x00007ffa8f0da000 	C:\WINDOWS\System32\cfgmgr32.dll
0x00000000771b0000 - 0x00000000771bf000 	C:\Program Files\Java\jdk1.8.0_181\jre\bin\verify.dll
0x0000000077180000 - 0x00000000771a9000 	C:\Program Files\Java\jdk1.8.0_181\jre\bin\java.dll
0x00000000770f0000 - 0x0000000077113000 	C:\Program Files\Java\jdk1.8.0_181\jre\bin\instrument.dll
0x0000000077160000 - 0x0000000077176000 	C:\Program Files\Java\jdk1.8.0_181\jre\bin\zip.dll
0x00007ffa914c0000 - 0x00007ffa91ba7000 	C:\WINDOWS\System32\SHELL32.dll
0x00007ffa92010000 - 0x00007ffa920b9000 	C:\WINDOWS\System32\shcore.dll
0x00007ffa8f420000 - 0x00007ffa8fba0000 	C:\WINDOWS\System32\windows.storage.dll
0x00007ffa8f040000 - 0x00007ffa8f063000 	C:\WINDOWS\System32\profapi.dll
0x00007ffa8efd0000 - 0x00007ffa8f01a000 	C:\WINDOWS\System32\powrprof.dll
0x00007ffa8efc0000 - 0x00007ffa8efd0000 	C:\WINDOWS\System32\UMPDC.dll
0x00007ffa91fa0000 - 0x00007ffa91ff2000 	C:\WINDOWS\System32\shlwapi.dll
0x00007ffa8f020000 - 0x00007ffa8f031000 	C:\WINDOWS\System32\kernel.appcore.dll
0x00007ffa8f0e0000 - 0x00007ffa8f0f7000 	C:\WINDOWS\System32\cryptsp.dll
0x00007ffa89e50000 - 0x00007ffa89e6a000 	C:\Program Files\JetBrains\IntelliJ IDEA Community Edition 2020.2.1\bin\breakgen64.dll
0x0000000077140000 - 0x000000007715a000 	C:\Program Files\Java\jdk1.8.0_181\jre\bin\net.dll
0x00007ffa8e7b0000 - 0x00007ffa8e817000 	C:\WINDOWS\system32\mswsock.dll
0x00000000770e0000 - 0x00000000770ed000 	C:\Program Files\Java\jdk1.8.0_181\jre\bin\management.dll
0x00007ffa7a0e0000 - 0x00007ffa7a0f6000 	C:\WINDOWS\system32\napinsp.dll
0x00007ffa79c50000 - 0x00007ffa79c6a000 	C:\WINDOWS\system32\pnrpnsp.dll
0x00007ffa8e500000 - 0x00007ffa8e5cb000 	C:\WINDOWS\SYSTEM32\DNSAPI.dll
0x00007ffa907e0000 - 0x00007ffa907e8000 	C:\WINDOWS\System32\NSI.dll
0x00007ffa8e4c0000 - 0x00007ffa8e4fa000 	C:\WINDOWS\SYSTEM32\IPHLPAPI.DLL
0x00007ffa7b9b0000 - 0x00007ffa7b9be000 	C:\WINDOWS\System32\winrnr.dll
0x00007ffa8b7f0000 - 0x00007ffa8b80c000 	C:\WINDOWS\system32\NLAapi.dll
0x00007ffa8a3d0000 - 0x00007ffa8a3e5000 	C:\WINDOWS\system32\wshbth.dll
0x00007ffa81ec0000 - 0x00007ffa81eca000 	C:\Windows\System32\rasadhlp.dll
0x00007ffa860c0000 - 0x00007ffa86137000 	C:\WINDOWS\System32\fwpuclnt.dll
0x00007ffa8fe50000 - 0x00007ffa8fe76000 	C:\WINDOWS\System32\bcrypt.dll
0x0000000077120000 - 0x0000000077131000 	C:\Program Files\Java\jdk1.8.0_181\jre\bin\nio.dll
0x00007ffa8e320000 - 0x00007ffa8e353000 	C:\WINDOWS\system32\rsaenh.dll
0x00007ffa8eee0000 - 0x00007ffa8ef05000 	C:\WINDOWS\SYSTEM32\USERENV.dll
0x00007ffa8e980000 - 0x00007ffa8e98c000 	C:\WINDOWS\SYSTEM32\CRYPTBASE.dll
0x00007ffa86ea0000 - 0x00007ffa86eb6000 	C:\WINDOWS\SYSTEM32\dhcpcsvc6.DLL
0x00007ffa86ed0000 - 0x00007ffa86eec000 	C:\WINDOWS\SYSTEM32\dhcpcsvc.DLL
0x00000000770b0000 - 0x00000000770d4000 	C:\Program Files\Java\jdk1.8.0_181\jre\bin\sunec.dll
0x00000000770a0000 - 0x00000000770ab000 	C:\Program Files\Java\jdk1.8.0_181\jre\bin\sunmscapi.dll
0x00007ffa8f100000 - 0x00007ffa8f249000 	C:\WINDOWS\System32\CRYPT32.dll
0x00007ffa8f070000 - 0x00007ffa8f082000 	C:\WINDOWS\System32\MSASN1.dll

VM Arguments:
jvm_args: -javaagent:C:\Program Files\JetBrains\IntelliJ IDEA Community Edition 2020.2.1\lib\idea_rt.jar=58828:C:\Program Files\JetBrains\IntelliJ IDEA Community Edition 2020.2.1\bin -Dfile.encoding=UTF-8 
java_command: com.hobbyHub.HobbyHubApplication
java_class_path (initial): C:\Program Files\Java\jdk1.8.0_181\jre\lib\charsets.jar;C:\Program Files\Java\jdk1.8.0_181\jre\lib\deploy.jar;C:\Program Files\Java\jdk1.8.0_181\jre\lib\ext\access-bridge-64.jar;C:\Program Files\Java\jdk1.8.0_181\jre\lib\ext\cldrdata.jar;C:\Program Files\Java\jdk1.8.0_181\jre\lib\ext\dnsns.jar;C:\Program Files\Java\jdk1.8.0_181\jre\lib\ext\jaccess.jar;C:\Program Files\Java\jdk1.8.0_181\jre\lib\ext\jfxrt.jar;C:\Program Files\Java\jdk1.8.0_181\jre\lib\ext\localedata.jar;C:\Program Files\Java\jdk1.8.0_181\jre\lib\ext\nashorn.jar;C:\Program Files\Java\jdk1.8.0_181\jre\lib\ext\sunec.jar;C:\Program Files\Java\jdk1.8.0_181\jre\lib\ext\sunjce_provider.jar;C:\Program Files\Java\jdk1.8.0_181\jre\lib\ext\sunmscapi.jar;C:\Program Files\Java\jdk1.8.0_181\jre\lib\ext\sunpkcs11.jar;C:\Program Files\Java\jdk1.8.0_181\jre\lib\ext\zipfs.jar;C:\Program Files\Java\jdk1.8.0_181\jre\lib\javaws.jar;C:\Program Files\Java\jdk1.8.0_181\jre\lib\jce.jar;C:\Program Files\Java\jdk1.8.0_181\jre\lib\jfr.jar;C:\Program Files\Java\jdk1.8.0_181\jre\lib\jfxswt.jar;C:\Program Files\Java\jdk1.8.0_181\jre\lib\jsse.jar;C:\Program Files\Java\jdk1.8.0_181\jre\lib\management-agent.jar;C:\Program Files\Java\jdk1.8.0_181\jre\lib\plugin.jar;C:\Program Files\Java\jdk1.8.0_181\jre\lib\resources.jar;C:\Program Files\Java\jdk1.8.0_181\jre\lib\rt.jar;C:\Users\zaid\IdeaProjects\HobbyHub\target\classes;C:\Users\zaid\.m2\repository\org\springframework\boot\spring-boot-starter-web\2.3.3.RELEASE\spring-boot-starter-web-2.3.3.RELEASE.jar;C:\Users\zaid\.m2\repository\org\springframework\boot\spring-boot-starter\2.3.3.RELEASE\spring-boot-starter-2.3.3.RELEASE.jar;C:\Users\zaid\.m2\repository\org\springframework\boot\spring-boot\2.3.3.RELEASE\spring-boot-2.3.3.RELEASE.jar;C:\Users\zaid\.m2\repository\org\springframework\boot\spring-boot-autoconfigure\2.3.3.RELEASE\spring-boot-autoconfigure-2.3.3.RELEASE.jar;C:\Users\zaid\.m2\repository\org\springframework\boot\spring-boot-starter-logging\2.3.3.RE
Launcher Type: SUN_STANDARD

Environment Variables:
JAVA_HOME=C:\Program Files\Java\jdk1.8.0_181
JRE_HOME=C:\Program Files\Java\jre1.8.0_261
CLASSPATH=?C:\Program Files\Java\junit-4.10.jar
PATH=C:\Program Files\Java\jdk1.8.0_181\bin;C:\Program Files\Git_\cmd;C:\Program Files\Git_\mingw64\bin;C:\Program Files\Git_\usr\bin;C:\Program Files\Java\jdk1.8.0_181\bin;C:\Users\zaid\AppData\Local\Programs\Microsoft VS Code\bin;C:\Program Files\JetBrains\IntelliJ IDEA Community Edition 2020.2.1\bin;
USERNAME=zaid
OS=Windows_NT
PROCESSOR_IDENTIFIER=Intel64 Family 6 Model 61 Stepping 4, GenuineIntel



---------------  S Y S T E M  ---------------

OS: Windows 10.0 , 64 bit Build 18362 (10.0.18362.1082)

CPU:total 4 (initial active 4) (2 cores per cpu, 2 threads per core) family 6 model 61 stepping 4, cmov, cx8, fxsr, mmx, sse, sse2, sse3, ssse3, sse4.1, sse4.2, popcnt, avx, avx2, aes, clmul, erms, 3dnowpref, lzcnt, ht, tsc, tscinvbit, bmi1, bmi2, adx

Memory: 4k page, physical 4107344k(426040k free), swap 16690256k(9464k free)

vm_info: Java HotSpot(TM) 64-Bit Server VM (25.181-b13) for windows-amd64 JRE (1.8.0_181-b13), built on Jul  7 2018 04:01:33 by "java_re" with MS VC++ 10.0 (VS2010)

time: Wed Sep 16 05:04:32 2020
elapsed time: 16 seconds (0d 0h 0m 16s)

