#
# There is insufficient memory for the Java Runtime Environment to continue.
# Native memory allocation (malloc) failed to allocate 1266576 bytes for Chunk::new
# Possible reasons:
#   The system is out of physical RAM or swap space
#   In 32 bit mode, the process size limit was hit
# Possible solutions:
#   Reduce memory load on the system
#   Increase physical memory or swap space
#   Check if swap backing store is full
#   Use 64 bit Java on a 64 bit OS
#   Decrease Java heap size (-Xmx/-Xms)
#   Decrease number of Java threads
#   Decrease Java thread stack sizes (-Xss)
#   Set larger code cache with -XX:ReservedCodeCacheSize=
# This output file may be truncated or incomplete.
#
#  Out of Memory Error (allocation.cpp:390), pid=2816, tid=0x0000000000003978
#
# JRE version: Java(TM) SE Runtime Environment (8.0_181-b13) (build 1.8.0_181-b13)
# Java VM: Java HotSpot(TM) 64-Bit Server VM (25.181-b13 mixed mode windows-amd64 compressed oops)
# Failed to write core dump. Minidumps are not enabled by default on client versions of Windows
#

---------------  T H R E A D  ---------------

Current thread (0x0000000017121000):  JavaThread "C2 CompilerThread1" daemon [_thread_in_native, id=14712, stack(0x0000000017550000,0x0000000017650000)]

Stack: [0x0000000017550000,0x0000000017650000]
[error occurred during error reporting (printing stack bounds), id 0xc0000005]

Native frames: (J=compiled Java code, j=interpreted, Vv=VM code, C=native code)


Current CompileTask:
C2:  16668 4509   !   4       org.springframework.core.annotation.AnnotationsScanner::processMethodHierarchy (286 bytes)


---------------  P R O C E S S  ---------------

Java Threads: ( => current thread )
  0x000000001988a000 JavaThread "DestroyJavaVM" [_thread_blocked, id=10488, stack(0x0000000002ef0000,0x0000000002ff0000)]
  0x0000000019891000 JavaThread "http-nio-8080-Acceptor" daemon [_thread_in_native, id=2788, stack(0x0000000020790000,0x0000000020890000)]
  0x0000000019890000 JavaThread "http-nio-8080-ClientPoller" daemon [_thread_in_native, id=14880, stack(0x0000000020690000,0x0000000020790000)]
  0x000000001988f800 JavaThread "http-nio-8080-exec-10" daemon [_thread_blocked, id=12084, stack(0x0000000020590000,0x0000000020690000)]
  0x0000000019888000 JavaThread "http-nio-8080-exec-9" daemon [_thread_blocked, id=4328, stack(0x0000000020490000,0x0000000020590000)]
  0x000000001988e800 JavaThread "http-nio-8080-exec-8" daemon [_thread_blocked, id=11972, stack(0x0000000020390000,0x0000000020490000)]
  0x0000000019888800 JavaThread "http-nio-8080-exec-7" daemon [_thread_blocked, id=5144, stack(0x0000000020290000,0x0000000020390000)]
  0x0000000019887000 JavaThread "http-nio-8080-exec-6" daemon [_thread_blocked, id=14000, stack(0x0000000020190000,0x0000000020290000)]
  0x0000000019889800 JavaThread "http-nio-8080-exec-5" daemon [_thread_blocked, id=5560, stack(0x0000000020090000,0x0000000020190000)]
  0x000000001988b800 JavaThread "http-nio-8080-exec-4" daemon [_thread_blocked, id=14284, stack(0x000000001fe90000,0x000000001ff90000)]
  0x000000001988b000 JavaThread "http-nio-8080-exec-3" daemon [_thread_blocked, id=10208, stack(0x000000001fd90000,0x000000001fe90000)]
  0x000000001988e000 JavaThread "http-nio-8080-exec-2" daemon [_thread_blocked, id=9752, stack(0x000000001fc90000,0x000000001fd90000)]
  0x000000001988d000 JavaThread "http-nio-8080-exec-1" daemon [_thread_in_native_trans, id=9920, stack(0x000000001fb90000,0x000000001fc90000)]
  0x000000001988c800 JavaThread "http-nio-8080-BlockPoller" daemon [_thread_in_native, id=2844, stack(0x000000001fa90000,0x000000001fb90000)]
  0x000000001c78f800 JavaThread "cluster-ClusterId{value='5f6180040b3596416d337281', description='null'}-cluster0-shard-00-02.ookg1.mongodb.net:27017" daemon [_thread_blocked, id=6232, stack(0x000000001f390000,0x000000001f490000)]
  0x000000001c78b000 JavaThread "cluster-ClusterId{value='5f6180040b3596416d337281', description='null'}-cluster0-shard-00-00.ookg1.mongodb.net:27017" daemon [_thread_blocked, id=11092, stack(0x000000001f290000,0x000000001f390000)]
  0x000000001c78c800 JavaThread "cluster-ClusterId{value='5f6180040b3596416d337281', description='null'}-cluster0-shard-00-01.ookg1.mongodb.net:27017" daemon [_thread_blocked, id=8440, stack(0x000000001f190000,0x000000001f290000)]
  0x000000001c789800 JavaThread "cluster-ClusterId{value='5f6180040b3596416d337281', description='null'}-srv-cluster0.ookg1.mongodb.net" daemon [_thread_blocked, id=13276, stack(0x000000001ee90000,0x000000001ef90000)]
  0x000000001c78e800 JavaThread "Thread-2" daemon [_thread_in_native, id=376, stack(0x000000001dc10000,0x000000001dd10000)]
  0x000000001c78e000 JavaThread "container-0" [_thread_blocked, id=1224, stack(0x000000001d910000,0x000000001da10000)]
  0x000000001c788800 JavaThread "Catalina-utility-2" [_thread_blocked, id=11368, stack(0x000000001d810000,0x000000001d910000)]
  0x000000001c78d000 JavaThread "Catalina-utility-1" [_thread_blocked, id=3068, stack(0x00000000187d0000,0x00000000188d0000)]
  0x0000000017233800 JavaThread "Service Thread" daemon [_thread_blocked, id=9272, stack(0x0000000017750000,0x0000000017850000)]
  0x0000000017127000 JavaThread "C1 CompilerThread2" daemon [_thread_blocked, id=11460, stack(0x0000000017650000,0x0000000017750000)]
=>0x0000000017121000 JavaThread "C2 CompilerThread1" daemon [_thread_in_native, id=14712, stack(0x0000000017550000,0x0000000017650000)]
  0x0000000017120800 JavaThread "C2 CompilerThread0" daemon [_thread_in_native, id=4272, stack(0x0000000017450000,0x0000000017550000)]
  0x000000001711e800 JavaThread "Monitor Ctrl-Break" daemon [_thread_in_native, id=3620, stack(0x0000000017350000,0x0000000017450000)]
  0x000000001590a000 JavaThread "Attach Listener" daemon [_thread_blocked, id=7708, stack(0x0000000016e50000,0x0000000016f50000)]
  0x0000000015907000 JavaThread "Signal Dispatcher" daemon [_thread_blocked, id=13016, stack(0x0000000016d50000,0x0000000016e50000)]
  0x00000000158f0000 JavaThread "Finalizer" daemon [_thread_blocked, id=11140, stack(0x0000000016b50000,0x0000000016c50000)]
  0x00000000032e5000 JavaThread "Reference Handler" daemon [_thread_blocked, id=11968, stack(0x0000000016a50000,0x0000000016b50000)]

Other Threads:
  0x00000000158c9000 VMThread [stack: 0x0000000016950000,0x0000000016a50000] [id=14608]
  0x0000000017254800 WatcherThread [stack: 0x0000000017850000,0x0000000017950000] [id=13840]

VM state:not at safepoint (normal execution)

VM Mutex/Monitor currently owned by a thread: None

Heap:
 PSYoungGen      total 139264K, used 34950K [0x00000000eb180000, 0x00000000f4700000, 0x0000000100000000)
  eden space 129536K, 19% used [0x00000000eb180000,0x00000000eca25368,0x00000000f3000000)
  from space 9728K, 99% used [0x00000000f3d00000,0x00000000f467c788,0x00000000f4680000)
  to   space 11776K, 0% used [0x00000000f3000000,0x00000000f3000000,0x00000000f3b80000)
 ParOldGen       total 48128K, used 12835K [0x00000000c1400000, 0x00000000c4300000, 0x00000000eb180000)
  object space 48128K, 26% used [0x00000000c1400000,0x00000000c2088ca8,0x00000000c4300000)
 Metaspace       used 45982K, capacity 48750K, committed 48984K, reserved 1091584K
  class space    used 5690K, capacity 6185K, committed 6232K, reserved 1048576K

Card table byte_map: [0x00000000126b0000,0x00000000128b0000] byte_map_base: 0x00000000120a6000

Marking Bits: (ParMarkBitMap*) 0x0000000076842d00
 Begin Bits: [0x0000000012e00000, 0x0000000013db0000)
 End Bits:   [0x0000000013db0000, 0x0000000014d60000)

Polling page: 0x0000000000fe0000

CodeCache: size=245760Kb used=13407Kb max_used=13775Kb free=232353Kb
 bounds [0x00000000032f0000, 0x0000000004080000, 0x00000000122f0000]
 total_blobs=4442 nmethods=3960 adapters=394
 compilation: enabled

Compilation events (10 events):
Event: 16.493 Thread 0x0000000017127000 4598       3       org.eclipse.jdt.internal.compiler.util.HashtableOfInt::put (95 bytes)
Event: 16.494 Thread 0x0000000017127000 nmethod 4598 0x0000000003ab4e10 code [0x0000000003ab4fc0, 0x0000000003ab55c8]
Event: 16.494 Thread 0x0000000017127000 4597       3       java.util.ResourceBundle::getString (9 bytes)
Event: 16.494 Thread 0x0000000017127000 nmethod 4597 0x0000000003ab4850 code [0x0000000003ab49c0, 0x0000000003ab4ca8]
Event: 16.494 Thread 0x0000000017127000 4596       3       org.eclipse.jdt.internal.compiler.problem.DefaultProblemFactory::keyFromID (4 bytes)
Event: 16.494 Thread 0x0000000017127000 nmethod 4596 0x00000000035c4ad0 code [0x00000000035c4c20, 0x00000000035c4d50]
Event: 16.494 Thread 0x0000000017127000 4593       3       sun.util.ResourceBundleEnumeration::nextElement (5 bytes)
Event: 16.494 Thread 0x0000000017127000 nmethod 4593 0x0000000003738210 code [0x00000000037383a0, 0x00000000037386b8]
Event: 16.494 Thread 0x0000000017127000 4594       3       sun.util.ResourceBundleEnumeration::nextElement (27 bytes)
Event: 16.494 Thread 0x0000000017127000 nmethod 4594 0x0000000003834510 code [0x0000000003834680, 0x0000000003834938]

GC Heap History (10 events):
Event: 4.282 GC heap before
{Heap before GC invocations=8 (full 1):
 PSYoungGen      total 73216K, used 65536K [0x00000000eb180000, 0x00000000f0080000, 0x0000000100000000)
  eden space 65536K, 100% used [0x00000000eb180000,0x00000000ef180000,0x00000000ef180000)
  from space 7680K, 0% used [0x00000000ef900000,0x00000000ef900000,0x00000000f0080000)
  to   space 7680K, 0% used [0x00000000ef180000,0x00000000ef180000,0x00000000ef900000)
 ParOldGen       total 35840K, used 6536K [0x00000000c1400000, 0x00000000c3700000, 0x00000000eb180000)
  object space 35840K, 18% used [0x00000000c1400000,0x00000000c1a622b8,0x00000000c3700000)
 Metaspace       used 27265K, capacity 28788K, committed 28928K, reserved 1075200K
  class space    used 3446K, capacity 3736K, committed 3840K, reserved 1048576K
Event: 4.296 GC heap after
Heap after GC invocations=8 (full 1):
 PSYoungGen      total 73216K, used 7667K [0x00000000eb180000, 0x00000000f2180000, 0x0000000100000000)
  eden space 65536K, 0% used [0x00000000eb180000,0x00000000eb180000,0x00000000ef180000)
  from space 7680K, 99% used [0x00000000ef180000,0x00000000ef8fcdf8,0x00000000ef900000)
  to   space 9216K, 0% used [0x00000000f1880000,0x00000000f1880000,0x00000000f2180000)
 ParOldGen       total 35840K, used 7282K [0x00000000c1400000, 0x00000000c3700000, 0x00000000eb180000)
  object space 35840K, 20% used [0x00000000c1400000,0x00000000c1b1cb08,0x00000000c3700000)
 Metaspace       used 27265K, capacity 28788K, committed 28928K, reserved 1075200K
  class space    used 3446K, capacity 3736K, committed 3840K, reserved 1048576K
}
Event: 5.295 GC heap before
{Heap before GC invocations=9 (full 1):
 PSYoungGen      total 73216K, used 73203K [0x00000000eb180000, 0x00000000f2180000, 0x0000000100000000)
  eden space 65536K, 100% used [0x00000000eb180000,0x00000000ef180000,0x00000000ef180000)
  from space 7680K, 99% used [0x00000000ef180000,0x00000000ef8fcdf8,0x00000000ef900000)
  to   space 9216K, 0% used [0x00000000f1880000,0x00000000f1880000,0x00000000f2180000)
 ParOldGen       total 35840K, used 7282K [0x00000000c1400000, 0x00000000c3700000, 0x00000000eb180000)
  object space 35840K, 20% used [0x00000000c1400000,0x00000000c1b1cb08,0x00000000c3700000)
 Metaspace       used 33241K, capacity 35258K, committed 35416K, reserved 1079296K
  class space    used 4257K, capacity 4617K, committed 4696K, reserved 1048576K
Event: 5.308 GC heap after
Heap after GC invocations=9 (full 1):
 PSYoungGen      total 104448K, used 8835K [0x00000000eb180000, 0x00000000f2280000, 0x0000000100000000)
  eden space 95232K, 0% used [0x00000000eb180000,0x00000000eb180000,0x00000000f0e80000)
  from space 9216K, 95% used [0x00000000f1880000,0x00000000f2120d68,0x00000000f2180000)
  to   space 10240K, 0% used [0x00000000f0e80000,0x00000000f0e80000,0x00000000f1880000)
 ParOldGen       total 35840K, used 7354K [0x00000000c1400000, 0x00000000c3700000, 0x00000000eb180000)
  object space 35840K, 20% used [0x00000000c1400000,0x00000000c1b2eb18,0x00000000c3700000)
 Metaspace       used 33241K, capacity 35258K, committed 35416K, reserved 1079296K
  class space    used 4257K, capacity 4617K, committed 4696K, reserved 1048576K
}
Event: 5.397 GC heap before
{Heap before GC invocations=10 (full 1):
 PSYoungGen      total 104448K, used 15681K [0x00000000eb180000, 0x00000000f2280000, 0x0000000100000000)
  eden space 95232K, 7% used [0x00000000eb180000,0x00000000eb82f7e8,0x00000000f0e80000)
  from space 9216K, 95% used [0x00000000f1880000,0x00000000f2120d68,0x00000000f2180000)
  to   space 10240K, 0% used [0x00000000f0e80000,0x00000000f0e80000,0x00000000f1880000)
 ParOldGen       total 35840K, used 7354K [0x00000000c1400000, 0x00000000c3700000, 0x00000000eb180000)
  object space 35840K, 20% used [0x00000000c1400000,0x00000000c1b2eb18,0x00000000c3700000)
 Metaspace       used 33362K, capacity 35322K, committed 35416K, reserved 1079296K
  class space    used 4272K, capacity 4625K, committed 4696K, reserved 1048576K
Event: 5.406 GC heap after
Heap after GC invocations=10 (full 1):
 PSYoungGen      total 105472K, used 5838K [0x00000000eb180000, 0x00000000f4680000, 0x0000000100000000)
  eden space 95232K, 0% used [0x00000000eb180000,0x00000000eb180000,0x00000000f0e80000)
  from space 10240K, 57% used [0x00000000f0e80000,0x00000000f14339a0,0x00000000f1880000)
  to   space 9728K, 0% used [0x00000000f3d00000,0x00000000f3d00000,0x00000000f4680000)
 ParOldGen       total 35840K, used 7362K [0x00000000c1400000, 0x00000000c3700000, 0x00000000eb180000)
  object space 35840K, 20% used [0x00000000c1400000,0x00000000c1b30b18,0x00000000c3700000)
 Metaspace       used 33362K, capacity 35322K, committed 35416K, reserved 1079296K
  class space    used 4272K, capacity 4625K, committed 4696K, reserved 1048576K
}
Event: 5.406 GC heap before
{Heap before GC invocations=11 (full 2):
 PSYoungGen      total 105472K, used 5838K [0x00000000eb180000, 0x00000000f4680000, 0x0000000100000000)
  eden space 95232K, 0% used [0x00000000eb180000,0x00000000eb180000,0x00000000f0e80000)
  from space 10240K, 57% used [0x00000000f0e80000,0x00000000f14339a0,0x00000000f1880000)
  to   space 9728K, 0% used [0x00000000f3d00000,0x00000000f3d00000,0x00000000f4680000)
 ParOldGen       total 35840K, used 7362K [0x00000000c1400000, 0x00000000c3700000, 0x00000000eb180000)
  object space 35840K, 20% used [0x00000000c1400000,0x00000000c1b30b18,0x00000000c3700000)
 Metaspace       used 33362K, capacity 35322K, committed 35416K, reserved 1079296K
  class space    used 4272K, capacity 4625K, committed 4696K, reserved 1048576K
Event: 5.452 GC heap after
Heap after GC invocations=11 (full 2):
 PSYoungGen      total 105472K, used 0K [0x00000000eb180000, 0x00000000f4680000, 0x0000000100000000)
  eden space 95232K, 0% used [0x00000000eb180000,0x00000000eb180000,0x00000000f0e80000)
  from space 10240K, 0% used [0x00000000f0e80000,0x00000000f0e80000,0x00000000f1880000)
  to   space 9728K, 0% used [0x00000000f3d00000,0x00000000f3d00000,0x00000000f4680000)
 ParOldGen       total 48128K, used 10657K [0x00000000c1400000, 0x00000000c4300000, 0x00000000eb180000)
  object space 48128K, 22% used [0x00000000c1400000,0x00000000c1e68458,0x00000000c4300000)
 Metaspace       used 33362K, capacity 35322K, committed 35416K, reserved 1079296K
  class space    used 4272K, capacity 4625K, committed 4696K, reserved 1048576K
}
Event: 16.233 GC heap before
{Heap before GC invocations=12 (full 2):
 PSYoungGen      total 105472K, used 95232K [0x00000000eb180000, 0x00000000f4680000, 0x0000000100000000)
  eden space 95232K, 100% used [0x00000000eb180000,0x00000000f0e80000,0x00000000f0e80000)
  from space 10240K, 0% used [0x00000000f0e80000,0x00000000f0e80000,0x00000000f1880000)
  to   space 9728K, 0% used [0x00000000f3d00000,0x00000000f3d00000,0x00000000f4680000)
 ParOldGen       total 48128K, used 10657K [0x00000000c1400000, 0x00000000c4300000, 0x00000000eb180000)
  object space 48128K, 22% used [0x00000000c1400000,0x00000000c1e68458,0x00000000c4300000)
 Metaspace       used 42132K, capacity 44846K, committed 45144K, reserved 1089536K
  class space    used 5404K, capacity 5865K, committed 5976K, reserved 1048576K
Event: 16.255 GC heap after
Heap after GC invocations=12 (full 2):
 PSYoungGen      total 139264K, used 9713K [0x00000000eb180000, 0x00000000f4700000, 0x0000000100000000)
  eden space 129536K, 0% used [0x00000000eb180000,0x00000000eb180000,0x00000000f3000000)
  from space 9728K, 99% used [0x00000000f3d00000,0x00000000f467c788,0x00000000f4680000)
  to   space 11776K, 0% used [0x00000000f3000000,0x00000000f3000000,0x00000000f3b80000)
 ParOldGen       total 48128K, used 12835K [0x00000000c1400000, 0x00000000c4300000, 0x00000000eb180000)
  object space 48128K, 26% used [0x00000000c1400000,0x00000000c2088ca8,0x00000000c4300000)
 Metaspace       used 42132K, capacity 44846K, committed 45144K, reserved 1089536K
  class space    used 5404K, capacity 5865K, committed 5976K, reserved 1048576K
}

Deoptimization events (10 events):
Event: 6.536 Thread 0x00000000031f4800 Uncommon trap: reason=class_check action=maybe_recompile pc=0x00000000036782bc method=org.springframework.boot.context.properties.source.ConfigurationPropertyName$Elements.charAt(II)C @ 43
Event: 6.536 Thread 0x00000000031f4800 Uncommon trap: reason=class_check action=maybe_recompile pc=0x00000000036782bc method=org.springframework.boot.context.properties.source.ConfigurationPropertyName$Elements.charAt(II)C @ 43
Event: 6.650 Thread 0x00000000031f4800 Uncommon trap: reason=unstable_if action=reinterpret pc=0x00000000037e0a50 method=java.util.concurrent.ConcurrentHashMap.get(Ljava/lang/Object;)Ljava/lang/Object; @ 86
Event: 6.684 Thread 0x000000001c78c800 Uncommon trap: reason=bimorphic action=maybe_recompile pc=0x00000000036b6ff0 method=java.util.Hashtable.get(Ljava/lang/Object;)Ljava/lang/Object; @ 45
Event: 6.686 Thread 0x000000001c78f800 Uncommon trap: reason=bimorphic action=maybe_recompile pc=0x00000000036b6ff0 method=java.util.Hashtable.get(Ljava/lang/Object;)Ljava/lang/Object; @ 45
Event: 7.309 Thread 0x00000000031f4800 Uncommon trap: reason=predicate action=maybe_recompile pc=0x0000000003f8f964 method=java.util.regex.Pattern$SliceI.match(Ljava/util/regex/Matcher;ILjava/lang/CharSequence;)Z @ 21
Event: 7.733 Thread 0x00000000031f4800 Uncommon trap: reason=bimorphic action=maybe_recompile pc=0x00000000036b6ff0 method=java.util.Hashtable.get(Ljava/lang/Object;)Ljava/lang/Object; @ 45
Event: 8.144 Thread 0x00000000031f4800 Uncommon trap: reason=unstable_if action=reinterpret pc=0x0000000003599e84 method=sun.nio.cs.UTF_8$Decoder.decode([BII[C)I @ 30
Event: 8.388 Thread 0x00000000031f4800 Uncommon trap: reason=unstable_if action=reinterpret pc=0x00000000040312a8 method=com.sun.crypto.provider.HmacCore.engineUpdate([BII)V @ 5
Event: 16.128 Thread 0x000000001988d000 Uncommon trap: reason=unstable_if action=reinterpret pc=0x0000000003fd5e84 method=org.springframework.beans.factory.support.AbstractBeanFactory.isTypeMatch(Ljava/lang/String;Lorg/springframework/core/ResolvableType;Z)Z @ 34

Classes redefined (0 events):
No events

Internal exceptions (10 events):
Event: 5.967 Thread 0x00000000031f4800 Exception <a 'java/lang/ClassNotFoundException': org/springframework/context/ResourceLoaderAwareCustomizer> (0x00000000ed5e2f38) thrown at [C:\re\workspace\8-2-build-windows-amd64-cygwin\jdk8u181\11358\hotspot\src\share\vm\classfile\systemDictionary.cpp, 
Event: 5.968 Thread 0x00000000031f4800 Exception <a 'java/lang/ClassNotFoundException': org/springframework/beans/factory/AwareCustomizer> (0x00000000ed5f18c0) thrown at [C:\re\workspace\8-2-build-windows-amd64-cygwin\jdk8u181\11358\hotspot\src\share\vm\classfile\systemDictionary.cpp, line 210
Event: 5.969 Thread 0x00000000031f4800 Exception <a 'java/lang/ClassNotFoundException': org/springframework/context/ApplicationContextAwareCustomizer> (0x00000000ed6015f0) thrown at [C:\re\workspace\8-2-build-windows-amd64-cygwin\jdk8u181\11358\hotspot\src\share\vm\classfile\systemDictionary.c
Event: 5.969 Thread 0x00000000031f4800 Exception <a 'java/lang/ClassNotFoundException': org/springframework/beans/factory/AwareCustomizer> (0x00000000ed610590) thrown at [C:\re\workspace\8-2-build-windows-amd64-cygwin\jdk8u181\11358\hotspot\src\share\vm\classfile\systemDictionary.cpp, line 210
Event: 5.970 Thread 0x00000000031f4800 Exception <a 'java/lang/ClassNotFoundException': org/springframework/web/context/ServletContextAwareCustomizer> (0x00000000ed620250) thrown at [C:\re\workspace\8-2-build-windows-amd64-cygwin\jdk8u181\11358\hotspot\src\share\vm\classfile\systemDictionary.c
Event: 5.970 Thread 0x00000000031f4800 Exception <a 'java/lang/ClassNotFoundException': org/springframework/beans/factory/AwareCustomizer> (0x00000000ed62ec60) thrown at [C:\re\workspace\8-2-build-windows-amd64-cygwin\jdk8u181\11358\hotspot\src\share\vm\classfile\systemDictionary.cpp, line 210
Event: 5.970 Thread 0x00000000031f4800 Implicit null exception at 0x0000000003a9f4cc to 0x0000000003a9f641
Event: 6.380 Thread 0x00000000031f4800 Exception <a 'java/lang/IncompatibleClassChangeError': Found class java.lang.Object, but interface was expected> (0x00000000eed72f40) thrown at [C:\re\workspace\8-2-build-windows-amd64-cygwin\jdk8u181\11358\hotspot\src\share\vm\interpreter\linkResolver.cp
Event: 8.607 Thread 0x00000000031f4800 Exception <a 'java/lang/NoSuchMethodError': java.lang.Object.lambda$comparingInt$7b0bb60$1(Ljava/util/function/ToIntFunction;Ljava/lang/Object;Ljava/lang/Object;)I> (0x00000000f02eb0c0) thrown at [C:\re\workspace\8-2-build-windows-amd64-cygwin\jdk8u181\11
Event: 16.193 Thread 0x000000001988d000 Exception <a 'java/lang/NoSuchMethodError': java.lang.Object.lambda$thenComparing$36697e65$1(Ljava/util/Comparator;Ljava/lang/Object;Ljava/lang/Object;)I> (0x00000000f0d11860) thrown at [C:\re\workspace\8-2-build-windows-amd64-cygwin\jdk8u181\11358\hotspo

Events (10 events):
Event: 16.660 loading class org/eclipse/jdt/internal/compiler/ast/Initializer
Event: 16.660 loading class org/eclipse/jdt/internal/compiler/ast/Initializer done
Event: 16.662 loading class org/eclipse/jdt/internal/compiler/ast/CastExpression
Event: 16.662 loading class org/eclipse/jdt/internal/compiler/ast/CastExpression done
Event: 16.663 loading class org/eclipse/jdt/internal/compiler/ast/AssertStatement
Event: 16.663 loading class org/eclipse/jdt/internal/compiler/ast/AssertStatement done
Event: 16.664 loading class org/eclipse/jdt/internal/compiler/ast/ArrayReference
Event: 16.664 loading class org/eclipse/jdt/internal/compiler/ast/ArrayReference done
Event: 16.664 loading class org/eclipse/jdt/internal/compiler/ast/Argument
Event: 16.664 loading class org/eclipse/jdt/internal/compiler/ast/Argument done


Dynamic libraries:
0x00007ff783cd0000 - 0x00007ff783d07000 	C:\Program Files\Java\jdk1.8.0_181\bin\java.exe
0x00007ffa92100000 - 0x00007ffa922f0000 	C:\WINDOWS\SYSTEM32\ntdll.dll
0x00007ffa909e0000 - 0x00007ffa90a92000 	C:\WINDOWS\System32\KERNEL32.DLL
0x00007ffa8fba0000 - 0x00007ffa8fe45000 	C:\WINDOWS\System32\KERNELBASE.dll
0x00007ffa91370000 - 0x00007ffa91413000 	C:\WINDOWS\System32\ADVAPI32.dll
0x00007ffa91420000 - 0x00007ffa914be000 	C:\WINDOWS\System32\msvcrt.dll
0x00007ffa905a0000 - 0x00007ffa90637000 	C:\WINDOWS\System32\sechost.dll
0x00007ffa91250000 - 0x00007ffa91370000 	C:\WINDOWS\System32\RPCRT4.dll
0x00007ffa90640000 - 0x00007ffa907d5000 	C:\WINDOWS\System32\USER32.dll
0x00007ffa8f3f0000 - 0x00007ffa8f411000 	C:\WINDOWS\System32\win32u.dll
0x00007ffa907f0000 - 0x00007ffa90816000 	C:\WINDOWS\System32\GDI32.dll
0x00007ffa8f250000 - 0x00007ffa8f3e6000 	C:\WINDOWS\System32\gdi32full.dll
0x00007ffa900b0000 - 0x00007ffa9014e000 	C:\WINDOWS\System32\msvcp_win.dll
0x00007ffa8ff00000 - 0x00007ffa8fffa000 	C:\WINDOWS\System32\ucrtbase.dll
0x00007ffa7ea80000 - 0x00007ffa7ed04000 	C:\WINDOWS\WinSxS\amd64_microsoft.windows.common-controls_6595b64144ccf1df_6.0.18362.1082_none_9e8193e1e45b25c1\COMCTL32.dll
0x00007ffa91bb0000 - 0x00007ffa91ee5000 	C:\WINDOWS\System32\combase.dll
0x00007ffa8fe80000 - 0x00007ffa8ff00000 	C:\WINDOWS\System32\bcryptPrimitives.dll
0x00007ffa91ef0000 - 0x00007ffa91f1e000 	C:\WINDOWS\System32\IMM32.DLL
0x00000000771c0000 - 0x0000000077292000 	C:\Program Files\Java\jdk1.8.0_181\jre\bin\msvcr100.dll
0x0000000076020000 - 0x00000000768c2000 	C:\Program Files\Java\jdk1.8.0_181\jre\bin\server\jvm.dll
0x00007ffa92000000 - 0x00007ffa92008000 	C:\WINDOWS\System32\PSAPI.DLL
0x00007ffa8d120000 - 0x00007ffa8d129000 	C:\WINDOWS\SYSTEM32\WSOCK32.dll
0x00007ffa90c50000 - 0x00007ffa90cbf000 	C:\WINDOWS\System32\WS2_32.dll
0x00007ffa8cfe0000 - 0x00007ffa8d004000 	C:\WINDOWS\SYSTEM32\WINMM.dll
0x00007ffa80bc0000 - 0x00007ffa80bca000 	C:\WINDOWS\SYSTEM32\VERSION.dll
0x00007ffa8cfb0000 - 0x00007ffa8cfdd000 	C:\WINDOWS\SYSTEM32\winmmbase.dll
0x00007ffa8f090000 - 0x00007ffa8f0da000 	C:\WINDOWS\System32\cfgmgr32.dll
0x00000000771b0000 - 0x00000000771bf000 	C:\Program Files\Java\jdk1.8.0_181\jre\bin\verify.dll
0x0000000077180000 - 0x00000000771a9000 	C:\Program Files\Java\jdk1.8.0_181\jre\bin\java.dll
0x00000000770f0000 - 0x0000000077113000 	C:\Program Files\Java\jdk1.8.0_181\jre\bin\instrument.dll
0x0000000077160000 - 0x0000000077176000 	C:\Program Files\Java\jdk1.8.0_181\jre\bin\zip.dll
0x00007ffa914c0000 - 0x00007ffa91ba7000 	C:\WINDOWS\System32\SHELL32.dll
0x00007ffa92010000 - 0x00007ffa920b9000 	C:\WINDOWS\System32\shcore.dll
0x00007ffa8f420000 - 0x00007ffa8fba0000 	C:\WINDOWS\System32\windows.storage.dll
0x00007ffa8f040000 - 0x00007ffa8f063000 	C:\WINDOWS\System32\profapi.dll
0x00007ffa8efd0000 - 0x00007ffa8f01a000 	C:\WINDOWS\System32\powrprof.dll
0x00007ffa8efc0000 - 0x00007ffa8efd0000 	C:\WINDOWS\System32\UMPDC.dll
0x00007ffa91fa0000 - 0x00007ffa91ff2000 	C:\WINDOWS\System32\shlwapi.dll
0x00007ffa8f020000 - 0x00007ffa8f031000 	C:\WINDOWS\System32\kernel.appcore.dll
0x00007ffa8f0e0000 - 0x00007ffa8f0f7000 	C:\WINDOWS\System32\cryptsp.dll
0x00007ffa85f60000 - 0x00007ffa85f7a000 	C:\Program Files\JetBrains\IntelliJ IDEA Community Edition 2020.2.1\bin\breakgen64.dll
0x0000000077140000 - 0x000000007715a000 	C:\Program Files\Java\jdk1.8.0_181\jre\bin\net.dll
0x00007ffa8e7b0000 - 0x00007ffa8e817000 	C:\WINDOWS\system32\mswsock.dll
0x00000000770e0000 - 0x00000000770ed000 	C:\Program Files\Java\jdk1.8.0_181\jre\bin\management.dll
0x00007ffa7a0e0000 - 0x00007ffa7a0f6000 	C:\WINDOWS\system32\napinsp.dll
0x00007ffa79c50000 - 0x00007ffa79c6a000 	C:\WINDOWS\system32\pnrpnsp.dll
0x00007ffa8e500000 - 0x00007ffa8e5cb000 	C:\WINDOWS\SYSTEM32\DNSAPI.dll
0x00007ffa907e0000 - 0x00007ffa907e8000 	C:\WINDOWS\System32\NSI.dll
0x00007ffa8e4c0000 - 0x00007ffa8e4fa000 	C:\WINDOWS\SYSTEM32\IPHLPAPI.DLL
0x00007ffa7b9b0000 - 0x00007ffa7b9be000 	C:\WINDOWS\System32\winrnr.dll
0x00007ffa8b7f0000 - 0x00007ffa8b80c000 	C:\WINDOWS\system32\NLAapi.dll
0x00007ffa8a3d0000 - 0x00007ffa8a3e5000 	C:\WINDOWS\system32\wshbth.dll
0x00007ffa81ec0000 - 0x00007ffa81eca000 	C:\Windows\System32\rasadhlp.dll
0x00007ffa860c0000 - 0x00007ffa86137000 	C:\WINDOWS\System32\fwpuclnt.dll
0x00007ffa8fe50000 - 0x00007ffa8fe76000 	C:\WINDOWS\System32\bcrypt.dll
0x0000000077120000 - 0x0000000077131000 	C:\Program Files\Java\jdk1.8.0_181\jre\bin\nio.dll
0x00007ffa8e320000 - 0x00007ffa8e353000 	C:\WINDOWS\system32\rsaenh.dll
0x00007ffa8eee0000 - 0x00007ffa8ef05000 	C:\WINDOWS\SYSTEM32\USERENV.dll
0x00007ffa8e980000 - 0x00007ffa8e98c000 	C:\WINDOWS\SYSTEM32\CRYPTBASE.dll
0x00007ffa86ea0000 - 0x00007ffa86eb6000 	C:\WINDOWS\SYSTEM32\dhcpcsvc6.DLL
0x00007ffa86ed0000 - 0x00007ffa86eec000 	C:\WINDOWS\SYSTEM32\dhcpcsvc.DLL
0x00000000770b0000 - 0x00000000770d4000 	C:\Program Files\Java\jdk1.8.0_181\jre\bin\sunec.dll
0x00000000770a0000 - 0x00000000770ab000 	C:\Program Files\Java\jdk1.8.0_181\jre\bin\sunmscapi.dll
0x00007ffa8f100000 - 0x00007ffa8f249000 	C:\WINDOWS\System32\CRYPT32.dll
0x00007ffa8f070000 - 0x00007ffa8f082000 	C:\WINDOWS\System32\MSASN1.dll

VM Arguments:
jvm_args: -javaagent:C:\Program Files\JetBrains\IntelliJ IDEA Community Edition 2020.2.1\lib\idea_rt.jar=59947:C:\Program Files\JetBrains\IntelliJ IDEA Community Edition 2020.2.1\bin -Dfile.encoding=UTF-8 
java_command: com.hobbyHub.HobbyHubApplication
java_class_path (initial): C:\Program Files\Java\jdk1.8.0_181\jre\lib\charsets.jar;C:\Program Files\Java\jdk1.8.0_181\jre\lib\deploy.jar;C:\Program Files\Java\jdk1.8.0_181\jre\lib\ext\access-bridge-64.jar;C:\Program Files\Java\jdk1.8.0_181\jre\lib\ext\cldrdata.jar;C:\Program Files\Java\jdk1.8.0_181\jre\lib\ext\dnsns.jar;C:\Program Files\Java\jdk1.8.0_181\jre\lib\ext\jaccess.jar;C:\Program Files\Java\jdk1.8.0_181\jre\lib\ext\jfxrt.jar;C:\Program Files\Java\jdk1.8.0_181\jre\lib\ext\localedata.jar;C:\Program Files\Java\jdk1.8.0_181\jre\lib\ext\nashorn.jar;C:\Program Files\Java\jdk1.8.0_181\jre\lib\ext\sunec.jar;C:\Program Files\Java\jdk1.8.0_181\jre\lib\ext\sunjce_provider.jar;C:\Program Files\Java\jdk1.8.0_181\jre\lib\ext\sunmscapi.jar;C:\Program Files\Java\jdk1.8.0_181\jre\lib\ext\sunpkcs11.jar;C:\Program Files\Java\jdk1.8.0_181\jre\lib\ext\zipfs.jar;C:\Program Files\Java\jdk1.8.0_181\jre\lib\javaws.jar;C:\Program Files\Java\jdk1.8.0_181\jre\lib\jce.jar;C:\Program Files\Java\jdk1.8.0_181\jre\lib\jfr.jar;C:\Program Files\Java\jdk1.8.0_181\jre\lib\jfxswt.jar;C:\Program Files\Java\jdk1.8.0_181\jre\lib\jsse.jar;C:\Program Files\Java\jdk1.8.0_181\jre\lib\management-agent.jar;C:\Program Files\Java\jdk1.8.0_181\jre\lib\plugin.jar;C:\Program Files\Java\jdk1.8.0_181\jre\lib\resources.jar;C:\Program Files\Java\jdk1.8.0_181\jre\lib\rt.jar;C:\Users\zaid\IdeaProjects\HobbyHub\target\classes;C:\Users\zaid\.m2\repository\org\springframework\boot\spring-boot-starter-web\2.3.3.RELEASE\spring-boot-starter-web-2.3.3.RELEASE.jar;C:\Users\zaid\.m2\repository\org\springframework\boot\spring-boot-starter\2.3.3.RELEASE\spring-boot-starter-2.3.3.RELEASE.jar;C:\Users\zaid\.m2\repository\org\springframework\boot\spring-boot\2.3.3.RELEASE\spring-boot-2.3.3.RELEASE.jar;C:\Users\zaid\.m2\repository\org\springframework\boot\spring-boot-autoconfigure\2.3.3.RELEASE\spring-boot-autoconfigure-2.3.3.RELEASE.jar;C:\Users\zaid\.m2\repository\org\springframework\boot\spring-boot-starter-logging\2.3.3.RE
Launcher Type: SUN_STANDARD

Environment Variables:
JAVA_HOME=C:\Program Files\Java\jdk1.8.0_181
JRE_HOME=C:\Program Files\Java\jre1.8.0_261
CLASSPATH=?C:\Program Files\Java\junit-4.10.jar
PATH=C:\Program Files\Java\jdk1.8.0_181\bin;C:\Program Files\Git_\cmd;C:\Program Files\Git_\mingw64\bin;C:\Program Files\Git_\usr\bin;C:\Program Files\Java\jdk1.8.0_181\bin;C:\Users\zaid\AppData\Local\Programs\Microsoft VS Code\bin;C:\Program Files\JetBrains\IntelliJ IDEA Community Edition 2020.2.1\bin;
USERNAME=zaid
OS=Windows_NT
PROCESSOR_IDENTIFIER=Intel64 Family 6 Model 61 Stepping 4, GenuineIntel



---------------  S Y S T E M  ---------------

OS: Windows 10.0 , 64 bit Build 18362 (10.0.18362.1082)

CPU:total 4 (initial active 4) (2 cores per cpu, 2 threads per core) family 6 model 61 stepping 4, cmov, cx8, fxsr, mmx, sse, sse2, sse3, ssse3, sse4.1, sse4.2, popcnt, avx, avx2, aes, clmul, erms, 3dnowpref, lzcnt, ht, tsc, tscinvbit, bmi1, bmi2, adx

Memory: 4k page, physical 4107344k(348584k free), swap 16690256k(5804k free)

vm_info: Java HotSpot(TM) 64-Bit Server VM (25.181-b13) for windows-amd64 JRE (1.8.0_181-b13), built on Jul  7 2018 04:01:33 by "java_re" with MS VC++ 10.0 (VS2010)

time: Wed Sep 16 06:01:36 2020
elapsed time: 16 seconds (0d 0h 0m 16s)

